【登录信息】
*fb01c381ae259b6016f634d837caf832*
`登陆天数: 614天 / 1238天
等级: 152
石头: 309
呼符: 4
体力: 163.60666666666665 / 142
友情点: 610 / 174612600`
*連続ログイン5日目
※ログインが途切れるか、7日到達すると
1日目から再開されます*
`叡智の業火 X 2
8月交換券(2023) X 1
`*サーヴァント・サマー・フェスティバル2023！開幕記念 ログインボーナス*
*開催期間中、1日1回 最大21回ログインボーナスをプレゼント！*
`白銀の果実 X 1
`_2023-08-21 01:51:09_
--------
*d7d817068dd79c14d5fa0fc2d8de9d8c*
`登陆天数: 5天 / 1187天
等级: 139
石头: 1
呼符: 1
体力: 30409.046666666665 / 140
友情点: 10 / 5618610`
*連続ログイン5日目
※ログインが途切れるか、7日到達すると
1日目から再開されます*
`叡智の業火 X 2
8月交換券(2023) X 1
`*サーヴァント・サマー・フェスティバル2023！開幕記念 ログインボーナス*
*開催期間中、1日1回 最大21回ログインボーナスをプレゼント！*
`白銀の果実 X 1
`_2023-08-21 01:51:18_
--------
