【登录信息】
*fb01c381ae259b6016f634d837caf832*
`登陆天数: 615天 / 1239天
等级: 152
石头: 309
呼符: 4
体力: 73.34 / 142
友情点: 325 / 174610000`
*連続ログイン6日目
※ログインが途切れるか、7日到達すると
1日目から再開されます*
`聖晶石 X 2
8月交換券(2023) X 1
`*サーヴァント・サマー・フェスティバル2023！開幕記念 ログインボーナス*
*開催期間中、1日1回 最大21回ログインボーナスをプレゼント！*
`白銀の果実 X 1
`_2023-08-21 19:36:59_
--------
*d7d817068dd79c14d5fa0fc2d8de9d8c*
`登陆天数: 6天 / 1188天
等级: 139
石头: 1
呼符: 1
体力: 30622.213333333333 / 140
友情点: 20 / 5618630`
*連続ログイン6日目
※ログインが途切れるか、7日到達すると
1日目から再開されます*
`聖晶石 X 2
8月交換券(2023) X 1
`*サーヴァント・サマー・フェスティバル2023！開幕記念 ログインボーナス*
*開催期間中、1日1回 最大21回ログインボーナスをプレゼント！*
`白銀の果実 X 1
`_2023-08-21 19:37:08_
--------
