【登录信息】
*fb01c381ae259b6016f634d837caf832*
`登陆天数: 616天 / 1240天
等级: 152
石头: 311
呼符: 4
体力: 76.32 / 142
友情点: 625 / 174612020`
*連続ログイン7日間到達おめでとうございます！
明日は1日目からリスタートされます。*
`獣の足跡 X 1
呼符 X 1
8月交換券(2023) X 1
`*サーヴァント・サマー・フェスティバル2023！開幕記念 ログインボーナス*
*開催期間中、1日1回 最大21回ログインボーナスをプレゼント！*
`白銀の果実 X 1
`_2023-08-22 19:36:53_
--------
*d7d817068dd79c14d5fa0fc2d8de9d8c*
`登陆天数: 7天 / 1189天
等级: 139
石头: 3
呼符: 1
体力: 224.03333333333333 / 140
友情点: 40 / 5626770`
*連続ログイン7日間到達おめでとうございます！
明日は1日目からリスタートされます。*
`獣の足跡 X 1
呼符 X 1
8月交換券(2023) X 1
`*サーヴァント・サマー・フェスティバル2023！開幕記念 ログインボーナス*
*開催期間中、1日1回 最大21回ログインボーナスをプレゼント！*
`白銀の果実 X 1
`_2023-08-22 19:37:02_
--------
