【登录信息】
*fb01c381ae259b6016f634d837caf832*
`登陆天数: 617天 / 1241天
等级: 152
石头: 311
呼符: 5
体力: 80.86333333333334 / 142
友情点: 175 / 174613420`
*連続ログイン1日目
※ログインが途切れるか、7日到達すると
1日目から再開されます*
`フレンドポイント X 2000
8月交換券(2023) X 1
`*サーヴァント・サマー・フェスティバル2023！開幕記念 ログインボーナス*
*開催期間中、1日1回 最大21回ログインボーナスをプレゼント！*
`白銀の果実 X 1
`_2023-08-23 19:36:35_
--------
*d7d817068dd79c14d5fa0fc2d8de9d8c*
`登陆天数: 8天 / 1190天
等级: 139
石头: 3
呼符: 1
体力: 511.97333333333336 / 140
友情点: 120 / 5626890`
*連続ログイン1日目
※ログインが途切れるか、7日到達すると
1日目から再開されます*
`フレンドポイント X 2000
8月交換券(2023) X 1
`*サーヴァント・サマー・フェスティバル2023！開幕記念 ログインボーナス*
*開催期間中、1日1回 最大21回ログインボーナスをプレゼント！*
`黄金の果実 X 1
`_2023-08-23 19:36:44_
--------
