【登录信息】
*fb01c381ae259b6016f634d837caf832*
`登陆天数: 618天 / 1242天
等级: 152
石头: 311
呼符: 5
体力: 80.27333333333334 / 142
友情点: 600 / 174615595`
*連続ログイン2日目
※ログインが途切れるか、7日到達すると
1日目から再開されます*
`聖晶石 X 1
8月交換券(2023) X 1
`*サーヴァント・サマー・フェスティバル2023！開幕記念 ログインボーナス*
*開催期間中、1日1回 最大21回ログインボーナスをプレゼント！*
`黄金の果実 X 1
`_2023-08-24 19:36:48_
--------
*d7d817068dd79c14d5fa0fc2d8de9d8c*
`登陆天数: 9天 / 1191天
等级: 139
石头: 3
呼符: 1
体力: 800.0166666666667 / 140
友情点: 10 / 5626900`
*連続ログイン2日目
※ログインが途切れるか、7日到達すると
1日目から再開されます*
`聖晶石 X 1
8月交換券(2023) X 1
`*サーヴァント・サマー・フェスティバル2023！開幕記念 ログインボーナス*
*開催期間中、1日1回 最大21回ログインボーナスをプレゼント！*
`白銀の果実 X 1
`_2023-08-24 19:36:57_
--------
