【登录信息】
*fb01c381ae259b6016f634d837caf832*
`登陆天数: 619天 / 1243天
等级: 152
石头: 312
呼符: 5
体力: 88.2 / 142
友情点: 150 / 174619630`
*連続ログイン3日目
※ログインが途切れるか、7日到達すると
1日目から再開されます*
`叡智の業火 X 1
8月交換券(2023) X 1
`*サーヴァント・サマー・フェスティバル2023！開幕記念 ログインボーナス*
*開催期間中、1日1回 最大21回ログインボーナスをプレゼント！*
`白銀の果実 X 1
`_2023-08-25 19:36:27_
--------
*d7d817068dd79c14d5fa0fc2d8de9d8c*
`登陆天数: 10天 / 1192天
等级: 139
石头: 3
呼符: 1
体力: 1087.9466666666667 / 140
友情点: 70 / 5626970`
*連続ログイン3日目
※ログインが途切れるか、7日到達すると
1日目から再開されます*
`叡智の業火 X 1
8月交換券(2023) X 1
`*サーヴァント・サマー・フェスティバル2023！開幕記念 ログインボーナス*
*開催期間中、1日1回 最大21回ログインボーナスをプレゼント！*
`白銀の果実 X 1
`_2023-08-25 19:36:36_
--------
