【登录信息】
*fb01c381ae259b6016f634d837caf832*
`登陆天数: 621天 / 1245天
等级: 152
石头: 319
呼符: 5
体力: 59.44666666666667 / 142
友情点: 700 / 174626690`
*連続ログイン5日目
※ログインが途切れるか、7日到達すると
1日目から再開されます*
`叡智の業火 X 2
8月交換券(2023) X 1
`*サーヴァント・サマー・フェスティバル2023！開幕記念 ログインボーナス*
*開催期間中、1日1回 最大21回ログインボーナスをプレゼント！*
`白銀の果実 X 1
`_2023-08-27 19:36:45_
--------
*d7d817068dd79c14d5fa0fc2d8de9d8c*
`登陆天数: 12天 / 1194天
等级: 139
石头: 3
呼符: 1
体力: 592.04 / 140
友情点: 0 / 5627090`
*連続ログイン5日目
※ログインが途切れるか、7日到達すると
1日目から再開されます*
`叡智の業火 X 2
8月交換券(2023) X 1
`*サーヴァント・サマー・フェスティバル2023！開幕記念 ログインボーナス*
*開催期間中、1日1回 最大21回ログインボーナスをプレゼント！*
`白銀の果実 X 1
`_2023-08-27 19:36:54_
--------
