【登录信息】
*fb01c381ae259b6016f634d837caf832*
`登陆天数: 623天 / 1247天
等级: 152
石头: 291
呼符: 5
体力: 77.82333333333334 / 142
友情点: 300 / 174631440`
*連続ログイン7日間到達おめでとうございます！
明日は1日目からリスタートされます。*
`獣の足跡 X 1
呼符 X 1
8月交換券(2023) X 1
`*サーヴァント・サマー・フェスティバル2023！開幕記念 ログインボーナス*
*開催期間中、1日1回 最大21回ログインボーナスをプレゼント！*
`白銀の果実 X 1
`_2023-08-29 19:36:48_
--------
*d7d817068dd79c14d5fa0fc2d8de9d8c*
`登陆天数: 14天 / 1196天
等级: 139
石头: 3
呼符: 1
体力: 210.38 / 140
友情点: 130 / 5627820`
*連続ログイン7日間到達おめでとうございます！
明日は1日目からリスタートされます。*
`獣の足跡 X 1
呼符 X 1
8月交換券(2023) X 1
`*サーヴァント・サマー・フェスティバル2023！開幕記念 ログインボーナス*
*開催期間中、1日1回 最大21回ログインボーナスをプレゼント！*
`白銀の果実 X 1
`_2023-08-29 19:36:57_
--------
