【登录信息】
*fb01c381ae259b6016f634d837caf832*
`登陆天数: 624天 / 1248天
等级: 152
石头: 291
呼符: 5
体力: 85.76666666666667 / 142
友情点: 1000 / 174635440`
*連続ログイン1日目
※ログインが途切れるか、7日到達すると
1日目から再開されます*
`フレンドポイント X 2000
8月交換券(2023) X 1
`*サーヴァント・サマー・フェスティバル2023！開幕記念 ログインボーナス*
*開催期間中、1日1回 最大21回ログインボーナスをプレゼント！*
`白銀の果実 X 1
`_2023-08-30 19:36:32_
--------
*d7d817068dd79c14d5fa0fc2d8de9d8c*
`登陆天数: 15天 / 1197天
等级: 139
石头: 13
呼符: 6
体力: 111.49666666666667 / 140
友情点: 20 / 5644300`
*連続ログイン1日目
※ログインが途切れるか、7日到達すると
1日目から再開されます*
`フレンドポイント X 2000
8月交換券(2023) X 1
`*サーヴァント・サマー・フェスティバル2023！開幕記念 ログインボーナス*
*開催期間中、1日1回 最大21回ログインボーナスをプレゼント！*
`黄金の果実 X 1
`_2023-08-30 19:36:41_
--------
