【登录信息】
*fb01c381ae259b6016f634d837caf832*
`登陆天数: 749天 / 1373天
等级: 160
石头: 296
呼符: 50
体力: 95.45666666666666 / 144
友情点: 180 / 136893920`
*連続ログイン7日間到達おめでとうございます！
明日は1日目からリスタートされます。*
`獣の足跡 X 1
呼符 X 1
1月交換券(2024) X 1
`*2024年お正月キャンペーン　三が日限定ログインボーナス*
*開催期間中、三が日限定のログインボーナスをプレゼント！*
`聖杯 X 1
`_2024-01-02 19:32:59_
--------
*d7d817068dd79c14d5fa0fc2d8de9d8c*
`登陆天数: 2天 / 1318天
等级: 140
石头: 4
呼符: 1
体力: 30459.613333333335 / 140
友情点: 50 / 5703430`
*連続ログイン2日目
※ログインが途切れるか、7日到達すると
1日目から再開されます*
`聖晶石 X 1
1月交換券(2024) X 1
`*2024年お正月キャンペーン　三が日限定ログインボーナス*
*開催期間中、三が日限定のログインボーナスをプレゼント！*
`聖杯 X 1
`_2024-01-02 19:33:07_
--------
