【登录信息】
*fb01c381ae259b6016f634d837caf832*
`登陆天数: 750天 / 1374天
等级: 160
石头: 299
呼符: 51
体力: 93.91666666666666 / 144
友情点: 195 / 136892865`
*連続ログイン1日目
※ログインが途切れるか、7日到達すると
1日目から再開されます*
`フレンドポイント X 2000
1月交換券(2024) X 1
`*2024年お正月キャンペーン 10万リポスト達成プレゼント*
*開催期間中、初回ログインでお正月限定概念礼装&2024万QPをプレゼント！*
`ドラゴン・ダンス X 1
QP X 20240000
`_2024-01-03 19:33:02_
--------
*d7d817068dd79c14d5fa0fc2d8de9d8c*
`登陆天数: 3天 / 1319天
等级: 140
石头: 4
呼符: 1
体力: 30747.626666666667 / 140
友情点: 0 / 5703440`
*連続ログイン3日目
※ログインが途切れるか、7日到達すると
1日目から再開されます*
`叡智の業火 X 1
1月交換券(2024) X 1
`*2024年お正月キャンペーン 10万リポスト達成プレゼント*
*開催期間中、初回ログインでお正月限定概念礼装&2024万QPをプレゼント！*
`ドラゴン・ダンス X 1
QP X 20240000
`_2024-01-03 19:33:11_
--------
