【登录信息】
*fb01c381ae259b6016f634d837caf832*
`登陆天数: 758天 / 1382天
等级: 161
石头: 179
呼符: 57
体力: 142.85666666666665 / 144
友情点: 300 / 136912385`
*連続ログイン2日目
※ログインが途切れるか、7日到達すると
1日目から再開されます*
`聖晶石 X 1
1月交換券(2024) X 1
`*「FGO カルデア・サテライトステーション 2023-2024」宮崎会場開催直前 ログインボーナス*
*開催期間中、1日1回 最大3回 ログインボーナスをプレゼント！*
`黄金の果実 X 1
`_2024-01-11 19:32:48_
--------
*d7d817068dd79c14d5fa0fc2d8de9d8c*
`登陆天数: 3天 / 1326天
等级: 140
石头: 4
呼符: 1
体力: 33051.58 / 140
友情点: 10 / 5703500`
*連続ログイン3日目
※ログインが途切れるか、7日到達すると
1日目から再開されます*
`叡智の業火 X 1
1月交換券(2024) X 1
`*「FGO カルデア・サテライトステーション 2023-2024」宮崎会場開催直前 ログインボーナス*
*開催期間中、1日1回 最大3回 ログインボーナスをプレゼント！*
`黄金の果実 X 1
`_2024-01-11 19:32:57_
--------
