【登录信息】
*fb01c381ae259b6016f634d837caf832*
`登陆天数: 760天 / 1384天
等级: 161
石头: 182
呼符: 57
体力: 76.98333333333333 / 144
友情点: 50 / 136914235`
*連続ログイン4日目
※ログインが途切れるか、7日到達すると
1日目から再開されます*
`聖晶石 X 1
1月交換券(2024) X 1
`*「FGO カルデア・サテライトステーション 2023-2024」宮崎会場開催記念 3万リポスト達成プレゼント*
*開催期間中、初回ログインで「聖晶石×6」をプレゼント！*
`聖晶石 X 6
`_2024-01-13 19:32:50_
--------
*d7d817068dd79c14d5fa0fc2d8de9d8c*
`登陆天数: 5天 / 1328天
等级: 140
石头: 4
呼符: 1
体力: 33627.58666666667 / 140
友情点: 0 / 5703530`
*連続ログイン5日目
※ログインが途切れるか、7日到達すると
1日目から再開されます*
`叡智の業火 X 2
1月交換券(2024) X 1
`*「FGO カルデア・サテライトステーション 2023-2024」宮崎会場開催記念 3万リポスト達成プレゼント*
*開催期間中、初回ログインで「聖晶石×6」をプレゼント！*
`聖晶石 X 6
`_2024-01-13 19:32:59_
--------
