【登录信息】
*fb01c381ae259b6016f634d837caf832*
`登陆天数: 762天 / 1386天
等级: 161
石头: 203
呼符: 57
体力: 77.19666666666667 / 144
友情点: 50 / 136917560`
*連続ログイン6日目
※ログインが途切れるか、7日到達すると
1日目から再開されます*
`聖晶石 X 2
1月交換券(2024) X 1
`*Fate/Samurai Remnant×Fate/Grand Order
コラボレーションイベント
開幕直前特別ログインボーナス*
*開催期間中、1日1回 最大7回ログインボーナスをプレゼント！*
`QP X 2000000
聖晶石 X 1
`_2024-01-15 19:32:59_
--------
*d7d817068dd79c14d5fa0fc2d8de9d8c*
`登陆天数: 7天 / 1330天
等级: 140
石头: 4
呼符: 1
体力: 34203.61666666667 / 140
友情点: 70 / 5703660`
*連続ログイン7日間到達おめでとうございます！
明日は1日目からリスタートされます。*
`獣の足跡 X 1
呼符 X 1
1月交換券(2024) X 1
`*Fate/Samurai Remnant×Fate/Grand Order
コラボレーションイベント
開幕直前特別ログインボーナス*
*開催期間中、1日1回 最大7回ログインボーナスをプレゼント！*
`QP X 2000000
聖晶石 X 1
`_2024-01-15 19:33:08_
--------
