【登录信息】
*fb01c381ae259b6016f634d837caf832*
`登陆天数: 764天 / 1388天
等级: 161
石头: 118
呼符: 57
体力: 84.83333333333334 / 144
友情点: 60 / 136917965`
*連続ログイン1日目
※ログインが途切れるか、7日到達すると
1日目から再開されます*
`フレンドポイント X 2000
1月交換券(2024) X 1
`*Fate/Samurai Remnant×Fate/Grand Order
コラボレーションイベント
開幕直前特別ログインボーナス*
*開催期間中、1日1回 最大7回ログインボーナスをプレゼント！*
`英霊結晶・星のフォウくん X 5
聖晶石 X 1
`_2024-01-17 19:33:04_
--------
*d7d817068dd79c14d5fa0fc2d8de9d8c*
`登陆天数: 9天 / 1332天
等级: 140
石头: 4
呼符: 1
体力: 34779.63333333333 / 140
友情点: 80 / 5703790`
*連続ログイン2日目
※ログインが途切れるか、7日到達すると
1日目から再開されます*
`聖晶石 X 1
1月交換券(2024) X 1
`*Fate/Samurai Remnant×Fate/Grand Order
コラボレーションイベント
開幕直前特別ログインボーナス*
*開催期間中、1日1回 最大7回ログインボーナスをプレゼント！*
`英霊結晶・星のフォウくん X 5
聖晶石 X 1
`_2024-01-17 19:33:13_
--------
