【登录信息】
*fb01c381ae259b6016f634d837caf832*
`登陆天数: 765天 / 1389天
等级: 161
石头: 130
呼符: 58
体力: 56.75666666666666 / 144
友情点: 210 / 136701730`
*連続ログイン2日目
※ログインが途切れるか、7日到達すると
1日目から再開されます*
`聖晶石 X 1
1月交換券(2024) X 1
`*Fate/Samurai Remnant×Fate/Grand Order
コラボレーションイベント
開幕直前特別ログインボーナス*
*開催期間中、1日1回 最大7回ログインボーナスをプレゼント！*
`英霊結晶・太陽のフォウくん X 5
聖晶石 X 1
`_2024-01-18 19:32:53_
--------
*d7d817068dd79c14d5fa0fc2d8de9d8c*
`登陆天数: 10天 / 1333天
等级: 140
石头: 4
呼符: 1
体力: 35067.6 / 140
友情点: 10 / 5703800`
*連続ログイン3日目
※ログインが途切れるか、7日到達すると
1日目から再開されます*
`叡智の業火 X 1
1月交換券(2024) X 1
`*Fate/Samurai Remnant×Fate/Grand Order
コラボレーションイベント
開幕直前特別ログインボーナス*
*開催期間中、1日1回 最大7回ログインボーナスをプレゼント！*
`英霊結晶・太陽のフォウくん X 5
聖晶石 X 1
`_2024-01-18 19:33:02_
--------
