【登录信息】
*fb01c381ae259b6016f634d837caf832*
`登陆天数: 766天 / 1390天
等级: 161
石头: 134
呼符: 58
体力: 29.793333333333337 / 144
友情点: 50 / 136703030`
*連続ログイン3日目
※ログインが途切れるか、7日到達すると
1日目から再開されます*
`叡智の業火 X 1
1月交換券(2024) X 1
`*Fate/Samurai Remnant×Fate/Grand Order
コラボレーションイベント
開幕直前特別ログインボーナス*
*開催期間中、1日1回 最大7回ログインボーナスをプレゼント！*
`聖晶石 X 1
マナプリズム X 50
`_2024-01-19 19:33:04_
--------
*d7d817068dd79c14d5fa0fc2d8de9d8c*
`登陆天数: 11天 / 1334天
等级: 140
石头: 4
呼符: 1
体力: 35355.636666666665 / 140
友情点: 60 / 5703860`
*連続ログイン4日目
※ログインが途切れるか、7日到達すると
1日目から再開されます*
`聖晶石 X 1
1月交換券(2024) X 1
`*Fate/Samurai Remnant×Fate/Grand Order
コラボレーションイベント
開幕直前特別ログインボーナス*
*開催期間中、1日1回 最大7回ログインボーナスをプレゼント！*
`聖晶石 X 1
マナプリズム X 50
`_2024-01-19 19:33:13_
--------
