【登录信息】
*fb01c381ae259b6016f634d837caf832*
`登陆天数: 767天 / 1391天
等级: 161
石头: 140
呼符: 59
体力: 97.78 / 144
友情点: 325 / 136704235`
*連続ログイン4日目
※ログインが途切れるか、7日到達すると
1日目から再開されます*
`聖晶石 X 1
1月交換券(2024) X 1
`*盈月剣風帖開幕記念 ログインボーナス*
*開催期間中、1日1回 最大21回ログインボーナスをプレゼント！*
`白銀の果実 X 1
`_2024-01-20 19:33:01_
--------
*d7d817068dd79c14d5fa0fc2d8de9d8c*
`登陆天数: 12天 / 1335天
等级: 140
石头: 4
呼符: 1
体力: 35643.62 / 140
友情点: 40 / 5703900`
*連続ログイン5日目
※ログインが途切れるか、7日到達すると
1日目から再開されます*
`叡智の業火 X 2
1月交換券(2024) X 1
`*盈月剣風帖開幕記念 ログインボーナス*
*開催期間中、1日1回 最大21回ログインボーナスをプレゼント！*
`白銀の果実 X 1
`_2024-01-20 19:33:09_
--------
