【登录信息】
*fb01c381ae259b6016f634d837caf832*
`登陆天数: 768天 / 1392天
等级: 161
石头: 143
呼符: 59
体力: 66.68 / 144
友情点: 50 / 136311220`
*連続ログイン5日目
※ログインが途切れるか、7日到達すると
1日目から再開されます*
`叡智の業火 X 2
1月交換券(2024) X 1
`*盈月剣風帖開幕記念 ログインボーナス*
*開催期間中、1日1回 最大21回ログインボーナスをプレゼント！*
`白銀の果実 X 1
`_2024-01-21 19:33:13_
--------
*d7d817068dd79c14d5fa0fc2d8de9d8c*
`登陆天数: 13天 / 1336天
等级: 140
石头: 4
呼符: 1
体力: 35931.66333333333 / 140
友情点: 70 / 5703980`
*連続ログイン6日目
※ログインが途切れるか、7日到達すると
1日目から再開されます*
`聖晶石 X 2
1月交換券(2024) X 1
`*盈月剣風帖開幕記念 ログインボーナス*
*開催期間中、1日1回 最大21回ログインボーナスをプレゼント！*
`白銀の果実 X 1
`_2024-01-21 19:33:22_
--------
