【登录信息】
*fb01c381ae259b6016f634d837caf832*
`登陆天数: 769天 / 1393天
等级: 161
石头: 145
呼符: 59
体力: 64.61 / 144
友情点: 270 / 136313290`
*連続ログイン6日目
※ログインが途切れるか、7日到達すると
1日目から再開されます*
`聖晶石 X 2
1月交換券(2024) X 1
`*リリース3100日突破キャンペーン 初回ログインボーナス*
*開催期間中、初回ログインで「聖晶石×10」をプレゼント！*
`聖晶石 X 10
`_2024-01-22 19:32:52_
--------
*d7d817068dd79c14d5fa0fc2d8de9d8c*
`登陆天数: 14天 / 1337天
等级: 140
石头: 4
呼符: 1
体力: 36219.596666666665 / 140
友情点: 20 / 5704000`
*連続ログイン7日間到達おめでとうございます！
明日は1日目からリスタートされます。*
`獣の足跡 X 1
呼符 X 1
1月交換券(2024) X 1
`*リリース3100日突破キャンペーン 初回ログインボーナス*
*開催期間中、初回ログインで「聖晶石×10」をプレゼント！*
`聖晶石 X 10
`_2024-01-22 19:33:01_
--------
