【登录信息】
*fb01c381ae259b6016f634d837caf832*
`登陆天数: 770天 / 1394天
等级: 161
石头: 159
呼符: 60
体力: 62.656666666666666 / 144
友情点: 55 / 136314620`
*連続ログイン7日間到達おめでとうございます！
明日は1日目からリスタートされます。*
`獣の足跡 X 1
呼符 X 1
1月交換券(2024) X 1
`*盈月剣風帖開幕記念 ログインボーナス*
*開催期間中、1日1回 最大21回ログインボーナスをプレゼント！*
`黄金の果実 X 1
`_2024-01-23 19:33:06_
--------
*d7d817068dd79c14d5fa0fc2d8de9d8c*
`登陆天数: 15天 / 1338天
等级: 140
石头: 4
呼符: 1
体力: 36507.64333333333 / 140
友情点: 30 / 5704090`
*連続ログイン1日目
※ログインが途切れるか、7日到達すると
1日目から再開されます*
`フレンドポイント X 2000
1月交換券(2024) X 1
`*盈月剣風帖開幕記念 ログインボーナス*
*開催期間中、1日1回 最大21回ログインボーナスをプレゼント！*
`白銀の果実 X 1
`_2024-01-23 19:33:15_
--------
