【登录信息】
*fb01c381ae259b6016f634d837caf832*
`登陆天数: 772天 / 1396天
等级: 161
石头: 162
呼符: 61
体力: 58.58333333333333 / 144
友情点: 10 / 136320755`
*連続ログイン2日目
※ログインが途切れるか、7日到達すると
1日目から再開されます*
`聖晶石 X 1
1月交換券(2024) X 1
`*盈月剣風帖開幕記念 ログインボーナス*
*開催期間中、1日1回 最大21回ログインボーナスをプレゼント！*
`白銀の果実 X 1
`_2024-01-25 19:32:44_
--------
*d7d817068dd79c14d5fa0fc2d8de9d8c*
`登陆天数: 17天 / 1340天
等级: 140
石头: 4
呼符: 1
体力: 37083.566666666666 / 140
友情点: 90 / 5704230`
*連続ログイン3日目
※ログインが途切れるか、7日到達すると
1日目から再開されます*
`叡智の業火 X 1
1月交換券(2024) X 1
`*盈月剣風帖開幕記念 ログインボーナス*
*開催期間中、1日1回 最大21回ログインボーナスをプレゼント！*
`白銀の果実 X 1
`_2024-01-25 19:32:53_
--------
