【登录信息】
*fb01c381ae259b6016f634d837caf832*
`登陆天数: 773天 / 1397天
等级: 161
石头: 163
呼符: 61
体力: 101.62666666666667 / 144
友情点: 70 / 136321930`
*連続ログイン3日目
※ログインが途切れるか、7日到達すると
1日目から再開されます*
`叡智の業火 X 1
1月交換券(2024) X 1
`*盈月剣風帖開幕記念 ログインボーナス*
*開催期間中、1日1回 最大21回ログインボーナスをプレゼント！*
`白銀の果実 X 1
`_2024-01-26 19:32:39_
--------
*d7d817068dd79c14d5fa0fc2d8de9d8c*
`登陆天数: 18天 / 1341天
等级: 140
石头: 4
呼符: 1
体力: 37371.55333333334 / 140
友情点: 40 / 5704270`
*連続ログイン4日目
※ログインが途切れるか、7日到達すると
1日目から再開されます*
`聖晶石 X 1
1月交換券(2024) X 1
`*盈月剣風帖開幕記念 ログインボーナス*
*開催期間中、1日1回 最大21回ログインボーナスをプレゼント！*
`白銀の果実 X 1
`_2024-01-26 19:32:48_
--------
