【登录信息】
*fb01c381ae259b6016f634d837caf832*
`登陆天数: 776天 / 1400天
等级: 161
石头: 164
呼符: 61
体力: 136.37666666666667 / 144
友情点: 155 / 136325290`
*連続ログイン6日目
※ログインが途切れるか、7日到達すると
1日目から再開されます*
`聖晶石 X 2
1月交換券(2024) X 1
`*盈月剣風帖開幕記念 ログインボーナス*
*開催期間中、1日1回 最大21回ログインボーナスをプレゼント！*
`白銀の果実 X 1
`_2024-01-29 19:32:41_
--------
*d7d817068dd79c14d5fa0fc2d8de9d8c*
`登陆天数: 21天 / 1344天
等级: 140
石头: 4
呼符: 1
体力: 38235.556666666664 / 140
友情点: 0 / 5704440`
*連続ログイン7日間到達おめでとうございます！
明日は1日目からリスタートされます。*
`獣の足跡 X 1
呼符 X 1
1月交換券(2024) X 1
`*盈月剣風帖開幕記念 ログインボーナス*
*開催期間中、1日1回 最大21回ログインボーナスをプレゼント！*
`白銀の果実 X 1
`_2024-01-29 19:32:50_
--------
