【登录信息】
*fb01c381ae259b6016f634d837caf832*
`登陆天数: 777天 / 1401天
等级: 161
石头: 198
呼符: 61
体力: 64.68 / 144
友情点: 185 / 136326305`
*連続ログイン7日間到達おめでとうございます！
明日は1日目からリスタートされます。*
`獣の足跡 X 1
呼符 X 1
1月交換券(2024) X 1
`*「Fate/stay night」20周年記念特別ログインボーナス*
*開催期間中、1日1回 最大7回ログインボーナスをプレゼント！*
`叡智の猛火 X 20
`_2024-01-30 19:33:03_
--------
*d7d817068dd79c14d5fa0fc2d8de9d8c*
`登陆天数: 22天 / 1345天
等级: 140
石头: 4
呼符: 1
体力: 38523.63333333333 / 140
友情点: 50 / 5704490`
*連続ログイン1日目
※ログインが途切れるか、7日到達すると
1日目から再開されます*
`フレンドポイント X 2000
1月交換券(2024) X 1
`*「Fate/stay night」20周年記念
「Fate/stay night」サーヴァント特別召喚アイテムプレゼント*
*開催期間中、初回ログインで「Fate/stay night 20th記念特別交換チケット」をプレゼント！*
`Fate/stay night 20th記念特別交換チケット X 1
`_2024-01-30 19:33:12_
--------
