【登录信息】
*fb01c381ae259b6016f634d837caf832*
`登陆天数: 982天 / 1606天
等级: 169
石头: 57
呼符: 1
体力: 83.45666666666666 / 146
友情点: 150 / 129494765`
*連続ログイン2日目
※ログインが途切れるか、7日到達すると
1日目から再開されます*
`聖晶石 X 1
8月交換券(2024) X 1
`*ＢＢプレゼンツ☆セレブサマー・エクスペリエンス！ 開幕記念 ログインボーナス*
*開催期間中、1日1回 最大78回 ログインボーナスをプレゼント！*
`白銀の果実 X 1
`_2024-08-22 19:34:41_
--------
*d7d817068dd79c14d5fa0fc2d8de9d8c*
`登陆天数: 5天 / 1418天
等级: 141
石头: 6
呼符: 2
体力: 91.09333333333333 / 140
友情点: 0 / 5807685`
*連続ログイン5日目
※ログインが途切れるか、7日到達すると
1日目から再開されます*
`叡智の業火 X 2
8月交換券(2024) X 1
`*ＢＢプレゼンツ☆セレブサマー・エクスペリエンス！ 開幕記念 ログインボーナス*
*開催期間中、1日1回 最大78回 ログインボーナスをプレゼント！*
`白銀の果実 X 1
`_2024-08-22 19:34:50_
--------
