【登录信息】
*fb01c381ae259b6016f634d837caf832*
`登陆天数: 983天 / 1607天
等级: 169
石头: 58
呼符: 1
体力: 50.18000000000001 / 146
友情点: 10 / 129495750`
*連続ログイン3日目
※ログインが途切れるか、7日到達すると
1日目から再開されます*
`叡智の業火 X 1
8月交換券(2024) X 1
`*ＢＢプレゼンツ☆セレブサマー・エクスペリエンス！ 開幕記念 ログインボーナス*
*開催期間中、1日1回 最大78回 ログインボーナスをプレゼント！*
`白銀の果実 X 1
`_2024-08-23 19:33:17_
--------
*d7d817068dd79c14d5fa0fc2d8de9d8c*
`登陆天数: 6天 / 1419天
等级: 141
石头: 20
呼符: 3
体力: 29.023333333333326 / 140
友情点: 0 / 5811060`
*連続ログイン6日目
※ログインが途切れるか、7日到達すると
1日目から再開されます*
`聖晶石 X 2
8月交換券(2024) X 1
`*ＢＢプレゼンツ☆セレブサマー・エクスペリエンス！ 開幕記念 ログインボーナス*
*開催期間中、1日1回 最大78回 ログインボーナスをプレゼント！*
`白銀の果実 X 1
`_2024-08-23 19:33:26_
--------
