【登录信息】
*fb01c381ae259b6016f634d837caf832*
`登陆天数: 984天 / 1608天
等级: 169
石头: 63
呼符: 2
体力: 58.08333333333333 / 146
友情点: 770 / 128258670`
*連続ログイン4日目
※ログインが途切れるか、7日到達すると
1日目から再開されます*
`聖晶石 X 1
8月交換券(2024) X 1
`*ＢＢプレゼンツ☆セレブサマー・エクスペリエンス！ 開幕記念 ログインボーナス*
*開催期間中、1日1回 最大78回 ログインボーナスをプレゼント！*
`白銀の果実 X 1
`_2024-08-24 19:32:48_
--------
*d7d817068dd79c14d5fa0fc2d8de9d8c*
`登陆天数: 7天 / 1420天
等级: 141
石头: 29
呼符: 3
体力: 80.25666666666666 / 140
友情点: 0 / 5812890`
*連続ログイン7日間到達おめでとうございます！
明日は1日目からリスタートされます。*
`獣の足跡 X 1
呼符 X 1
8月交換券(2024) X 1
`*ＢＢプレゼンツ☆セレブサマー・エクスペリエンス！ 開幕記念 ログインボーナス*
*開催期間中、1日1回 最大78回 ログインボーナスをプレゼント！*
`白銀の果実 X 1
`_2024-08-24 19:32:57_
--------
