【登录信息】
*fb01c381ae259b6016f634d837caf832*
`登陆天数: 985天 / 1609天
等级: 169
石头: 63
呼符: 2
体力: 66.08666666666667 / 146
友情点: 1260 / 128261935`
*連続ログイン5日目
※ログインが途切れるか、7日到達すると
1日目から再開されます*
`叡智の業火 X 2
8月交換券(2024) X 1
`*ＢＢプレゼンツ☆セレブサマー・エクスペリエンス！ 開幕記念 ログインボーナス*
*開催期間中、1日1回 最大78回 ログインボーナスをプレゼント！*
`白銀の果実 X 1
`_2024-08-25 19:32:50_
--------
*d7d817068dd79c14d5fa0fc2d8de9d8c*
`登陆天数: 8天 / 1421天
等级: 141
石头: 30
呼符: 3
体力: 92.02333333333334 / 140
友情点: 0 / 5813255`
*連続ログイン1日目
※ログインが途切れるか、7日到達すると
1日目から再開されます*
`フレンドポイント X 2000
8月交換券(2024) X 1
`*ＢＢプレゼンツ☆セレブサマー・エクスペリエンス！ 開幕記念 ログインボーナス*
*開催期間中、1日1回 最大78回 ログインボーナスをプレゼント！*
`黄金の果実 X 1
`_2024-08-25 19:32:59_
--------
