【登录信息】
*fb01c381ae259b6016f634d837caf832*
`登陆天数: 986天 / 1610天
等级: 170
石头: 63
呼符: 3
体力: 59.06666666666666 / 146
友情点: 245 / 128260880`
*連続ログイン6日目
※ログインが途切れるか、7日到達すると
1日目から再開されます*
`聖晶石 X 2
8月交換券(2024) X 1
`*ＢＢプレゼンツ☆セレブサマー・エクスペリエンス！ 開幕記念 ログインボーナス*
*開催期間中、1日1回 最大78回 ログインボーナスをプレゼント！*
`白銀の果実 X 1
`_2024-08-26 19:33:14_
--------
*d7d817068dd79c14d5fa0fc2d8de9d8c*
`登陆天数: 9天 / 1422天
等级: 141
石头: 31
呼符: 3
体力: 84.86666666666667 / 140
友情点: 0 / 5813400`
*連続ログイン2日目
※ログインが途切れるか、7日到達すると
1日目から再開されます*
`聖晶石 X 1
8月交換券(2024) X 1
`*ＢＢプレゼンツ☆セレブサマー・エクスペリエンス！ 開幕記念 ログインボーナス*
*開催期間中、1日1回 最大78回 ログインボーナスをプレゼント！*
`白銀の果実 X 1
`_2024-08-26 19:33:24_
--------
