【登录信息】
*fb01c381ae259b6016f634d837caf832*
`登陆天数: 987天 / 1611天
等级: 170
石头: 66
呼符: 3
体力: 67.35333333333334 / 146
友情点: 995 / 127910120`
*連続ログイン7日間到達おめでとうございます！
明日は1日目からリスタートされます。*
`獣の足跡 X 1
呼符 X 1
8月交換券(2024) X 1
`*ＢＢプレゼンツ☆セレブサマー・エクスペリエンス！ 開幕記念 ログインボーナス*
*開催期間中、1日1回 最大78回 ログインボーナスをプレゼント！*
`黄金の果実 X 1
`_2024-08-27 19:34:41_
--------
*d7d817068dd79c14d5fa0fc2d8de9d8c*
`登陆天数: 10天 / 1423天
等级: 141
石头: 40
呼符: 4
体力: 132.70666666666668 / 140
友情点: 0 / 5815435`
*連続ログイン3日目
※ログインが途切れるか、7日到達すると
1日目から再開されます*
`叡智の業火 X 1
8月交換券(2024) X 1
`*ＢＢプレゼンツ☆セレブサマー・エクスペリエンス！ 開幕記念 ログインボーナス*
*開催期間中、1日1回 最大78回 ログインボーナスをプレゼント！*
`白銀の果実 X 1
`_2024-08-27 19:34:50_
--------
