【登录信息】
*fb01c381ae259b6016f634d837caf832*
`登陆天数: 988天 / 1612天
等级: 170
石头: 13
呼符: 0
体力: 73.93333333333334 / 146
友情点: 345 / 127911980`
*連続ログイン1日目
※ログインが途切れるか、7日到達すると
1日目から再開されます*
`フレンドポイント X 2000
8月交換券(2024) X 1
`*奏章Ⅲ 新霊長後継戦 アーキタイプ・インセプション 開幕記念 ログインボーナス*
*開催期間中、1日1回 最大78回 ログインボーナスをプレゼント！*
`白銀の果実 X 1
`_2024-08-28 19:33:33_
--------
*d7d817068dd79c14d5fa0fc2d8de9d8c*
`登陆天数: 11天 / 1424天
等级: 141
石头: 12
呼符: 4
体力: 77.10333333333332 / 140
友情点: 0 / 5815790`
*連続ログイン4日目
※ログインが途切れるか、7日到達すると
1日目から再開されます*
`聖晶石 X 1
8月交換券(2024) X 1
`*奏章Ⅲ 新霊長後継戦 アーキタイプ・インセプション 開幕記念 ログインボーナス*
*開催期間中、1日1回 最大78回 ログインボーナスをプレゼント！*
`白銀の果実 X 1
`_2024-08-28 19:33:41_
--------
