【登录信息】
*fb01c381ae259b6016f634d837caf832*
`登陆天数: 990天 / 1614天
等级: 170
石头: 21
呼符: 0
体力: 69.88333333333334 / 146
友情点: 50 / 127916615`
*連続ログイン3日目
※ログインが途切れるか、7日到達すると
1日目から再開されます*
`叡智の業火 X 1
8月交換券(2024) X 1
`*奏章Ⅲ 新霊長後継戦 アーキタイプ・インセプション 開幕記念 ログインボーナス*
*開催期間中、1日1回 最大78回 ログインボーナスをプレゼント！*
`白銀の果実 X 1
`_2024-08-30 19:33:18_
--------
*d7d817068dd79c14d5fa0fc2d8de9d8c*
`登陆天数: 13天 / 1426天
等级: 141
石头: 18
呼符: 4
体力: 48.43000000000001 / 140
友情点: 0 / 5812350`
*連続ログイン6日目
※ログインが途切れるか、7日到達すると
1日目から再開されます*
`聖晶石 X 2
8月交換券(2024) X 1
`*奏章Ⅲ 新霊長後継戦 アーキタイプ・インセプション 開幕記念 ログインボーナス*
*開催期間中、1日1回 最大78回 ログインボーナスをプレゼント！*
`白銀の果実 X 1
`_2024-08-30 19:33:27_
--------
