【登录信息】
*fb01c381ae259b6016f634d837caf832*
`登陆天数: 1052天 / 1676天
等级: 170
石头: 142
呼符: 10
体力: 59.489999999999995 / 146
友情点: 35 / 108464910`
*連続ログイン2日目
※ログインが途切れるか、7日到達すると
1日目から再開されます*
`聖晶石 X 1
11月交換券(2024) X 1
`*秋の戦力増強キャンペーン特別ログインボーナス！*
*開催期間中、1日1回 最大7回 ログインボーナスをプレゼント！*
`QP X 2000000
`_2024-10-31 19:35:15_
--------
*d7d817068dd79c14d5fa0fc2d8de9d8c*
`登陆天数: 75天 / 1488天
等级: 145
石头: 215
呼符: 21
体力: 2225.8633333333332 / 141
友情点: 0 / 6076490`
*連続ログイン5日目
※ログインが途切れるか、7日到達すると
1日目から再開されます*
`叡智の業火 X 2
11月交換券(2024) X 1
`*秋の戦力増強キャンペーン特別ログインボーナス！*
*開催期間中、1日1回 最大7回 ログインボーナスをプレゼント！*
`英霊結晶・星のフォウくん X 5
`_2024-10-31 19:35:25_
--------
