【登录信息】
*fb01c381ae259b6016f634d837caf832*
`登陆天数: 1053天 / 1677天
等级: 170
石头: 145
呼符: 10
体力: 57.46333333333334 / 146
友情点: 0 / 108467055`
*連続ログイン3日目
※ログインが途切れるか、7日到達すると
1日目から再開されます*
`叡智の業火 X 1
11月交換券(2024) X 1
`*秋の戦力増強キャンペーン特別ログインボーナス！*
*開催期間中、1日1回 最大7回 ログインボーナスをプレゼント！*
`叡智の業火 X 3
`_2024-11-01 19:35:07_
--------
*d7d817068dd79c14d5fa0fc2d8de9d8c*
`登陆天数: 76天 / 1489天
等级: 145
石头: 215
呼符: 21
体力: 2513.8366666666666 / 141
友情点: 10 / 6076500`
*連続ログイン6日目
※ログインが途切れるか、7日到達すると
1日目から再開されます*
`聖晶石 X 2
11月交換券(2024) X 1
`*使用期限付コンティニューアイテムプレゼント！*
*開催期間中、初回ログインでコンティニューアイテム「霊脈石×3」をプレゼント！*
`霊脈石 X 3
`_2024-11-01 19:35:17_
--------
