【登录信息】
*fb01c381ae259b6016f634d837caf832*
`登陆天数: 1054天 / 1678天
等级: 170
石头: 205
呼符: 11
体力: 61.05 / 146
友情点: 145 / 108470660`
*連続ログイン4日目
※ログインが途切れるか、7日到達すると
1日目から再開されます*
`聖晶石 X 1
11月交換券(2024) X 1
`*秋の戦力増強キャンペーン特別ログインボーナス！*
*開催期間中、1日1回 最大7回 ログインボーナスをプレゼント！*
`英霊結晶・太陽のフォウくん X 5
`_2024-11-02 19:33:04_
--------
*d7d817068dd79c14d5fa0fc2d8de9d8c*
`登陆天数: 77天 / 1490天
等级: 145
石头: 215
呼符: 21
体力: 2801.42 / 141
友情点: 0 / 6076500`
*連続ログイン7日間到達おめでとうございます！
明日は1日目からリスタートされます。*
`獣の足跡 X 1
呼符 X 1
11月交換券(2024) X 1
`*秋の戦力増強キャンペーン特別ログインボーナス！*
*開催期間中、1日1回 最大7回 ログインボーナスをプレゼント！*
`叡智の業火 X 3
`_2024-11-02 19:33:13_
--------
