【登录信息】
*fb01c381ae259b6016f634d837caf832*
`登陆天数: 1055天 / 1679天
等级: 170
石头: 205
呼符: 11
体力: 59.21666666666667 / 146
友情点: 190 / 108472360`
*連続ログイン5日目
※ログインが途切れるか、7日到達すると
1日目から再開されます*
`叡智の業火 X 2
11月交換券(2024) X 1
`*秋の戦力増強キャンペーン特別ログインボーナス！*
*開催期間中、1日1回 最大7回 ログインボーナスをプレゼント！*
`叡智の業火 X 3
`_2024-11-03 19:33:54_
--------
*d7d817068dd79c14d5fa0fc2d8de9d8c*
`登陆天数: 78天 / 1491天
等级: 145
石头: 215
呼符: 21
体力: 3089.59 / 141
友情点: 0 / 6076500`
*連続ログイン1日目
※ログインが途切れるか、7日到達すると
1日目から再開されます*
`フレンドポイント X 2000
11月交換券(2024) X 1
`*秋の戦力増強キャンペーン特別ログインボーナス！*
*開催期間中、1日1回 最大7回 ログインボーナスをプレゼント！*
`英霊結晶・太陽のフォウくん X 5
`_2024-11-03 19:34:04_
--------
