【登录信息】
*fb01c381ae259b6016f634d837caf832*
`登陆天数: 1056天 / 1680天
等级: 170
石头: 213
呼符: 11
体力: 57.11666666666666 / 146
友情点: 10 / 108473705`
*連続ログイン6日目
※ログインが途切れるか、7日到達すると
1日目から再開されます*
`聖晶石 X 2
11月交換券(2024) X 1
`*秋の戦力増強キャンペーン特別ログインボーナス！*
*開催期間中、1日1回 最大7回 ログインボーナスをプレゼント！*
`QP X 3000000
`_2024-11-04 19:33:24_
--------
*d7d817068dd79c14d5fa0fc2d8de9d8c*
`登陆天数: 79天 / 1492天
等级: 145
石头: 215
呼符: 21
体力: 3377.49 / 141
友情点: 0 / 6076500`
*連続ログイン2日目
※ログインが途切れるか、7日到達すると
1日目から再開されます*
`聖晶石 X 1
11月交換券(2024) X 1
`*秋の戦力増強キャンペーン特別ログインボーナス！*
*開催期間中、1日1回 最大7回 ログインボーナスをプレゼント！*
`叡智の業火 X 3
`_2024-11-04 19:33:34_
--------
