【登录信息】
*fb01c381ae259b6016f634d837caf832*
`登陆天数: 1057天 / 1681天
等级: 170
石头: 213
呼符: 11
体力: 75.42333333333333 / 146
友情点: 110 / 108474800`
*連続ログイン7日間到達おめでとうございます！
明日は1日目からリスタートされます。*
`獣の足跡 X 1
呼符 X 1
11月交換券(2024) X 1
`_2024-11-05 19:34:55_
--------
*d7d817068dd79c14d5fa0fc2d8de9d8c*
`登陆天数: 80天 / 1493天
等级: 145
石头: 215
呼符: 21
体力: 3665.7933333333335 / 141
友情点: 0 / 6076500`
*連続ログイン3日目
※ログインが途切れるか、7日到達すると
1日目から再開されます*
`叡智の業火 X 1
11月交換券(2024) X 1
`*秋の戦力増強キャンペーン特別ログインボーナス！*
*開催期間中、1日1回 最大7回 ログインボーナスをプレゼント！*
`QP X 3000000
`_2024-11-05 19:35:05_
--------
