【登录信息】
*fb01c381ae259b6016f634d837caf832*
`登陆天数: 1059天 / 1683天
等级: 170
石头: 217
呼符: 12
体力: 67.14333333333333 / 146
友情点: 505 / 108478330`
*連続ログイン2日目
※ログインが途切れるか、7日到達すると
1日目から再開されます*
`聖晶石 X 1
11月交換券(2024) X 1
`*「ぶち壊せ！ ミステリーハウス・クラフターズ ～星の鉱員と日の出の翼～」開幕直前特別ログインボーナス*
*開催期間中、1日1回 最大7回 ログインボーナスをプレゼント！*
`黄金の果実 X 1
`_2024-11-07 19:33:32_
--------
*d7d817068dd79c14d5fa0fc2d8de9d8c*
`登陆天数: 82天 / 1495天
等级: 145
石头: 215
呼符: 21
体力: 4241.516666666666 / 141
友情点: 0 / 6076500`
*連続ログイン5日目
※ログインが途切れるか、7日到達すると
1日目から再開されます*
`叡智の業火 X 2
11月交換券(2024) X 1
`*「ぶち壊せ！ ミステリーハウス・クラフターズ ～星の鉱員と日の出の翼～」開幕直前特別ログインボーナス*
*開催期間中、1日1回 最大7回 ログインボーナスをプレゼント！*
`黄金の果実 X 1
`_2024-11-07 19:33:41_
--------
