【登录信息】
*fb01c381ae259b6016f634d837caf832*
`登陆天数: 1060天 / 1684天
等级: 170
石头: 219
呼符: 12
体力: 50.016666666666666 / 146
友情点: 495 / 108479805`
*連続ログイン3日目
※ログインが途切れるか、7日到達すると
1日目から再開されます*
`叡智の業火 X 1
11月交換券(2024) X 1
`*「ぶち壊せ！ ミステリーハウス・クラフターズ ～星の鉱員と日の出の翼～」開幕直前特別ログインボーナス*
*開催期間中、1日1回 最大7回 ログインボーナスをプレゼント！*
`QP X 1000000
`_2024-11-08 19:32:54_
--------
*d7d817068dd79c14d5fa0fc2d8de9d8c*
`登陆天数: 83天 / 1496天
等级: 145
石头: 215
呼符: 21
体力: 4529.39 / 141
友情点: 0 / 6076500`
*連続ログイン6日目
※ログインが途切れるか、7日到達すると
1日目から再開されます*
`聖晶石 X 2
11月交換券(2024) X 1
`*「ぶち壊せ！ ミステリーハウス・クラフターズ ～星の鉱員と日の出の翼～」開幕直前特別ログインボーナス*
*開催期間中、1日1回 最大7回 ログインボーナスをプレゼント！*
`QP X 1000000
`_2024-11-08 19:33:03_
--------
