【登录信息】
*fb01c381ae259b6016f634d837caf832*
`登陆天数: 1061天 / 1685天
等级: 170
石头: 219
呼符: 12
体力: 97.71333333333334 / 146
友情点: 335 / 108480675`
*連続ログイン4日目
※ログインが途切れるか、7日到達すると
1日目から再開されます*
`聖晶石 X 1
11月交換券(2024) X 1
`*「ぶち壊せ！ ミステリーハウス・クラフターズ ～星の鉱員と日の出の翼～」開幕直前特別ログインボーナス*
*開催期間中、1日1回 最大7回 ログインボーナスをプレゼント！*
`黄金の果実 X 1
`_2024-11-09 19:33:29_
--------
*d7d817068dd79c14d5fa0fc2d8de9d8c*
`登陆天数: 84天 / 1497天
等级: 145
石头: 215
呼符: 21
体力: 4817.503333333333 / 141
友情点: 0 / 6076500`
*連続ログイン7日間到達おめでとうございます！
明日は1日目からリスタートされます。*
`獣の足跡 X 1
呼符 X 1
11月交換券(2024) X 1
`*「ぶち壊せ！ ミステリーハウス・クラフターズ ～星の鉱員と日の出の翼～」開幕直前特別ログインボーナス*
*開催期間中、1日1回 最大7回 ログインボーナスをプレゼント！*
`黄金の果実 X 1
`_2024-11-09 19:33:38_
--------
