【登录信息】
*fb01c381ae259b6016f634d837caf832*
`登陆天数: 1062天 / 1686天
等级: 170
石头: 221
呼符: 12
体力: 60.760000000000005 / 146
友情点: 250 / 108483700`
*連続ログイン5日目
※ログインが途切れるか、7日到達すると
1日目から再開されます*
`叡智の業火 X 2
11月交換券(2024) X 1
`*「ぶち壊せ！ ミステリーハウス・クラフターズ ～星の鉱員と日の出の翼～」開幕直前特別ログインボーナス*
*開催期間中、1日1回 最大7回 ログインボーナスをプレゼント！*
`QP X 1000000
`_2024-11-10 19:33:05_
--------
*d7d817068dd79c14d5fa0fc2d8de9d8c*
`登陆天数: 85天 / 1498天
等级: 145
石头: 215
呼符: 21
体力: 5105.426666666666 / 141
友情点: 0 / 6076500`
*連続ログイン1日目
※ログインが途切れるか、7日到達すると
1日目から再開されます*
`フレンドポイント X 2000
11月交換券(2024) X 1
`*「ぶち壊せ！ ミステリーハウス・クラフターズ ～星の鉱員と日の出の翼～」開幕直前特別ログインボーナス*
*開催期間中、1日1回 最大7回 ログインボーナスをプレゼント！*
`QP X 1000000
`_2024-11-10 19:33:15_
--------
