【登录信息】
*fb01c381ae259b6016f634d837caf832*
`登陆天数: 838天 / 1462天
等级: 163
石头: 22
呼符: 3
体力: 74.52333333333333 / 145
友情点: 770 / 134834125`
*連続ログイン5日目
※ログインが途切れるか、7日到達すると
1日目から再開されます*
`叡智の業火 X 2
4月交換券(2024) X 1
`*Fate/Grand Order 春の新米マスター応援キャンペーン2024！
特別ログインボーナス*
*開催期間中、1日1回 最大7回 回数ログインボーナスをプレゼント！*
`聖晶石 X 1
`_2024-03-31 19:30:46_
--------
*d7d817068dd79c14d5fa0fc2d8de9d8c*
`登陆天数: 26天 / 1385天
等级: 140
石头: 5
呼符: 0
体力: 789.59 / 140
友情点: 200 / 5747445`
*連続ログイン5日目
※ログインが途切れるか、7日到達すると
1日目から再開されます*
`叡智の業火 X 2
4月交換券(2024) X 1
`*「Fate/Dream Striker」リリース記念 初回ログインボーナス*
*開催期間中、初回ログインで「聖晶石×10」をプレゼント！*
`聖晶石 X 10
`_2024-03-31 19:30:56_
--------
