【登录信息】
*fb01c381ae259b6016f634d837caf832*
`登陆天数: 839天 / 1463天
等级: 163
石头: 22
呼符: 8
体力: 52.49666666666667 / 145
友情点: 690 / 134837625`
*連続ログイン6日目
※ログインが途切れるか、7日到達すると
1日目から再開されます*
`聖晶石 X 2
4月交換券(2024) X 1
`*Fate/Grand Order 春の新米マスター応援キャンペーン2024！
特別ログインボーナス*
*開催期間中、1日1回 最大7回 回数ログインボーナスをプレゼント！*
`聖晶石 X 1
`_2024-04-01 19:30:38_
--------
*d7d817068dd79c14d5fa0fc2d8de9d8c*
`登陆天数: 27天 / 1386天
等级: 140
石头: 0
呼符: 2
体力: 121.09666666666666 / 140
友情点: 0 / 5748415`
*連続ログイン6日目
※ログインが途切れるか、7日到達すると
1日目から再開されます*
`聖晶石 X 2
4月交換券(2024) X 1
`*Fate/Grand Order 春の新米マスター応援キャンペーン2024！
特別ログインボーナス*
*開催期間中、1日1回 最大7回 回数ログインボーナスをプレゼント！*
`聖晶石 X 1
`_2024-04-01 19:30:47_
--------
