【登录信息】
*fb01c381ae259b6016f634d837caf832*
`登陆天数: 840天 / 1464天
等级: 163
石头: 22
呼符: 8
体力: 70.47666666666667 / 145
友情点: 600 / 134840735`
*連続ログイン7日間到達おめでとうございます！
明日は1日目からリスタートされます。*
`獣の足跡 X 1
呼符 X 1
4月交換券(2024) X 1
`*Fate/Grand Order 春の新米マスター応援キャンペーン2024！
特別ログインボーナス*
*開催期間中、1日1回 最大7回 回数ログインボーナスをプレゼント！*
`聖晶石 X 1
`_2024-04-02 19:30:32_
--------
*d7d817068dd79c14d5fa0fc2d8de9d8c*
`登陆天数: 28天 / 1387天
等级: 140
石头: 0
呼符: 2
体力: 409.0733333333333 / 140
友情点: 60 / 5748475`
*連続ログイン7日間到達おめでとうございます！
明日は1日目からリスタートされます。*
`獣の足跡 X 1
呼符 X 1
4月交換券(2024) X 1
`*Fate/Grand Order 春の新米マスター応援キャンペーン2024！
特別ログインボーナス*
*開催期間中、1日1回 最大7回 回数ログインボーナスをプレゼント！*
`聖晶石 X 1
`_2024-04-02 19:30:41_
--------
