【登录信息】
*fb01c381ae259b6016f634d837caf832*
`登陆天数: 841天 / 1465天
等级: 163
石头: 52
呼符: 9
体力: 69.41 / 145
友情点: 520 / 134845175`
*連続ログイン1日目
※ログインが途切れるか、7日到達すると
1日目から再開されます*
`フレンドポイント X 2000
4月交換券(2024) X 1
`*日替りログインボーナス*
*開催期間中、1日1回 2週間日替りでログインボーナスをプレゼント！*
`聖晶石 X 1
巡霊の葉 X 50
`_2024-04-03 19:30:50_
--------
*d7d817068dd79c14d5fa0fc2d8de9d8c*
`登陆天数: 29天 / 1388天
等级: 141
石头: 1
呼符: 2
体力: 205.45666666666665 / 140
友情点: 0 / 5749540`
*連続ログイン1日目
※ログインが途切れるか、7日到達すると
1日目から再開されます*
`フレンドポイント X 2000
4月交換券(2024) X 1
`*日替りログインボーナス*
*開催期間中、1日1回 2週間日替りでログインボーナスをプレゼント！*
`聖晶石 X 1
巡霊の葉 X 50
`_2024-04-03 19:30:59_
--------
