【登录信息】
*fb01c381ae259b6016f634d837caf832*
`登陆天数: 842天 / 1466天
等级: 163
石头: 53
呼符: 10
体力: 57.33666666666667 / 145
友情点: 1120 / 134852015`
*連続ログイン2日目
※ログインが途切れるか、7日到達すると
1日目から再開されます*
`聖晶石 X 1
4月交換券(2024) X 1
`*日替りログインボーナス*
*開催期間中、1日1回 2週間日替りでログインボーナスをプレゼント！*
`巡霊の葉 X 30
`_2024-04-04 19:30:27_
--------
*d7d817068dd79c14d5fa0fc2d8de9d8c*
`登陆天数: 30天 / 1389天
等级: 141
石头: 1
呼符: 2
体力: 493.38666666666666 / 140
友情点: 60 / 5749600`
*連続ログイン2日目
※ログインが途切れるか、7日到達すると
1日目から再開されます*
`聖晶石 X 1
4月交換券(2024) X 1
`*日替りログインボーナス*
*開催期間中、1日1回 2週間日替りでログインボーナスをプレゼント！*
`巡霊の葉 X 30
`_2024-04-04 19:30:37_
--------
