【登录信息】
*fb01c381ae259b6016f634d837caf832*
`登陆天数: 843天 / 1467天
等级: 163
石头: 57
呼符: 10
体力: 55.35333333333334 / 145
友情点: 185 / 134854335`
*連続ログイン3日目
※ログインが途切れるか、7日到達すると
1日目から再開されます*
`叡智の業火 X 1
4月交換券(2024) X 1
`*日替りログインボーナス*
*開催期間中、1日1回 2週間日替りでログインボーナスをプレゼント！*
`巡霊の葉 X 30
`_2024-04-05 19:30:34_
--------
*d7d817068dd79c14d5fa0fc2d8de9d8c*
`登陆天数: 31天 / 1390天
等级: 141
石头: 1
呼符: 2
体力: 781.4033333333333 / 140
友情点: 60 / 5749680`
*連続ログイン3日目
※ログインが途切れるか、7日到達すると
1日目から再開されます*
`叡智の業火 X 1
4月交換券(2024) X 1
`*日替りログインボーナス*
*開催期間中、1日1回 2週間日替りでログインボーナスをプレゼント！*
`巡霊の葉 X 30
`_2024-04-05 19:30:43_
--------
