【登录信息】
*fb01c381ae259b6016f634d837caf832*
`登陆天数: 844天 / 1468天
等级: 163
石头: 60
呼符: 10
体力: 27.72333333333333 / 145
友情点: 330 / 134856170`
*連続ログイン4日目
※ログインが途切れるか、7日到達すると
1日目から再開されます*
`聖晶石 X 1
4月交換券(2024) X 1
`*日替りログインボーナス*
*開催期間中、1日1回 2週間日替りでログインボーナスをプレゼント！*
`聖晶石 X 1
巡霊の葉 X 80
`_2024-04-06 19:30:45_
--------
*d7d817068dd79c14d5fa0fc2d8de9d8c*
`登陆天数: 32天 / 1391天
等级: 141
石头: 1
呼符: 2
体力: 1069.44 / 140
友情点: 40 / 5749720`
*連続ログイン4日目
※ログインが途切れるか、7日到達すると
1日目から再開されます*
`聖晶石 X 1
4月交換券(2024) X 1
`*日替りログインボーナス*
*開催期間中、1日1回 2週間日替りでログインボーナスをプレゼント！*
`聖晶石 X 1
巡霊の葉 X 80
`_2024-04-06 19:30:54_
--------
