【登录信息】
*fb01c381ae259b6016f634d837caf832*
`登陆天数: 845天 / 1469天
等级: 164
石头: 60
呼符: 10
体力: 79.69333333333333 / 145
友情点: 310 / 134857790`
*連続ログイン5日目
※ログインが途切れるか、7日到達すると
1日目から再開されます*
`叡智の業火 X 2
4月交換券(2024) X 1
`*日替りログインボーナス*
*開催期間中、1日1回 2週間日替りでログインボーナスをプレゼント！*
`巡霊の葉 X 30
`_2024-04-07 19:30:51_
--------
*d7d817068dd79c14d5fa0fc2d8de9d8c*
`登陆天数: 33天 / 1392天
等级: 141
石头: 1
呼符: 2
体力: 1357.4633333333334 / 140
友情点: 0 / 5749720`
*連続ログイン5日目
※ログインが途切れるか、7日到達すると
1日目から再開されます*
`叡智の業火 X 2
4月交換券(2024) X 1
`*日替りログインボーナス*
*開催期間中、1日1回 2週間日替りでログインボーナスをプレゼント！*
`巡霊の葉 X 30
`_2024-04-07 19:31:00_
--------
