【登录信息】
*fb01c381ae259b6016f634d837caf832*
`登陆天数: 846天 / 1470天
等级: 164
石头: 60
呼符: 10
体力: 47.61666666666666 / 145
友情点: 400 / 134859660`
*連続ログイン6日目
※ログインが途切れるか、7日到達すると
1日目から再開されます*
`聖晶石 X 2
4月交換券(2024) X 1
`*日替りログインボーナス*
*開催期間中、1日1回 2週間日替りでログインボーナスをプレゼント！*
`巡霊の葉 X 30
`_2024-04-08 19:30:28_
--------
*d7d817068dd79c14d5fa0fc2d8de9d8c*
`登陆天数: 34天 / 1393天
等级: 141
石头: 3
呼符: 2
体力: 118.34666666666666 / 140
友情点: 10 / 5750180`
*連続ログイン6日目
※ログインが途切れるか、7日到達すると
1日目から再開されます*
`聖晶石 X 2
4月交換券(2024) X 1
`*日替りログインボーナス*
*開催期間中、1日1回 2週間日替りでログインボーナスをプレゼント！*
`巡霊の葉 X 30
`_2024-04-08 19:30:38_
--------
