【登录信息】
*fb01c381ae259b6016f634d837caf832*
`登陆天数: 847天 / 1471天
等级: 164
石头: 60
呼符: 10
体力: 95.62 / 145
友情点: 335 / 134861015`
*連続ログイン7日間到達おめでとうございます！
明日は1日目からリスタートされます。*
`獣の足跡 X 1
呼符 X 1
4月交換券(2024) X 1
`*日替りログインボーナス*
*開催期間中、1日1回 2週間日替りでログインボーナスをプレゼント！*
`聖晶石 X 3
巡霊の葉 X 50
`_2024-04-09 19:30:29_
--------
*d7d817068dd79c14d5fa0fc2d8de9d8c*
`登陆天数: 35天 / 1394天
等级: 141
石头: 3
呼符: 2
体力: 406.35 / 140
友情点: 10 / 5750190`
*連続ログイン7日間到達おめでとうございます！
明日は1日目からリスタートされます。*
`獣の足跡 X 1
呼符 X 1
4月交換券(2024) X 1
`*日替りログインボーナス*
*開催期間中、1日1回 2週間日替りでログインボーナスをプレゼント！*
`聖晶石 X 3
巡霊の葉 X 50
`_2024-04-09 19:30:38_
--------
