【登录信息】
*fb01c381ae259b6016f634d837caf832*
`登陆天数: 848天 / 1472天
等级: 164
石头: 67
呼符: 10
体力: 66.56333333333333 / 145
友情点: 565 / 134863355`
*連続ログイン1日目
※ログインが途切れるか、7日到達すると
1日目から再開されます*
`フレンドポイント X 2000
4月交換券(2024) X 1
`*日替りログインボーナス*
*開催期間中、1日1回 2週間日替りでログインボーナスをプレゼント！*
`聖晶石 X 1
巡霊の葉 X 50
`_2024-04-10 19:30:42_
--------
*d7d817068dd79c14d5fa0fc2d8de9d8c*
`登陆天数: 36天 / 1395天
等级: 141
石头: 6
呼符: 2
体力: 179.10666666666668 / 140
友情点: 110 / 5751210`
*連続ログイン1日目
※ログインが途切れるか、7日到達すると
1日目から再開されます*
`フレンドポイント X 2000
4月交換券(2024) X 1
`*日替りログインボーナス*
*開催期間中、1日1回 2週間日替りでログインボーナスをプレゼント！*
`聖晶石 X 1
巡霊の葉 X 50
`_2024-04-10 19:30:53_
--------
