【登录信息】
*fb01c381ae259b6016f634d837caf832*
`登陆天数: 849天 / 1473天
等级: 164
石头: 67
呼符: 10
体力: 54.510000000000005 / 145
友情点: 340 / 134866650`
*連続ログイン2日目
※ログインが途切れるか、7日到達すると
1日目から再開されます*
`聖晶石 X 1
4月交換券(2024) X 1
`*日替りログインボーナス*
*開催期間中、1日1回 2週間日替りでログインボーナスをプレゼント！*
`巡霊の葉 X 30
`_2024-04-11 19:30:28_
--------
*d7d817068dd79c14d5fa0fc2d8de9d8c*
`登陆天数: 37天 / 1396天
等级: 141
石头: 12
呼符: 2
体力: 155.34 / 140
友情点: 0 / 5751670`
*連続ログイン2日目
※ログインが途切れるか、7日到達すると
1日目から再開されます*
`聖晶石 X 1
4月交換券(2024) X 1
`*日替りログインボーナス*
*開催期間中、1日1回 2週間日替りでログインボーナスをプレゼント！*
`巡霊の葉 X 30
`_2024-04-11 19:30:36_
--------
