【登录信息】
*fb01c381ae259b6016f634d837caf832*
`登陆天数: 850天 / 1474天
等级: 164
石头: 86
呼符: 11
体力: 97.55333333333334 / 145
友情点: 670 / 134870480`
*連続ログイン3日目
※ログインが途切れるか、7日到達すると
1日目から再開されます*
`叡智の業火 X 1
4月交換券(2024) X 1
`*日替りログインボーナス*
*開催期間中、1日1回 2週間日替りでログインボーナスをプレゼント！*
`巡霊の葉 X 30
`_2024-04-12 19:30:40_
--------
*d7d817068dd79c14d5fa0fc2d8de9d8c*
`登陆天数: 38天 / 1397天
等级: 141
石头: 12
呼符: 2
体力: 443.38666666666666 / 140
友情点: 0 / 5751680`
*連続ログイン3日目
※ログインが途切れるか、7日到達すると
1日目から再開されます*
`叡智の業火 X 1
4月交換券(2024) X 1
`*日替りログインボーナス*
*開催期間中、1日1回 2週間日替りでログインボーナスをプレゼント！*
`巡霊の葉 X 30
`_2024-04-12 19:30:49_
--------
