【登录信息】
*fb01c381ae259b6016f634d837caf832*
`登陆天数: 851天 / 1475天
等级: 164
石头: 101
呼符: 11
体力: 79.03333333333333 / 145
友情点: 330 / 134874035`
*連続ログイン4日目
※ログインが途切れるか、7日到達すると
1日目から再開されます*
`聖晶石 X 1
4月交換券(2024) X 1
`*日替りログインボーナス*
*開催期間中、1日1回 2週間日替りでログインボーナスをプレゼント！*
`聖晶石 X 1
巡霊の葉 X 80
`_2024-04-13 19:30:30_
--------
*d7d817068dd79c14d5fa0fc2d8de9d8c*
`登陆天数: 39天 / 1398天
等级: 141
石头: 12
呼符: 2
体力: 731.3533333333334 / 140
友情点: 120 / 5752610`
*連続ログイン4日目
※ログインが途切れるか、7日到達すると
1日目から再開されます*
`聖晶石 X 1
4月交換券(2024) X 1
`*日替りログインボーナス*
*開催期間中、1日1回 2週間日替りでログインボーナスをプレゼント！*
`聖晶石 X 1
巡霊の葉 X 80
`_2024-04-13 19:30:40_
--------
