【登录信息】
*fb01c381ae259b6016f634d837caf832*
`登陆天数: 852天 / 1476天
等级: 164
石头: 106
呼符: 11
体力: 102.97999999999999 / 145
友情点: 745 / 134877870`
*連続ログイン5日目
※ログインが途切れるか、7日到達すると
1日目から再開されます*
`叡智の業火 X 2
4月交換券(2024) X 1
`*日替りログインボーナス*
*開催期間中、1日1回 2週間日替りでログインボーナスをプレゼント！*
`巡霊の葉 X 30
`_2024-04-14 23:00:49_
--------
*d7d817068dd79c14d5fa0fc2d8de9d8c*
`登陆天数: 40天 / 1399天
等级: 141
石头: 12
呼符: 2
体力: 1061.4166666666665 / 140
友情点: 100 / 5752710`
*連続ログイン5日目
※ログインが途切れるか、7日到達すると
1日目から再開されます*
`叡智の業火 X 2
4月交換券(2024) X 1
`*日替りログインボーナス*
*開催期間中、1日1回 2週間日替りでログインボーナスをプレゼント！*
`巡霊の葉 X 30
`_2024-04-14 23:00:58_
--------
