【登录信息】
*fb01c381ae259b6016f634d837caf832*
`登陆天数: 853天 / 1477天
等级: 164
石头: 106
呼符: 11
体力: 88.91666666666666 / 145
友情点: 325 / 134880260`
*連続ログイン6日目
※ログインが途切れるか、7日到達すると
1日目から再開されます*
`聖晶石 X 2
4月交換券(2024) X 1
`*日替りログインボーナス*
*開催期間中、1日1回 2週間日替りでログインボーナスをプレゼント！*
`巡霊の葉 X 30
`_2024-04-15 19:30:30_
--------
*d7d817068dd79c14d5fa0fc2d8de9d8c*
`登陆天数: 41天 / 1400天
等级: 141
石头: 16
呼符: 2
体力: 176.74 / 140
友情点: 40 / 5753200`
*連続ログイン6日目
※ログインが途切れるか、7日到達すると
1日目から再開されます*
`聖晶石 X 2
4月交換券(2024) X 1
`*日替りログインボーナス*
*開催期間中、1日1回 2週間日替りでログインボーナスをプレゼント！*
`巡霊の葉 X 30
`_2024-04-15 19:30:39_
--------
