【登录信息】
*fb01c381ae259b6016f634d837caf832*
`登陆天数: 854天 / 1478天
等级: 164
石头: 109
呼符: 11
体力: 113.36666666666667 / 145
友情点: 630 / 134882575`
*連続ログイン7日間到達おめでとうございます！
明日は1日目からリスタートされます。*
`獣の足跡 X 1
呼符 X 1
4月交換券(2024) X 1
`*日替りログインボーナス*
*開催期間中、1日1回 2週間日替りでログインボーナスをプレゼント！*
`聖晶石 X 3
巡霊の葉 X 50
`_2024-04-16 19:30:30_
--------
*d7d817068dd79c14d5fa0fc2d8de9d8c*
`登陆天数: 42天 / 1401天
等级: 141
石头: 16
呼符: 2
体力: 293.09333333333336 / 140
友情点: 0 / 5753360`
*連続ログイン7日間到達おめでとうございます！
明日は1日目からリスタートされます。*
`獣の足跡 X 1
呼符 X 1
4月交換券(2024) X 1
`*日替りログインボーナス*
*開催期間中、1日1回 2週間日替りでログインボーナスをプレゼント！*
`聖晶石 X 3
巡霊の葉 X 50
`_2024-04-16 19:30:39_
--------
