【登录信息】
*fb01c381ae259b6016f634d837caf832*
`登陆天数: 855天 / 1479天
等级: 164
石头: 110
呼符: 11
体力: 79.81666666666666 / 145
友情点: 380 / 134884910`
*連続ログイン1日目
※ログインが途切れるか、7日到達すると
1日目から再開されます*
`フレンドポイント X 2000
4月交換券(2024) X 1
`*魔法使いの夜×Fate/Grand Orderコラボレーションイベント
開幕直前特別ログインボーナス*
*開催期間中、1日1回 最大7回 ログインボーナスをプレゼント！*
`黄金の果実 X 1
`_2024-04-17 19:31:03_
--------
*d7d817068dd79c14d5fa0fc2d8de9d8c*
`登陆天数: 43天 / 1402天
等级: 141
石头: 18
呼符: 2
体力: 120.40333333333334 / 140
友情点: 0 / 5754145`
*連続ログイン1日目
※ログインが途切れるか、7日到達すると
1日目から再開されます*
`フレンドポイント X 2000
4月交換券(2024) X 1
`*魔法使いの夜×Fate/Grand Orderコラボレーションイベント
開幕直前特別ログインボーナス*
*開催期間中、1日1回 最大7回 ログインボーナスをプレゼント！*
`黄金の果実 X 1
`_2024-04-17 19:31:12_
--------
