【登录信息】
*fb01c381ae259b6016f634d837caf832*
`登陆天数: 856天 / 1480天
等级: 164
石头: 110
呼符: 11
体力: 67.77 / 145
友情点: 220 / 134886645`
*連続ログイン2日目
※ログインが途切れるか、7日到達すると
1日目から再開されます*
`聖晶石 X 1
4月交換券(2024) X 1
`*魔法使いの夜×Fate/Grand Orderコラボレーションイベント
開幕直前特別ログインボーナス*
*開催期間中、1日1回 最大7回 ログインボーナスをプレゼント！*
`QP X 2000000
`_2024-04-18 19:30:49_
--------
*d7d817068dd79c14d5fa0fc2d8de9d8c*
`登陆天数: 44天 / 1403天
等级: 141
石头: 18
呼符: 2
体力: 408.36 / 140
友情点: 160 / 5754305`
*連続ログイン2日目
※ログインが途切れるか、7日到達すると
1日目から再開されます*
`聖晶石 X 1
4月交換券(2024) X 1
`*魔法使いの夜×Fate/Grand Orderコラボレーションイベント
開幕直前特別ログインボーナス*
*開催期間中、1日1回 最大7回 ログインボーナスをプレゼント！*
`QP X 2000000
`_2024-04-18 19:30:58_
--------
