【登录信息】
*fb01c381ae259b6016f634d837caf832*
`登陆天数: 857天 / 1481天
等级: 164
石头: 110
呼符: 11
体力: 68.72333333333333 / 145
友情点: 295 / 134888270`
*連続ログイン3日目
※ログインが途切れるか、7日到達すると
1日目から再開されます*
`叡智の業火 X 1
4月交換券(2024) X 1
`*魔法使いの夜×Fate/Grand Orderコラボレーションイベント
開幕直前特別ログインボーナス*
*開催期間中、1日1回 最大7回 ログインボーナスをプレゼント！*
`聖晶石 X 1
`_2024-04-19 19:30:35_
--------
*d7d817068dd79c14d5fa0fc2d8de9d8c*
`登陆天数: 45天 / 1404天
等级: 141
石头: 117
呼符: 6
体力: 220.80333333333334 / 140
友情点: 0 / 5760625`
*連続ログイン3日目
※ログインが途切れるか、7日到達すると
1日目から再開されます*
`叡智の業火 X 1
4月交換券(2024) X 1
`*魔法使いの夜×Fate/Grand Orderコラボレーションイベント
開幕直前特別ログインボーナス*
*開催期間中、1日1回 最大7回 ログインボーナスをプレゼント！*
`聖晶石 X 1
`_2024-04-19 19:30:45_
--------
