【登录信息】
*fb01c381ae259b6016f634d837caf832*
`登陆天数: 858天 / 1482天
等级: 164
石头: 110
呼符: 11
体力: 53.02666666666667 / 145
友情点: 300 / 134889765`
*連続ログイン4日目
※ログインが途切れるか、7日到達すると
1日目から再開されます*
`聖晶石 X 1
4月交換券(2024) X 1
`*魔法使いの夜×Fate/Grand Orderコラボレーションイベント
開幕直前特別ログインボーナス*
*開催期間中、1日1回 最大7回 ログインボーナスをプレゼント！*
`英霊結晶・星のフォウくん X 5
`_2024-04-20 19:30:34_
--------
*d7d817068dd79c14d5fa0fc2d8de9d8c*
`登陆天数: 46天 / 1405天
等级: 141
石头: 117
呼符: 6
体力: 508.8 / 140
友情点: 10 / 5760635`
*連続ログイン4日目
※ログインが途切れるか、7日到達すると
1日目から再開されます*
`聖晶石 X 1
4月交換券(2024) X 1
`*魔法使いの夜×Fate/Grand Orderコラボレーションイベント
開幕直前特別ログインボーナス*
*開催期間中、1日1回 最大7回 ログインボーナスをプレゼント！*
`英霊結晶・星のフォウくん X 5
`_2024-04-20 19:30:44_
--------
