【登录信息】
*fb01c381ae259b6016f634d837caf832*
`登陆天数: 859天 / 1483天
等级: 164
石头: 110
呼符: 11
体力: 80.98666666666666 / 145
友情点: 445 / 134891760`
*連続ログイン5日目
※ログインが途切れるか、7日到達すると
1日目から再開されます*
`叡智の業火 X 2
4月交換券(2024) X 1
`*魔法使いの夜×Fate/Grand Orderコラボレーションイベント
開幕直前特別ログインボーナス*
*開催期間中、1日1回 最大7回 ログインボーナスをプレゼント！*
`英霊結晶・太陽のフォウくん X 5
`_2024-04-21 19:30:22_
--------
*d7d817068dd79c14d5fa0fc2d8de9d8c*
`登陆天数: 47天 / 1406天
等级: 141
石头: 117
呼符: 6
体力: 796.76 / 140
友情点: 10 / 5760645`
*連続ログイン5日目
※ログインが途切れるか、7日到達すると
1日目から再開されます*
`叡智の業火 X 2
4月交換券(2024) X 1
`*魔法使いの夜×Fate/Grand Orderコラボレーションイベント
開幕直前特別ログインボーナス*
*開催期間中、1日1回 最大7回 ログインボーナスをプレゼント！*
`英霊結晶・太陽のフォウくん X 5
`_2024-04-21 19:30:32_
--------
