【登录信息】
*fb01c381ae259b6016f634d837caf832*
`登陆天数: 860天 / 1484天
等级: 164
石头: 121
呼符: 12
体力: 109.08 / 145
友情点: 260 / 134895930`
*連続ログイン6日目
※ログインが途切れるか、7日到達すると
1日目から再開されます*
`聖晶石 X 2
4月交換券(2024) X 1
`*魔法使いの夜×Fate/Grand Orderコラボレーションイベント
開幕直前特別ログインボーナス*
*開催期間中、1日1回 最大7回 ログインボーナスをプレゼント！*
`聖晶石 X 1
`_2024-04-22 19:30:49_
--------
*d7d817068dd79c14d5fa0fc2d8de9d8c*
`登陆天数: 48天 / 1407天
等级: 141
石头: 117
呼符: 6
体力: 1084.8533333333335 / 140
友情点: 70 / 5760925`
*連続ログイン6日目
※ログインが途切れるか、7日到達すると
1日目から再開されます*
`聖晶石 X 2
4月交換券(2024) X 1
`*魔法使いの夜×Fate/Grand Orderコラボレーションイベント
開幕直前特別ログインボーナス*
*開催期間中、1日1回 最大7回 ログインボーナスをプレゼント！*
`聖晶石 X 1
`_2024-04-22 19:30:59_
--------
