【登录信息】
*fb01c381ae259b6016f634d837caf832*
`登陆天数: 778天 / 1402天
等级: 161
石头: 198
呼符: 67
体力: 52.68000000000001 / 144
友情点: 85 / 136327080`
*連続ログイン1日目
※ログインが途切れるか、7日到達すると
1日目から再開されます*
`フレンドポイント X 2000
2月交換券(2024) X 1
`*「Fate/stay night」20周年記念
7万リポスト達成プレゼント*
*開催期間中、初回ログインで「聖晶石×20」をプレゼント！*
`聖晶石 X 20
`_2024-01-31 19:33:03_
--------
*d7d817068dd79c14d5fa0fc2d8de9d8c*
`登陆天数: 23天 / 1346天
等级: 140
石头: 4
呼符: 1
体力: 38811.63 / 140
友情点: 20 / 5704510`
*連続ログイン2日目
※ログインが途切れるか、7日到達すると
1日目から再開されます*
`聖晶石 X 1
2月交換券(2024) X 1
`*「Fate/stay night」20周年記念
7万リポスト達成プレゼント*
*開催期間中、初回ログインで「聖晶石×20」をプレゼント！*
`聖晶石 X 20
`_2024-01-31 19:33:12_
--------
