【登录信息】
*fb01c381ae259b6016f634d837caf832*
`登陆天数: 779天 / 1403天
等级: 161
石头: 218
呼符: 67
体力: 80.62666666666667 / 144
友情点: 235 / 136330130`
*連続ログイン2日目
※ログインが途切れるか、7日到達すると
1日目から再開されます*
`聖晶石 X 1
2月交換券(2024) X 1
`*日替りログインボーナス*
*開催期間中、1日1回 2週間日替りでログインボーナスをプレゼント！*
`聖晶石 X 1
巡霊の葉 X 50
`_2024-02-01 19:32:47_
--------
*d7d817068dd79c14d5fa0fc2d8de9d8c*
`登陆天数: 24天 / 1347天
等级: 140
石头: 4
呼符: 1
体力: 39099.583333333336 / 140
友情点: 20 / 5704530`
*連続ログイン3日目
※ログインが途切れるか、7日到達すると
1日目から再開されます*
`叡智の業火 X 1
2月交換券(2024) X 1
`*日替りログインボーナス*
*開催期間中、1日1回 2週間日替りでログインボーナスをプレゼント！*
`聖晶石 X 1
巡霊の葉 X 50
`_2024-02-01 19:32:57_
--------
