【登录信息】
*fb01c381ae259b6016f634d837caf832*
`登陆天数: 780天 / 1404天
等级: 161
石头: 247
呼符: 67
体力: 48.67 / 144
友情点: 155 / 136331440`
*連続ログイン3日目
※ログインが途切れるか、7日到達すると
1日目から再開されます*
`叡智の業火 X 1
2月交換券(2024) X 1
`*日替りログインボーナス*
*開催期間中、1日1回 2週間日替りでログインボーナスをプレゼント！*
`巡霊の葉 X 30
`_2024-02-02 19:33:00_
--------
*d7d817068dd79c14d5fa0fc2d8de9d8c*
`登陆天数: 25天 / 1348天
等级: 140
石头: 4
呼符: 1
体力: 39387.62333333334 / 140
友情点: 10 / 5704540`
*連続ログイン4日目
※ログインが途切れるか、7日到達すると
1日目から再開されます*
`聖晶石 X 1
2月交換券(2024) X 1
`*日替りログインボーナス*
*開催期間中、1日1回 2週間日替りでログインボーナスをプレゼント！*
`巡霊の葉 X 30
`_2024-02-02 19:33:10_
--------
