【登录信息】
*fb01c381ae259b6016f634d837caf832*
`登陆天数: 781天 / 1405天
等级: 161
石头: 247
呼符: 67
体力: 116.58 / 144
友情点: 145 / 136332160`
*連続ログイン4日目
※ログインが途切れるか、7日到達すると
1日目から再開されます*
`聖晶石 X 1
2月交換券(2024) X 1
`*日替りログインボーナス*
*開催期間中、1日1回 2週間日替りでログインボーナスをプレゼント！*
`巡霊の葉 X 30
`_2024-02-03 19:32:33_
--------
*d7d817068dd79c14d5fa0fc2d8de9d8c*
`登陆天数: 26天 / 1349天
等级: 140
石头: 4
呼符: 1
体力: 39675.53 / 140
友情点: 40 / 5704630`
*連続ログイン5日目
※ログインが途切れるか、7日到達すると
1日目から再開されます*
`叡智の業火 X 2
2月交換券(2024) X 1
`*日替りログインボーナス*
*開催期間中、1日1回 2週間日替りでログインボーナスをプレゼント！*
`巡霊の葉 X 30
`_2024-02-03 19:32:42_
--------
