【登录信息】
*fb01c381ae259b6016f634d837caf832*
`登陆天数: 782天 / 1406天
等级: 161
石头: 247
呼符: 67
体力: 79.88666666666667 / 144
友情点: 115 / 136333140`
*連続ログイン5日目
※ログインが途切れるか、7日到達すると
1日目から再開されます*
`叡智の業火 X 2
2月交換券(2024) X 1
`*日替りログインボーナス*
*開催期間中、1日1回 2週間日替りでログインボーナスをプレゼント！*
`聖晶石 X 1
巡霊の葉 X 80
`_2024-02-04 19:33:00_
--------
*d7d817068dd79c14d5fa0fc2d8de9d8c*
`登陆天数: 27天 / 1350天
等级: 140
石头: 4
呼符: 1
体力: 39963.62 / 140
友情点: 50 / 5704680`
*連続ログイン6日目
※ログインが途切れるか、7日到達すると
1日目から再開されます*
`聖晶石 X 2
2月交換券(2024) X 1
`*日替りログインボーナス*
*開催期間中、1日1回 2週間日替りでログインボーナスをプレゼント！*
`聖晶石 X 1
巡霊の葉 X 80
`_2024-02-04 19:33:09_
--------
