【登录信息】
*fb01c381ae259b6016f634d837caf832*
`登陆天数: 783天 / 1407天
等级: 161
石头: 250
呼符: 67
体力: 127.83666666666667 / 144
友情点: 400 / 136334480`
*連続ログイン6日目
※ログインが途切れるか、7日到達すると
1日目から再開されます*
`聖晶石 X 2
2月交換券(2024) X 1
`*日替りログインボーナス*
*開催期間中、1日1回 2週間日替りでログインボーナスをプレゼント！*
`巡霊の葉 X 30
`_2024-02-05 19:32:45_
--------
*d7d817068dd79c14d5fa0fc2d8de9d8c*
`登陆天数: 28天 / 1351天
等级: 140
石头: 4
呼符: 1
体力: 40251.573333333334 / 140
友情点: 60 / 5704740`
*連続ログイン7日間到達おめでとうございます！
明日は1日目からリスタートされます。*
`獣の足跡 X 1
呼符 X 1
2月交換券(2024) X 1
`*「Fate/stay night」20周年記念特別ログインボーナス*
*開催期間中、1日1回 最大7回ログインボーナスをプレゼント！*
`聖晶石 X 20
`_2024-02-05 19:32:54_
--------
