【登录信息】
*fb01c381ae259b6016f634d837caf832*
`登陆天数: 784天 / 1408天
等级: 161
石头: 12
呼符: 4
体力: 49.099999999999994 / 144
友情点: 215 / 136336550`
*連続ログイン7日間到達おめでとうございます！
明日は1日目からリスタートされます。*
`獣の足跡 X 1
呼符 X 1
2月交換券(2024) X 1
`*日替りログインボーナス*
*開催期間中、1日1回 2週間日替りでログインボーナスをプレゼント！*
`巡霊の葉 X 30
`_2024-02-06 19:34:12_
--------
*d7d817068dd79c14d5fa0fc2d8de9d8c*
`登陆天数: 29天 / 1352天
等级: 140
石头: 4
呼符: 1
体力: 40539.86 / 140
友情点: 150 / 5704890`
*連続ログイン1日目
※ログインが途切れるか、7日到達すると
1日目から再開されます*
`フレンドポイント X 2000
2月交換券(2024) X 1
`*盈月剣風帖開幕記念 ログインボーナス*
*開催期間中、1日1回 最大21回ログインボーナスをプレゼント！*
`白銀の果実 X 1
`_2024-02-06 19:34:21_
--------
