【登录信息】
*fb01c381ae259b6016f634d837caf832*
`登陆天数: 785天 / 1409天
等级: 161
石头: 25
呼符: 4
体力: 49.58 / 144
友情点: 540 / 136338725`
*連続ログイン1日目
※ログインが途切れるか、7日到達すると
1日目から再開されます*
`フレンドポイント X 2000
2月交換券(2024) X 1
`*日替りログインボーナス*
*開催期間中、1日1回 2週間日替りでログインボーナスをプレゼント！*
`聖晶石 X 3
巡霊の葉 X 50
`_2024-02-07 19:32:49_
--------
*d7d817068dd79c14d5fa0fc2d8de9d8c*
`登陆天数: 30天 / 1353天
等级: 140
石头: 4
呼符: 1
体力: 40827.583333333336 / 140
友情点: 70 / 5704960`
*連続ログイン2日目
※ログインが途切れるか、7日到達すると
1日目から再開されます*
`聖晶石 X 1
2月交換券(2024) X 1
`*日替りログインボーナス*
*開催期間中、1日1回 2週間日替りでログインボーナスをプレゼント！*
`聖晶石 X 3
巡霊の葉 X 50
`_2024-02-07 19:32:57_
--------
