【登录信息】
*fb01c381ae259b6016f634d837caf832*
`登陆天数: 786天 / 1410天
等级: 161
石头: 30
呼符: 4
体力: 57.599999999999994 / 144
友情点: 165 / 136340350`
*連続ログイン2日目
※ログインが途切れるか、7日到達すると
1日目から再開されます*
`聖晶石 X 1
2月交換券(2024) X 1
`*日替りログインボーナス*
*開催期間中、1日1回 2週間日替りでログインボーナスをプレゼント！*
`聖晶石 X 1
巡霊の葉 X 50
`_2024-02-08 19:32:54_
--------
*d7d817068dd79c14d5fa0fc2d8de9d8c*
`登陆天数: 31天 / 1354天
等级: 140
石头: 4
呼符: 1
体力: 41115.6 / 140
友情点: 150 / 5705140`
*連続ログイン3日目
※ログインが途切れるか、7日到達すると
1日目から再開されます*
`叡智の業火 X 1
2月交換券(2024) X 1
`*日替りログインボーナス*
*開催期間中、1日1回 2週間日替りでログインボーナスをプレゼント！*
`聖晶石 X 1
巡霊の葉 X 50
`_2024-02-08 19:33:03_
--------
