【登录信息】
*fb01c381ae259b6016f634d837caf832*
`登陆天数: 788天 / 1412天
等级: 161
石头: 34
呼符: 4
体力: 59.61333333333333 / 144
友情点: 30 / 136344655`
*連続ログイン4日目
※ログインが途切れるか、7日到達すると
1日目から再開されます*
`聖晶石 X 1
2月交換券(2024) X 1
`*日替りログインボーナス*
*開催期間中、1日1回 2週間日替りでログインボーナスをプレゼント！*
`巡霊の葉 X 30
`_2024-02-10 19:32:58_
--------
*d7d817068dd79c14d5fa0fc2d8de9d8c*
`登陆天数: 33天 / 1356天
等级: 140
石头: 4
呼符: 1
体力: 41691.61666666667 / 140
友情点: 80 / 5705280`
*連続ログイン5日目
※ログインが途切れるか、7日到達すると
1日目から再開されます*
`叡智の業火 X 2
2月交換券(2024) X 1
`*日替りログインボーナス*
*開催期間中、1日1回 2週間日替りでログインボーナスをプレゼント！*
`巡霊の葉 X 30
`_2024-02-10 19:33:08_
--------
