【登录信息】
*fb01c381ae259b6016f634d837caf832*
`登陆天数: 789天 / 1413天
等级: 162
石头: 59
呼符: 5
体力: 35.69666666666667 / 144
友情点: 170 / 136348295`
*連続ログイン5日目
※ログインが途切れるか、7日到達すると
1日目から再開されます*
`叡智の業火 X 2
2月交換券(2024) X 1
`*「FGO カルデア・サテライトステーション 2023-2024」新潟会場開催記念 3万リポスト達成プレゼント*
*開催期間中、初回ログインで「聖晶石×6」をプレゼント！*
`聖晶石 X 6
`_2024-02-11 19:32:40_
--------
*d7d817068dd79c14d5fa0fc2d8de9d8c*
`登陆天数: 34天 / 1357天
等级: 140
石头: 4
呼符: 1
体力: 41979.55333333334 / 140
友情点: 130 / 5705410`
*連続ログイン6日目
※ログインが途切れるか、7日到達すると
1日目から再開されます*
`聖晶石 X 2
2月交換券(2024) X 1
`*「FGO カルデア・サテライトステーション 2023-2024」新潟会場開催記念 3万リポスト達成プレゼント*
*開催期間中、初回ログインで「聖晶石×6」をプレゼント！*
`聖晶石 X 6
`_2024-02-11 19:32:49_
--------
