【登录信息】
*fb01c381ae259b6016f634d837caf832*
`登陆天数: 790天 / 1414天
等级: 162
石头: 59
呼符: 5
体力: 58.70333333333333 / 144
友情点: 235 / 136350165`
*連続ログイン6日目
※ログインが途切れるか、7日到達すると
1日目から再開されます*
`聖晶石 X 2
2月交換券(2024) X 1
`*日替りログインボーナス*
*開催期間中、1日1回 2週間日替りでログインボーナスをプレゼント！*
`巡霊の葉 X 30
`_2024-02-12 19:32:49_
--------
*d7d817068dd79c14d5fa0fc2d8de9d8c*
`登陆天数: 35天 / 1358天
等级: 140
石头: 4
呼符: 1
体力: 42267.58 / 140
友情点: 30 / 5705440`
*連続ログイン7日間到達おめでとうございます！
明日は1日目からリスタートされます。*
`獣の足跡 X 1
呼符 X 1
2月交換券(2024) X 1
`*日替りログインボーナス*
*開催期間中、1日1回 2週間日替りでログインボーナスをプレゼント！*
`巡霊の葉 X 30
`_2024-02-12 19:32:57_
--------
