【登录信息】
*fb01c381ae259b6016f634d837caf832*
`登陆天数: 791天 / 1415天
等级: 162
石头: 59
呼符: 5
体力: 46.736666666666665 / 144
友情点: 415 / 136352450`
*連続ログイン7日間到達おめでとうございます！
明日は1日目からリスタートされます。*
`獣の足跡 X 1
呼符 X 1
2月交換券(2024) X 1
`*日替りログインボーナス*
*開催期間中、1日1回 2週間日替りでログインボーナスをプレゼント！*
`巡霊の葉 X 30
`_2024-02-13 19:32:59_
--------
*d7d817068dd79c14d5fa0fc2d8de9d8c*
`登陆天数: 36天 / 1359天
等级: 140
石头: 4
呼符: 1
体力: 42555.61666666667 / 140
友情点: 40 / 5705480`
*連続ログイン1日目
※ログインが途切れるか、7日到達すると
1日目から再開されます*
`フレンドポイント X 2000
2月交換券(2024) X 1
`*バレンタイン2024
開幕直前特別ログインボーナス*
*開催期間中、1日1回 最大7回ログインボーナスをプレゼント！*
`マナプリズム X 50
`_2024-02-13 19:33:08_
--------
