【登录信息】
*fb01c381ae259b6016f634d837caf832*
`登陆天数: 687天 / 1311天
等级: 154
石头: 96
呼符: 41
体力: 58.83666666666667 / 143
友情点: 0 / 168827930`
*連続ログイン1日目
※ログインが途切れるか、7日到達すると
1日目から再開されます*
`フレンドポイント X 2000
11月交換券(2023) X 1
`*聖杯戦線 ～白天の城、黒夜の城～開幕記念 ログインボーナス*
*開催期間中、1日1回 最大21回ログインボーナスをプレゼント！*
`白銀の果実 X 1
`_2023-11-01 19:38:03_
--------
*d7d817068dd79c14d5fa0fc2d8de9d8c*
`登陆天数: 5天 / 1259天
等级: 140
石头: 4
呼符: 1
体力: 12604.633333333333 / 140
友情点: 130 / 5686630`
*連続ログイン5日目
※ログインが途切れるか、7日到達すると
1日目から再開されます*
`叡智の業火 X 2
11月交換券(2023) X 1
`*聖杯戦線 ～白天の城、黒夜の城～開幕記念 ログインボーナス*
*開催期間中、1日1回 最大21回ログインボーナスをプレゼント！*
`白銀の果実 X 1
`_2023-11-01 19:38:12_
--------
