【登录信息】
*fb01c381ae259b6016f634d837caf832*
`登陆天数: 688天 / 1312天
等级: 154
石头: 96
呼符: 41
体力: 76.85333333333334 / 143
友情点: 25 / 168830415`
*連続ログイン2日目
※ログインが途切れるか、7日到達すると
1日目から再開されます*
`聖晶石 X 1
11月交換券(2023) X 1
`*聖杯戦線 ～白天の城、黒夜の城～開幕記念 ログインボーナス*
*開催期間中、1日1回 最大21回ログインボーナスをプレゼント！*
`白銀の果実 X 1
`_2023-11-02 19:38:09_
--------
*d7d817068dd79c14d5fa0fc2d8de9d8c*
`登陆天数: 6天 / 1260天
等级: 140
石头: 4
呼符: 1
体力: 12892.65 / 140
友情点: 110 / 5686740`
*連続ログイン6日目
※ログインが途切れるか、7日到達すると
1日目から再開されます*
`聖晶石 X 2
11月交換券(2023) X 1
`*聖杯戦線 ～白天の城、黒夜の城～開幕記念 ログインボーナス*
*開催期間中、1日1回 最大21回ログインボーナスをプレゼント！*
`黄金の果実 X 1
`_2023-11-02 19:38:18_
--------
