【登录信息】
*fb01c381ae259b6016f634d837caf832*
`登陆天数: 689天 / 1313天
等级: 154
石头: 96
呼符: 41
体力: 124.80666666666667 / 143
友情点: 0 / 168830765`
*連続ログイン3日目
※ログインが途切れるか、7日到達すると
1日目から再開されます*
`叡智の業火 X 1
11月交換券(2023) X 1
`*聖杯戦線 ～白天の城、黒夜の城～開幕記念 ログインボーナス*
*開催期間中、1日1回 最大21回ログインボーナスをプレゼント！*
`白銀の果実 X 1
`_2023-11-03 19:37:55_
--------
*d7d817068dd79c14d5fa0fc2d8de9d8c*
`登陆天数: 7天 / 1261天
等级: 140
石头: 4
呼符: 1
体力: 13180.603333333333 / 140
友情点: 140 / 5687090`
*連続ログイン7日間到達おめでとうございます！
明日は1日目からリスタートされます。*
`獣の足跡 X 1
呼符 X 1
11月交換券(2023) X 1
`*聖杯戦線 ～白天の城、黒夜の城～開幕記念 ログインボーナス*
*開催期間中、1日1回 最大21回ログインボーナスをプレゼント！*
`白銀の果実 X 1
`_2023-11-03 19:38:04_
--------
