【登录信息】
*fb01c381ae259b6016f634d837caf832*
`登陆天数: 693天 / 1317天
等级: 154
石头: 99
呼符: 41
体力: 72.40333333333334 / 143
友情点: 75 / 168833510`
*連続ログイン7日間到達おめでとうございます！
明日は1日目からリスタートされます。*
`獣の足跡 X 1
呼符 X 1
11月交換券(2023) X 1
`*聖杯戦線 ～白天の城、黒夜の城～開幕記念 ログインボーナス*
*開催期間中、1日1回 最大21回ログインボーナスをプレゼント！*
`黄金の果実 X 1
`_2023-11-07 19:38:12_
--------
*d7d817068dd79c14d5fa0fc2d8de9d8c*
`登陆天数: 11天 / 1265天
等级: 140
石头: 4
呼符: 1
体力: 14332.66 / 140
友情点: 120 / 5687510`
*連続ログイン4日目
※ログインが途切れるか、7日到達すると
1日目から再開されます*
`聖晶石 X 1
11月交換券(2023) X 1
`*聖杯戦線 ～白天の城、黒夜の城～開幕記念 ログインボーナス*
*開催期間中、1日1回 最大21回ログインボーナスをプレゼント！*
`白銀の果実 X 1
`_2023-11-07 19:38:21_
--------
