【登录信息】
*fb01c381ae259b6016f634d837caf832*
`登陆天数: 696天 / 1320天
等级: 154
石头: 99
呼符: 42
体力: 145.38 / 143
友情点: 0 / 168835185`
*連続ログイン3日目
※ログインが途切れるか、7日到達すると
1日目から再開されます*
`叡智の業火 X 1
11月交換券(2023) X 1
`*聖杯戦線 ～白天の城、黒夜の城～開幕記念 ログインボーナス*
*開催期間中、1日1回 最大21回ログインボーナスをプレゼント！*
`白銀の果実 X 1
`_2023-11-10 19:38:06_
--------
*d7d817068dd79c14d5fa0fc2d8de9d8c*
`登陆天数: 14天 / 1268天
等级: 140
石头: 4
呼符: 1
体力: 15196.64 / 140
友情点: 120 / 5691250`
*連続ログイン7日間到達おめでとうございます！
明日は1日目からリスタートされます。*
`獣の足跡 X 1
呼符 X 1
11月交換券(2023) X 1
`*聖杯戦線 ～白天の城、黒夜の城～開幕記念 ログインボーナス*
*開催期間中、1日1回 最大21回ログインボーナスをプレゼント！*
`白銀の果実 X 1
`_2023-11-10 19:38:15_
--------
