【登录信息】
*fb01c381ae259b6016f634d837caf832*
`登陆天数: 697天 / 1321天
等级: 154
石头: 99
呼符: 42
体力: 47.46333333333334 / 143
友情点: 525 / 168836135`
*連続ログイン4日目
※ログインが途切れるか、7日到達すると
1日目から再開されます*
`聖晶石 X 1
11月交換券(2023) X 1
`*聖杯戦線 ～白天の城、黒夜の城～開幕記念 ログインボーナス*
*開催期間中、1日1回 最大21回ログインボーナスをプレゼント！*
`白銀の果実 X 1
`_2023-11-11 19:38:13_
--------
*d7d817068dd79c14d5fa0fc2d8de9d8c*
`登陆天数: 15天 / 1269天
等级: 140
石头: 4
呼符: 1
体力: 15484.663333333334 / 140
友情点: 210 / 5691460`
*連続ログイン1日目
※ログインが途切れるか、7日到達すると
1日目から再開されます*
`フレンドポイント X 2000
11月交換券(2023) X 1
`*聖杯戦線 ～白天の城、黒夜の城～開幕記念 ログインボーナス*
*開催期間中、1日1回 最大21回ログインボーナスをプレゼント！*
`白銀の果実 X 1
`_2023-11-11 19:38:21_
--------
