【登录信息】
*fb01c381ae259b6016f634d837caf832*
`登陆天数: 698天 / 1322天
等级: 154
石头: 99
呼符: 42
体力: 55.43000000000001 / 143
友情点: 25 / 168836960`
*連続ログイン5日目
※ログインが途切れるか、7日到達すると
1日目から再開されます*
`叡智の業火 X 2
11月交換券(2023) X 1
`*聖杯戦線 ～白天の城、黒夜の城～開幕記念 ログインボーナス*
*開催期間中、1日1回 最大21回ログインボーナスをプレゼント！*
`白銀の果実 X 1
`_2023-11-12 19:38:02_
--------
*d7d817068dd79c14d5fa0fc2d8de9d8c*
`登陆天数: 16天 / 1270天
等级: 140
石头: 4
呼符: 1
体力: 15772.63 / 140
友情点: 260 / 5691720`
*連続ログイン2日目
※ログインが途切れるか、7日到達すると
1日目から再開されます*
`聖晶石 X 1
11月交換券(2023) X 1
`*聖杯戦線 ～白天の城、黒夜の城～開幕記念 ログインボーナス*
*開催期間中、1日1回 最大21回ログインボーナスをプレゼント！*
`白銀の果実 X 1
`_2023-11-12 19:38:11_
--------
