【登录信息】
*fb01c381ae259b6016f634d837caf832*
`登陆天数: 699天 / 1323天
等级: 155
石头: 100
呼符: 42
体力: 72.72 / 143
友情点: 285 / 168837900`
*連続ログイン6日目
※ログインが途切れるか、7日到達すると
1日目から再開されます*
`聖晶石 X 2
11月交換券(2023) X 1
`*聖杯戦線 ～白天の城、黒夜の城～開幕記念 ログインボーナス*
*開催期間中、1日1回 最大21回ログインボーナスをプレゼント！*
`白銀の果実 X 1
`_2023-11-13 19:37:52_
--------
*d7d817068dd79c14d5fa0fc2d8de9d8c*
`登陆天数: 17天 / 1271天
等级: 140
石头: 4
呼符: 1
体力: 16060.596666666666 / 140
友情点: 150 / 5691880`
*連続ログイン3日目
※ログインが途切れるか、7日到達すると
1日目から再開されます*
`叡智の業火 X 1
11月交換券(2023) X 1
`*聖杯戦線 ～白天の城、黒夜の城～開幕記念 ログインボーナス*
*開催期間中、1日1回 最大21回ログインボーナスをプレゼント！*
`白銀の果実 X 1
`_2023-11-13 19:38:01_
--------
