【登录信息】
*fb01c381ae259b6016f634d837caf832*
`登陆天数: 700天 / 1324天
等级: 155
石头: 100
呼符: 42
体力: 86.60333333333332 / 143
友情点: 165 / 168841470`
*連続ログイン7日間到達おめでとうございます！
明日は1日目からリスタートされます。*
`獣の足跡 X 1
呼符 X 1
11月交換券(2023) X 1
`_2023-11-14 19:39:20_
--------
*d7d817068dd79c14d5fa0fc2d8de9d8c*
`登陆天数: 18天 / 1272天
等级: 140
石头: 4
呼符: 1
体力: 16348.89 / 140
友情点: 150 / 5692070`
*連続ログイン4日目
※ログインが途切れるか、7日到達すると
1日目から再開されます*
`聖晶石 X 1
11月交換券(2023) X 1
`*聖杯戦線 ～白天の城、黒夜の城～開幕記念 ログインボーナス*
*開催期間中、1日1回 最大21回ログインボーナスをプレゼント！*
`白銀の果実 X 1
`_2023-11-14 19:39:29_
--------
