【登录信息】
*fb01c381ae259b6016f634d837caf832*
`登陆天数: 701天 / 1325天
等级: 155
石头: 109
呼符: 42
体力: 69.34333333333333 / 143
友情点: 185 / 168842775`
*連続ログイン1日目
※ログインが途切れるか、7日到達すると
1日目から再開されます*
`フレンドポイント X 2000
11月交換券(2023) X 1
`_2023-11-15 19:38:04_
--------
*d7d817068dd79c14d5fa0fc2d8de9d8c*
`登陆天数: 19天 / 1273天
等级: 140
石头: 4
呼符: 1
体力: 16636.633333333335 / 140
友情点: 160 / 5692230`
*連続ログイン5日目
※ログインが途切れるか、7日到達すると
1日目から再開されます*
`叡智の業火 X 2
11月交換券(2023) X 1
`*使用期限付コンティニューアイテムプレゼント！*
*開催期間中、初回ログインでコンティニューアイテム「霊脈石×3」をプレゼント！*
`霊脈石 X 3
`_2023-11-15 19:38:12_
--------
