【登录信息】
*fb01c381ae259b6016f634d837caf832*
`登陆天数: 703天 / 1327天
等级: 155
石头: 112
呼符: 48
体力: 97.96333333333334 / 143
友情点: 135 / 168852740`
*連続ログイン3日目
※ログインが途切れるか、7日到達すると
1日目から再開されます*
`叡智の業火 X 1
11月交換券(2023) X 1
`*2900万DL突破記念 特別回数ログインボーナス*
*開催期間中、1日1回 最大10回 回数ログインボーナスをプレゼント！*
`白銀の果実 X 10
`_2023-11-17 19:38:05_
--------
*d7d817068dd79c14d5fa0fc2d8de9d8c*
`登陆天数: 21天 / 1275天
等级: 140
石头: 4
呼符: 1
体力: 17212.636666666665 / 140
友情点: 250 / 5692810`
*連続ログイン7日間到達おめでとうございます！
明日は1日目からリスタートされます。*
`獣の足跡 X 1
呼符 X 1
11月交換券(2023) X 1
`*2900万DL突破記念 特別回数ログインボーナス*
*開催期間中、1日1回 最大10回 回数ログインボーナスをプレゼント！*
`白銀の果実 X 10
`_2023-11-17 19:38:14_
--------
