【登录信息】
*fb01c381ae259b6016f634d837caf832*
`登陆天数: 704天 / 1328天
等级: 155
石头: 121
呼符: 48
体力: 81.06333333333333 / 143
友情点: 95 / 168376425`
*連続ログイン4日目
※ログインが途切れるか、7日到達すると
1日目から再開されます*
`聖晶石 X 1
11月交換券(2023) X 1
`*2900万DL突破記念 特別回数ログインボーナス*
*開催期間中、1日1回 最大10回 回数ログインボーナスをプレゼント！*
`マナプリズム X 100
黄金の果実 X 10
`_2023-11-18 19:37:47_
--------
*d7d817068dd79c14d5fa0fc2d8de9d8c*
`登陆天数: 22天 / 1276天
等级: 140
石头: 4
呼符: 1
体力: 17500.573333333334 / 140
友情点: 420 / 5693230`
*連続ログイン1日目
※ログインが途切れるか、7日到達すると
1日目から再開されます*
`フレンドポイント X 2000
11月交換券(2023) X 1
`*2900万DL突破記念 特別回数ログインボーナス*
*開催期間中、1日1回 最大10回 回数ログインボーナスをプレゼント！*
`マナプリズム X 100
黄金の果実 X 10
`_2023-11-18 19:37:55_
--------
