【登录信息】
*fb01c381ae259b6016f634d837caf832*
`登陆天数: 705天 / 1329天
等级: 155
石头: 121
呼符: 48
体力: 61.55 / 143
友情点: 840 / 168378190`
*連続ログイン5日目
※ログインが途切れるか、7日到達すると
1日目から再開されます*
`叡智の業火 X 2
11月交換券(2023) X 1
`*2900万DL突破記念 特別回数ログインボーナス*
*開催期間中、1日1回 最大10回 回数ログインボーナスをプレゼント！*
`QP X 10000000
`_2023-11-19 19:37:48_
--------
*d7d817068dd79c14d5fa0fc2d8de9d8c*
`登陆天数: 23天 / 1277天
等级: 140
石头: 4
呼符: 1
体力: 17788.58 / 140
友情点: 120 / 5693350`
*連続ログイン2日目
※ログインが途切れるか、7日到達すると
1日目から再開されます*
`聖晶石 X 1
11月交換券(2023) X 1
`*2900万DL突破記念 特別回数ログインボーナス*
*開催期間中、1日1回 最大10回 回数ログインボーナスをプレゼント！*
`QP X 10000000
`_2023-11-19 19:37:56_
--------
