【登录信息】
*fb01c381ae259b6016f634d837caf832*
`登陆天数: 706天 / 1330天
等级: 155
石头: 121
呼符: 48
体力: 89.59666666666666 / 143
友情点: 180 / 168379895`
*連続ログイン6日目
※ログインが途切れるか、7日到達すると
1日目から再開されます*
`聖晶石 X 2
11月交換券(2023) X 1
`*2900万DL突破記念 特別回数ログインボーナス*
*開催期間中、1日1回 最大10回 回数ログインボーナスをプレゼント！*
`叡智の業火 X 10
`_2023-11-20 19:38:01_
--------
*d7d817068dd79c14d5fa0fc2d8de9d8c*
`登陆天数: 24天 / 1278天
等级: 140
石头: 4
呼符: 1
体力: 18076.623333333333 / 140
友情点: 160 / 5693510`
*連続ログイン3日目
※ログインが途切れるか、7日到達すると
1日目から再開されます*
`叡智の業火 X 1
11月交換券(2023) X 1
`*2900万DL突破記念 特別回数ログインボーナス*
*開催期間中、1日1回 最大10回 回数ログインボーナスをプレゼント！*
`叡智の業火 X 10
`_2023-11-20 19:38:10_
--------
