【登录信息】
*fb01c381ae259b6016f634d837caf832*
`登陆天数: 707天 / 1331天
等级: 155
石头: 121
呼符: 48
体力: 117.54333333333334 / 143
友情点: 120 / 168380870`
*連続ログイン7日間到達おめでとうございます！
明日は1日目からリスタートされます。*
`獣の足跡 X 1
呼符 X 1
11月交換券(2023) X 1
`*2900万DL突破記念 特別回数ログインボーナス*
*開催期間中、1日1回 最大10回 回数ログインボーナスをプレゼント！*
`英霊結晶・星のフォウくん X 10
英霊結晶・太陽のフォウくん X 10
`_2023-11-21 19:37:46_
--------
*d7d817068dd79c14d5fa0fc2d8de9d8c*
`登陆天数: 25天 / 1279天
等级: 140
石头: 4
呼符: 1
体力: 18364.573333333334 / 140
友情点: 110 / 5693650`
*連続ログイン4日目
※ログインが途切れるか、7日到達すると
1日目から再開されます*
`聖晶石 X 1
11月交換券(2023) X 1
`*2900万DL突破記念 特別回数ログインボーナス*
*開催期間中、1日1回 最大10回 回数ログインボーナスをプレゼント！*
`英霊結晶・星のフォウくん X 10
英霊結晶・太陽のフォウくん X 10
`_2023-11-21 19:37:55_
--------
