【登录信息】
*fb01c381ae259b6016f634d837caf832*
`登陆天数: 708天 / 1332天
等级: 155
石头: 124
呼符: 49
体力: 152.87333333333333 / 143
友情点: 380 / 168381840`
*連続ログイン1日目
※ログインが途切れるか、7日到達すると
1日目から再開されます*
`フレンドポイント X 2000
11月交換券(2023) X 1
`*日替りログインボーナス*
*開催期間中、1日1回 2週間日替りでログインボーナスをプレゼント！*
`巡霊の葉 X 30
`_2023-11-22 19:38:08_
--------
*d7d817068dd79c14d5fa0fc2d8de9d8c*
`登陆天数: 26天 / 1280天
等级: 140
石头: 4
呼符: 1
体力: 18652.646666666667 / 140
友情点: 170 / 5693830`
*連続ログイン5日目
※ログインが途切れるか、7日到達すると
1日目から再開されます*
`叡智の業火 X 2
11月交換券(2023) X 1
`*日替りログインボーナス*
*開催期間中、1日1回 2週間日替りでログインボーナスをプレゼント！*
`巡霊の葉 X 30
`_2023-11-22 19:38:17_
--------
