【登录信息】
*fb01c381ae259b6016f634d837caf832*
`登陆天数: 711天 / 1335天
等级: 155
石头: 133
呼符: 49
体力: 75.71 / 143
友情点: 375 / 167386555`
*連続ログイン4日目
※ログインが途切れるか、7日到達すると
1日目から再開されます*
`聖晶石 X 1
11月交換券(2023) X 1
`*日替りログインボーナス*
*開催期間中、1日1回 2週間日替りでログインボーナスをプレゼント！*
`巡霊の葉 X 30
`_2023-11-25 19:38:05_
--------
*d7d817068dd79c14d5fa0fc2d8de9d8c*
`登陆天数: 29天 / 1283天
等级: 140
石头: 4
呼符: 1
体力: 19516.64 / 140
友情点: 120 / 5694230`
*連続ログイン1日目
※ログインが途切れるか、7日到達すると
1日目から再開されます*
`フレンドポイント X 2000
11月交換券(2023) X 1
`*日替りログインボーナス*
*開催期間中、1日1回 2週間日替りでログインボーナスをプレゼント！*
`巡霊の葉 X 30
`_2023-11-25 19:38:15_
--------
