【登录信息】
*fb01c381ae259b6016f634d837caf832*
`登陆天数: 713天 / 1337天
等级: 155
石头: 137
呼符: 49
体力: 130.18333333333334 / 143
友情点: 305 / 166794960`
*連続ログイン6日目
※ログインが途切れるか、7日到達すると
1日目から再開されます*
`聖晶石 X 2
11月交換券(2023) X 1
`*日替りログインボーナス*
*開催期間中、1日1回 2週間日替りでログインボーナスをプレゼント！*
`巡霊の葉 X 30
`_2023-11-27 19:37:52_
--------
*d7d817068dd79c14d5fa0fc2d8de9d8c*
`登陆天数: 31天 / 1285天
等级: 140
石头: 4
呼符: 1
体力: 20092.596666666668 / 140
友情点: 90 / 5694515`
*連続ログイン3日目
※ログインが途切れるか、7日到達すると
1日目から再開されます*
`叡智の業火 X 1
11月交換券(2023) X 1
`*日替りログインボーナス*
*開催期間中、1日1回 2週間日替りでログインボーナスをプレゼント！*
`巡霊の葉 X 30
`_2023-11-27 19:38:01_
--------
