【登录信息】
*fb01c381ae259b6016f634d837caf832*
`登陆天数: 714天 / 1338天
等级: 155
石头: 137
呼符: 49
体力: 119.84333333333333 / 143
友情点: 175 / 166796280`
*連続ログイン7日間到達おめでとうございます！
明日は1日目からリスタートされます。*
`獣の足跡 X 1
呼符 X 1
11月交換券(2023) X 1
`*日替りログインボーナス*
*開催期間中、1日1回 2週間日替りでログインボーナスをプレゼント！*
`聖晶石 X 3
巡霊の葉 X 50
`_2023-11-28 19:37:53_
--------
*d7d817068dd79c14d5fa0fc2d8de9d8c*
`登陆天数: 32天 / 1286天
等级: 140
石头: 4
呼符: 1
体力: 20380.6 / 140
友情点: 0 / 5694515`
*連続ログイン4日目
※ログインが途切れるか、7日到達すると
1日目から再開されます*
`聖晶石 X 1
11月交換券(2023) X 1
`*日替りログインボーナス*
*開催期間中、1日1回 2週間日替りでログインボーナスをプレゼント！*
`聖晶石 X 3
巡霊の葉 X 50
`_2023-11-28 19:38:03_
--------
