【登录信息】
*fb01c381ae259b6016f634d837caf832*
`登陆天数: 715天 / 1339天
等级: 155
石头: 176
呼符: 50
体力: 75.13 / 143
友情点: 25 / 165365685`
*連続ログイン1日目
※ログインが途切れるか、7日到達すると
1日目から再開されます*
`フレンドポイント X 2000
11月交換券(2023) X 1
`*日替りログインボーナス*
*開催期間中、1日1回 2週間日替りでログインボーナスをプレゼント！*
`巡霊の葉 X 30
`_2023-11-29 19:37:45_
--------
*d7d817068dd79c14d5fa0fc2d8de9d8c*
`登陆天数: 33天 / 1287天
等级: 140
石头: 4
呼符: 1
体力: 20668.573333333334 / 140
友情点: 90 / 5698095`
*連続ログイン5日目
※ログインが途切れるか、7日到達すると
1日目から再開されます*
`叡智の業火 X 2
11月交換券(2023) X 1
`*日替りログインボーナス*
*開催期間中、1日1回 2週間日替りでログインボーナスをプレゼント！*
`巡霊の葉 X 30
`_2023-11-29 19:37:54_
--------
