【登录信息】
*fb01c381ae259b6016f634d837caf832*
`登陆天数: 716天 / 1340天
等级: 155
石头: 197
呼符: 56
体力: 68.18 / 143
友情点: 110 / 164673995`
*連続ログイン2日目
※ログインが途切れるか、7日到達すると
1日目から再開されます*
`聖晶石 X 1
12月交換券(2023) X 1
`*日替りログインボーナス*
*開催期間中、1日1回 2週間日替りでログインボーナスをプレゼント！*
`巡霊の葉 X 30
`_2023-11-30 19:38:00_
--------
*d7d817068dd79c14d5fa0fc2d8de9d8c*
`登陆天数: 34天 / 1288天
等级: 140
石头: 4
呼符: 1
体力: 20956.623333333333 / 140
友情点: 70 / 5698165`
*連続ログイン6日目
※ログインが途切れるか、7日到達すると
1日目から再開されます*
`聖晶石 X 2
12月交換券(2023) X 1
`*日替りログインボーナス*
*開催期間中、1日1回 2週間日替りでログインボーナスをプレゼント！*
`巡霊の葉 X 30
`_2023-11-30 19:38:09_
--------
