【登录信息】
*fb01c381ae259b6016f634d837caf832*
`登陆天数: 717天 / 1341天
等级: 155
石头: 201
呼符: 57
体力: 31.21333333333334 / 143
友情点: 25 / 161027395`
*連続ログイン3日目
※ログインが途切れるか、7日到達すると
1日目から再開されます*
`叡智の業火 X 1
12月交換券(2023) X 1
`*日替りログインボーナス*
*開催期間中、1日1回 2週間日替りでログインボーナスをプレゼント！*
`聖晶石 X 2
巡霊の葉 X 100
`_2023-12-01 19:38:10_
--------
*d7d817068dd79c14d5fa0fc2d8de9d8c*
`登陆天数: 35天 / 1289天
等级: 140
石头: 4
呼符: 1
体力: 21244.653333333332 / 140
友情点: 30 / 5698195`
*連続ログイン7日間到達おめでとうございます！
明日は1日目からリスタートされます。*
`獣の足跡 X 1
呼符 X 1
12月交換券(2023) X 1
`*日替りログインボーナス*
*開催期間中、1日1回 2週間日替りでログインボーナスをプレゼント！*
`聖晶石 X 2
巡霊の葉 X 100
`_2023-12-01 19:38:19_
--------
