【登录信息】
*fb01c381ae259b6016f634d837caf832*
`登陆天数: 718天 / 1342天
等级: 155
石头: 243
呼符: 58
体力: 61.63666666666667 / 143
友情点: 1750 / 158337160`
*連続ログイン4日目
※ログインが途切れるか、7日到達すると
1日目から再開されます*
`聖晶石 X 1
12月交換券(2023) X 1
`*日替りログインボーナス*
*開催期間中、1日1回 2週間日替りでログインボーナスをプレゼント！*
`巡霊の葉 X 30
`_2023-12-02 19:38:00_
--------
*d7d817068dd79c14d5fa0fc2d8de9d8c*
`登陆天数: 36天 / 1290天
等级: 140
石头: 4
呼符: 1
体力: 21532.623333333333 / 140
友情点: 100 / 5698305`
*連続ログイン1日目
※ログインが途切れるか、7日到達すると
1日目から再開されます*
`フレンドポイント X 2000
12月交換券(2023) X 1
`*日替りログインボーナス*
*開催期間中、1日1回 2週間日替りでログインボーナスをプレゼント！*
`巡霊の葉 X 30
`_2023-12-02 19:38:09_
--------
