【登录信息】
*fb01c381ae259b6016f634d837caf832*
`登陆天数: 719天 / 1343天
等级: 156
石头: 275
呼符: 58
体力: 87.39666666666668 / 143
友情点: 190 / 155556600`
*連続ログイン5日目
※ログインが途切れるか、7日到達すると
1日目から再開されます*
`叡智の業火 X 2
12月交換券(2023) X 1
`*日替りログインボーナス*
*開催期間中、1日1回 2週間日替りでログインボーナスをプレゼント！*
`巡霊の葉 X 30
`_2023-12-03 19:38:11_
--------
*d7d817068dd79c14d5fa0fc2d8de9d8c*
`登陆天数: 37天 / 1291天
等级: 140
石头: 4
呼符: 1
体力: 21820.66 / 140
友情点: 0 / 5698305`
*連続ログイン2日目
※ログインが途切れるか、7日到達すると
1日目から再開されます*
`聖晶石 X 1
12月交換券(2023) X 1
`*日替りログインボーナス*
*開催期間中、1日1回 2週間日替りでログインボーナスをプレゼント！*
`巡霊の葉 X 30
`_2023-12-03 19:38:20_
--------
