【登录信息】
*fb01c381ae259b6016f634d837caf832*
`登陆天数: 720天 / 1344天
等级: 156
石头: 277
呼符: 58
体力: 58.92666666666666 / 143
友情点: 310 / 154049750`
*連続ログイン6日目
※ログインが途切れるか、7日到達すると
1日目から再開されます*
`聖晶石 X 2
12月交換券(2023) X 1
`*日替りログインボーナス*
*開催期間中、1日1回 2週間日替りでログインボーナスをプレゼント！*
`巡霊の葉 X 30
`_2023-12-04 19:37:52_
--------
*d7d817068dd79c14d5fa0fc2d8de9d8c*
`登陆天数: 38天 / 1292天
等级: 140
石头: 4
呼符: 1
体力: 22108.593333333334 / 140
友情点: 95 / 5698400`
*連続ログイン3日目
※ログインが途切れるか、7日到達すると
1日目から再開されます*
`叡智の業火 X 1
12月交換券(2023) X 1
`*日替りログインボーナス*
*開催期間中、1日1回 2週間日替りでログインボーナスをプレゼント！*
`巡霊の葉 X 30
`_2023-12-04 19:38:00_
--------
