【登录信息】
*fb01c381ae259b6016f634d837caf832*
`登陆天数: 721天 / 1345天
等级: 156
石头: 279
呼符: 58
体力: 76.90666666666667 / 143
友情点: 270 / 154051245`
*連続ログイン7日間到達おめでとうございます！
明日は1日目からリスタートされます。*
`獣の足跡 X 1
呼符 X 1
12月交換券(2023) X 1
`*日替りログインボーナス*
*開催期間中、1日1回 2週間日替りでログインボーナスをプレゼント！*
`聖晶石 X 3
巡霊の葉 X 50
`_2023-12-05 19:37:46_
--------
*d7d817068dd79c14d5fa0fc2d8de9d8c*
`登陆天数: 39天 / 1293天
等级: 140
石头: 4
呼符: 1
体力: 22396.57 / 140
友情点: 60 / 5698460`
*連続ログイン4日目
※ログインが途切れるか、7日到達すると
1日目から再開されます*
`聖晶石 X 1
12月交換券(2023) X 1
`*日替りログインボーナス*
*開催期間中、1日1回 2週間日替りでログインボーナスをプレゼント！*
`聖晶石 X 3
巡霊の葉 X 50
`_2023-12-05 19:37:54_
--------
