【登录信息】
*fb01c381ae259b6016f634d837caf832*
`登陆天数: 724天 / 1348天
等级: 156
石头: 60
呼符: 29
体力: 64.25 / 143
友情点: 225 / 151018265`
*連続ログイン3日目
※ログインが途切れるか、7日到達すると
1日目から再開されます*
`叡智の業火 X 1
12月交換券(2023) X 1
`*激走！川中島24時 ぐだぐだ超五稜郭 殺しのサインはM51
開幕記念 ログインボーナス*
*開催期間中、1日1回 最大21回ログインボーナスをプレゼント！*
`白銀の果実 X 1
`_2023-12-08 19:38:02_
--------
*d7d817068dd79c14d5fa0fc2d8de9d8c*
`登陆天数: 42天 / 1296天
等级: 140
石头: 4
呼符: 1
体力: 23260.63 / 140
友情点: 30 / 5700360`
*連続ログイン7日間到達おめでとうございます！
明日は1日目からリスタートされます。*
`獣の足跡 X 1
呼符 X 1
12月交換券(2023) X 1
`*激走！川中島24時 ぐだぐだ超五稜郭 殺しのサインはM51
開幕記念 ログインボーナス*
*開催期間中、1日1回 最大21回ログインボーナスをプレゼント！*
`白銀の果実 X 1
`_2023-12-08 19:38:11_
--------
