【登录信息】
*fb01c381ae259b6016f634d837caf832*
`登陆天数: 725天 / 1349天
等级: 156
石头: 60
呼符: 29
体力: 55.346666666666664 / 143
友情点: 125 / 151019220`
*連続ログイン4日目
※ログインが途切れるか、7日到達すると
1日目から再開されます*
`聖晶石 X 1
12月交換券(2023) X 1
`*激走！川中島24時 ぐだぐだ超五稜郭 殺しのサインはM51
開幕記念 ログインボーナス*
*開催期間中、1日1回 最大21回ログインボーナスをプレゼント！*
`白銀の果実 X 1
`_2023-12-09 19:38:10_
--------
*d7d817068dd79c14d5fa0fc2d8de9d8c*
`登陆天数: 43天 / 1297天
等级: 140
石头: 4
呼符: 1
体力: 23548.653333333332 / 140
友情点: 40 / 5700410`
*連続ログイン1日目
※ログインが途切れるか、7日到達すると
1日目から再開されます*
`フレンドポイント X 2000
12月交換券(2023) X 1
`*激走！川中島24時 ぐだぐだ超五稜郭 殺しのサインはM51
開幕記念 ログインボーナス*
*開催期間中、1日1回 最大21回ログインボーナスをプレゼント！*
`白銀の果実 X 1
`_2023-12-09 19:38:19_
--------
