【登录信息】
*fb01c381ae259b6016f634d837caf832*
`登陆天数: 730天 / 1354天
等级: 156
石头: 67
呼符: 29
体力: 82.59666666666666 / 143
友情点: 335 / 147432090`
*連続ログイン2日目
※ログインが途切れるか、7日到達すると
1日目から再開されます*
`聖晶石 X 1
12月交換券(2023) X 1
`*激走！川中島24時 ぐだぐだ超五稜郭 殺しのサインはM51
開幕記念 ログインボーナス*
*開催期間中、1日1回 最大21回ログインボーナスをプレゼント！*
`白銀の果実 X 1
`_2023-12-14 19:37:43_
--------
*d7d817068dd79c14d5fa0fc2d8de9d8c*
`登陆天数: 48天 / 1302天
等级: 140
石头: 4
呼符: 1
体力: 24988.566666666666 / 140
友情点: 20 / 5700860`
*連続ログイン6日目
※ログインが途切れるか、7日到達すると
1日目から再開されます*
`聖晶石 X 2
12月交換券(2023) X 1
`*激走！川中島24時 ぐだぐだ超五稜郭 殺しのサインはM51
開幕記念 ログインボーナス*
*開催期間中、1日1回 最大21回ログインボーナスをプレゼント！*
`白銀の果実 X 1
`_2023-12-14 19:37:52_
--------
