【登录信息】
*fb01c381ae259b6016f634d837caf832*
`登陆天数: 732天 / 1356天
等级: 156
石头: 103
呼符: 30
体力: 61.14 / 143
友情点: 560 / 145135150`
*連続ログイン4日目
※ログインが途切れるか、7日到達すると
1日目から再開されます*
`聖晶石 X 1
12月交換券(2023) X 1
`*激走！川中島24時 ぐだぐだ超五稜郭 殺しのサインはM51
開幕記念 ログインボーナス*
*開催期間中、1日1回 最大21回ログインボーナスをプレゼント！*
`白銀の果実 X 1
`_2023-12-16 19:37:56_
--------
*d7d817068dd79c14d5fa0fc2d8de9d8c*
`登陆天数: 50天 / 1304天
等级: 140
石头: 4
呼符: 1
体力: 25564.606666666667 / 140
友情点: 130 / 5701250`
*連続ログイン1日目
※ログインが途切れるか、7日到達すると
1日目から再開されます*
`フレンドポイント X 2000
12月交換券(2023) X 1
`*激走！川中島24時 ぐだぐだ超五稜郭 殺しのサインはM51
開幕記念 ログインボーナス*
*開催期間中、1日1回 最大21回ログインボーナスをプレゼント！*
`白銀の果実 X 1
`_2023-12-16 19:38:05_
--------
