【登录信息】
*fb01c381ae259b6016f634d837caf832*
`登陆天数: 734天 / 1358天
等级: 156
石头: 104
呼符: 30
体力: 79.37 / 143
友情点: 430 / 142325010`
*連続ログイン6日目
※ログインが途切れるか、7日到達すると
1日目から再開されます*
`聖晶石 X 2
12月交換券(2023) X 1
`*激走！川中島24時 ぐだぐだ超五稜郭 殺しのサインはM51
開幕記念 ログインボーナス*
*開催期間中、1日1回 最大21回ログインボーナスをプレゼント！*
`白銀の果実 X 1
`_2023-12-18 19:37:46_
--------
*d7d817068dd79c14d5fa0fc2d8de9d8c*
`登陆天数: 52天 / 1306天
等级: 140
石头: 4
呼符: 1
体力: 26140.573333333334 / 140
友情点: 190 / 5701690`
*連続ログイン3日目
※ログインが途切れるか、7日到達すると
1日目から再開されます*
`叡智の業火 X 1
12月交換券(2023) X 1
`*激走！川中島24時 ぐだぐだ超五稜郭 殺しのサインはM51
開幕記念 ログインボーナス*
*開催期間中、1日1回 最大21回ログインボーナスをプレゼント！*
`白銀の果実 X 1
`_2023-12-18 19:37:55_
--------
