【登录信息】
*fb01c381ae259b6016f634d837caf832*
`登陆天数: 736天 / 1360天
等级: 157
石头: 124
呼符: 32
体力: 67.66 / 144
友情点: 2520 / 141059240`
*連続ログイン1日目
※ログインが途切れるか、7日到達すると
1日目から再開されます*
`フレンドポイント X 2000
12月交換券(2023) X 1
`*雪原のメリー・クリスマス2023 ～7days / 8years Snow Carol～開幕記念 ログインボーナス*
*開催期間中、1日1回 最大10回ログインボーナスをプレゼント！*
`白銀の果実 X 1
`_2023-12-20 19:38:03_
--------
*d7d817068dd79c14d5fa0fc2d8de9d8c*
`登陆天数: 54天 / 1308天
等级: 140
石头: 4
呼符: 1
体力: 26716.626666666667 / 140
友情点: 0 / 5701740`
*連続ログイン5日目
※ログインが途切れるか、7日到達すると
1日目から再開されます*
`叡智の業火 X 2
12月交換券(2023) X 1
`*雪原のメリー・クリスマス2023 ～7days / 8years Snow Carol～開幕記念 ログインボーナス*
*開催期間中、1日1回 最大10回ログインボーナスをプレゼント！*
`黄金の果実 X 1
`_2023-12-20 19:38:11_
--------
