【登录信息】
*fb01c381ae259b6016f634d837caf832*
`登陆天数: 737天 / 1361天
等级: 157
石头: 131
呼符: 32
体力: 90.67666666666668 / 144
友情点: 3520 / 140470300`
*連続ログイン2日目
※ログインが途切れるか、7日到達すると
1日目から再開されます*
`聖晶石 X 1
12月交換券(2023) X 1
`*雪原のメリー・クリスマス2023 ～7days / 8years Snow Carol～開幕記念 ログインボーナス*
*開催期間中、1日1回 最大10回ログインボーナスをプレゼント！*
`白銀の果実 X 1
`_2023-12-21 19:38:08_
--------
*d7d817068dd79c14d5fa0fc2d8de9d8c*
`登陆天数: 55天 / 1309天
等级: 140
石头: 4
呼符: 1
体力: 27004.643333333333 / 140
友情点: 100 / 5701890`
*連続ログイン6日目
※ログインが途切れるか、7日到達すると
1日目から再開されます*
`聖晶石 X 2
12月交換券(2023) X 1
`*雪原のメリー・クリスマス2023 ～7days / 8years Snow Carol～開幕記念 ログインボーナス*
*開催期間中、1日1回 最大10回ログインボーナスをプレゼント！*
`白銀の果実 X 1
`_2023-12-21 19:38:16_
--------
