【登录信息】
*fb01c381ae259b6016f634d837caf832*
`登陆天数: 739天 / 1363天
等级: 158
石头: 142
呼符: 32
体力: 64.78666666666666 / 144
友情点: 1825 / 136433870`
*連続ログイン4日目
※ログインが途切れるか、7日到達すると
1日目から再開されます*
`聖晶石 X 1
12月交換券(2023) X 1
`*雪原のメリー・クリスマス2023 ～7days / 8years Snow Carol～開幕記念 ログインボーナス*
*開催期間中、1日1回 最大10回ログインボーナスをプレゼント！*
`白銀の果実 X 1
`_2023-12-23 19:37:56_
--------
*d7d817068dd79c14d5fa0fc2d8de9d8c*
`登陆天数: 57天 / 1311天
等级: 140
石头: 4
呼符: 1
体力: 27580.603333333333 / 140
友情点: 30 / 5702030`
*連続ログイン1日目
※ログインが途切れるか、7日到達すると
1日目から再開されます*
`フレンドポイント X 2000
12月交換券(2023) X 1
`*雪原のメリー・クリスマス2023 ～7days / 8years Snow Carol～開幕記念 ログインボーナス*
*開催期間中、1日1回 最大10回ログインボーナスをプレゼント！*
`白銀の果実 X 1
`_2023-12-23 19:38:04_
--------
