【登录信息】
*fb01c381ae259b6016f634d837caf832*
`登陆天数: 740天 / 1364天
等级: 158
石头: 150
呼符: 32
体力: 117.40666666666667 / 144
友情点: 910 / 136442240`
*連続ログイン5日目
※ログインが途切れるか、7日到達すると
1日目から再開されます*
`叡智の業火 X 2
12月交換券(2023) X 1
`*ネモ〔サンタ〕からのクリスマスプレゼント*
*開催期間中、初回ログインで「聖晶石×10」をプレゼント！*
`聖晶石 X 10
`_2023-12-24 19:37:59_
--------
*d7d817068dd79c14d5fa0fc2d8de9d8c*
`登陆天数: 58天 / 1312天
等级: 140
石头: 4
呼符: 1
体力: 27868.613333333335 / 140
友情点: 140 / 5702170`
*連続ログイン2日目
※ログインが途切れるか、7日到達すると
1日目から再開されます*
`聖晶石 X 1
12月交換券(2023) X 1
`*ネモ〔サンタ〕からのクリスマスプレゼント*
*開催期間中、初回ログインで「聖晶石×10」をプレゼント！*
`聖晶石 X 10
`_2023-12-24 19:38:07_
--------
