【登录信息】
*fb01c381ae259b6016f634d837caf832*
`登陆天数: 741天 / 1365天
等级: 158
石头: 153
呼符: 32
体力: 75.65666666666667 / 144
友情点: 470 / 135110520`
*連続ログイン6日目
※ログインが途切れるか、7日到達すると
1日目から再開されます*
`聖晶石 X 2
12月交換券(2023) X 1
`*雪原のメリー・クリスマス2023 ～7days / 8years Snow Carol～開幕記念 ログインボーナス*
*開催期間中、1日1回 最大10回ログインボーナスをプレゼント！*
`白銀の果実 X 1
`_2023-12-25 19:37:47_
--------
*d7d817068dd79c14d5fa0fc2d8de9d8c*
`登陆天数: 59天 / 1313天
等级: 140
石头: 4
呼符: 1
体力: 28156.576666666668 / 140
友情点: 190 / 5702360`
*連続ログイン3日目
※ログインが途切れるか、7日到達すると
1日目から再開されます*
`叡智の業火 X 1
12月交換券(2023) X 1
`*雪原のメリー・クリスマス2023 ～7days / 8years Snow Carol～開幕記念 ログインボーナス*
*開催期間中、1日1回 最大10回ログインボーナスをプレゼント！*
`白銀の果実 X 1
`_2023-12-25 19:37:55_
--------
