【登录信息】
*fb01c381ae259b6016f634d837caf832*
`登陆天数: 742天 / 1366天
等级: 159
石头: 180
呼符: 32
体力: 108.32333333333332 / 144
友情点: 595 / 137037035`
*連続ログイン7日間到達おめでとうございます！
明日は1日目からリスタートされます。*
`獣の足跡 X 1
呼符 X 1
12月交換券(2023) X 1
`*「FGO カルデア・サテライトステーション 2023-2024」京都会場開催直前 ログインボーナス*
*開催期間中、1日1回 最大3回 ログインボーナスをプレゼント！*
`サテライトステーション23-24 X 1
黄金の果実 X 1
`_2023-12-26 19:38:00_
--------
*d7d817068dd79c14d5fa0fc2d8de9d8c*
`登陆天数: 60天 / 1314天
等级: 140
石头: 4
呼符: 1
体力: 28444.616666666665 / 140
友情点: 80 / 5702440`
*連続ログイン4日目
※ログインが途切れるか、7日到達すると
1日目から再開されます*
`聖晶石 X 1
12月交換券(2023) X 1
`*「FGO カルデア・サテライトステーション 2023-2024」京都会場開催直前 ログインボーナス*
*開催期間中、1日1回 最大3回 ログインボーナスをプレゼント！*
`サテライトステーション23-24 X 1
黄金の果実 X 1
`_2023-12-26 19:38:08_
--------
