【登录信息】
*fb01c381ae259b6016f634d837caf832*
`登陆天数: 743天 / 1367天
等级: 160
石头: 216
呼符: 33
体力: 66.24333333333334 / 144
友情点: 775 / 137047835`
*連続ログイン1日目
※ログインが途切れるか、7日到達すると
1日目から再開されます*
`フレンドポイント X 2000
12月交換券(2023) X 1
`*「FGO カルデア・サテライトステーション 2023-2024」京都会場開催直前 ログインボーナス*
*開催期間中、1日1回 最大3回 ログインボーナスをプレゼント！*
`黄金の果実 X 1
`_2023-12-27 19:38:05_
--------
*d7d817068dd79c14d5fa0fc2d8de9d8c*
`登陆天数: 61天 / 1315天
等级: 140
石头: 4
呼符: 1
体力: 28732.63 / 140
友情点: 130 / 5702790`
*連続ログイン5日目
※ログインが途切れるか、7日到達すると
1日目から再開されます*
`叡智の業火 X 2
12月交換券(2023) X 1
`*「FGO カルデア・サテライトステーション 2023-2024」京都会場開催直前 ログインボーナス*
*開催期間中、1日1回 最大3回 ログインボーナスをプレゼント！*
`黄金の果実 X 1
`_2023-12-27 19:38:13_
--------
