【登录信息】
*fb01c381ae259b6016f634d837caf832*
`登陆天数: 744天 / 1368天
等级: 160
石头: 229
呼符: 33
体力: 44.17666666666666 / 144
友情点: 585 / 137869545`
*連続ログイン2日目
※ログインが途切れるか、7日到達すると
1日目から再開されます*
`聖晶石 X 1
12月交換券(2023) X 1
`*「FGO カルデア・サテライトステーション 2023-2024」京都会場開催直前 ログインボーナス*
*開催期間中、1日1回 最大3回 ログインボーナスをプレゼント！*
`黄金の果実 X 1
`_2023-12-28 19:37:53_
--------
*d7d817068dd79c14d5fa0fc2d8de9d8c*
`登陆天数: 62天 / 1316天
等级: 140
石头: 4
呼符: 1
体力: 29020.596666666668 / 140
友情点: 70 / 5702860`
*連続ログイン6日目
※ログインが途切れるか、7日到達すると
1日目から再開されます*
`聖晶石 X 2
12月交換券(2023) X 1
`*「FGO カルデア・サテライトステーション 2023-2024」京都会場開催直前 ログインボーナス*
*開催期間中、1日1回 最大3回 ログインボーナスをプレゼント！*
`黄金の果実 X 1
`_2023-12-28 19:38:02_
--------
