【登录信息】
*fb01c381ae259b6016f634d837caf832*
`登陆天数: 655天 / 1279天
等级: 153
石头: 131
呼符: 20
体力: 71.34 / 143
友情点: 80 / 171436815`
*連続ログイン4日目
※ログインが途切れるか、7日到達すると
1日目から再開されます*
`聖晶石 X 1
10月交換券(2023) X 1
`*ワンジナ・ワールドツアー！ ～大精霊と巡る世界一周～開幕記念 ログインボーナス*
*開催期間中、1日1回 最大21回ログインボーナスをプレゼント！*
`白銀の果実 X 1
`_2023-09-30 19:36:26_
--------
*d7d817068dd79c14d5fa0fc2d8de9d8c*
`登陆天数: 46天 / 1228天
等级: 140
石头: 4
呼符: 1
体力: 3388.31 / 140
友情点: 140 / 5677680`
*連続ログイン4日目
※ログインが途切れるか、7日到達すると
1日目から再開されます*
`聖晶石 X 1
10月交換券(2023) X 1
`*ワンジナ・ワールドツアー！ ～大精霊と巡る世界一周～開幕記念 ログインボーナス*
*開催期間中、1日1回 最大21回ログインボーナスをプレゼント！*
`白銀の果実 X 1
`_2023-09-30 19:36:35_
--------
