【登录信息】
*fb01c381ae259b6016f634d837caf832*
`登陆天数: 656天 / 1280天
等级: 153
石头: 131
呼符: 20
体力: 114.02666666666667 / 143
友情点: 300 / 171437340`
*連続ログイン5日目
※ログインが途切れるか、7日到達すると
1日目から再開されます*
`叡智の業火 X 2
10月交換券(2023) X 1
`*ワンジナ・ワールドツアー！ ～大精霊と巡る世界一周～開幕記念 ログインボーナス*
*開催期間中、1日1回 最大21回ログインボーナスをプレゼント！*
`白銀の果実 X 1
`_2023-10-01 19:36:31_
--------
*d7d817068dd79c14d5fa0fc2d8de9d8c*
`登陆天数: 47天 / 1229天
等级: 140
石头: 4
呼符: 1
体力: 3676.326666666667 / 140
友情点: 0 / 5677690`
*連続ログイン5日目
※ログインが途切れるか、7日到達すると
1日目から再開されます*
`叡智の業火 X 2
10月交換券(2023) X 1
`*ワンジナ・ワールドツアー！ ～大精霊と巡る世界一周～開幕記念 ログインボーナス*
*開催期間中、1日1回 最大21回ログインボーナスをプレゼント！*
`白銀の果実 X 1
`_2023-10-01 19:36:41_
--------
