【登录信息】
*fb01c381ae259b6016f634d837caf832*
`登陆天数: 657天 / 1281天
等级: 153
石头: 135
呼符: 20
体力: 59.709999999999994 / 143
友情点: 175 / 171438495`
*連続ログイン6日目
※ログインが途切れるか、7日到達すると
1日目から再開されます*
`聖晶石 X 2
10月交換券(2023) X 1
`*ワンジナ・ワールドツアー！ ～大精霊と巡る世界一周～開幕記念 ログインボーナス*
*開催期間中、1日1回 最大21回ログインボーナスをプレゼント！*
`白銀の果実 X 1
`_2023-10-02 19:36:35_
--------
*d7d817068dd79c14d5fa0fc2d8de9d8c*
`登陆天数: 48天 / 1230天
等级: 140
石头: 4
呼符: 1
体力: 3964.3333333333335 / 140
友情点: 20 / 5677720`
*連続ログイン6日目
※ログインが途切れるか、7日到達すると
1日目から再開されます*
`聖晶石 X 2
10月交換券(2023) X 1
`*ワンジナ・ワールドツアー！ ～大精霊と巡る世界一周～開幕記念 ログインボーナス*
*開催期間中、1日1回 最大21回ログインボーナスをプレゼント！*
`白銀の果実 X 1
`_2023-10-02 19:36:43_
--------
