【登录信息】
*fb01c381ae259b6016f634d837caf832*
`登陆天数: 658天 / 1282天
等级: 153
石头: 135
呼符: 20
体力: 107.76666666666667 / 143
友情点: 1100 / 171441070`
*連続ログイン7日間到達おめでとうございます！
明日は1日目からリスタートされます。*
`獣の足跡 X 1
呼符 X 1
10月交換券(2023) X 1
`*ワンジナ・ワールドツアー！ ～大精霊と巡る世界一周～開幕記念 ログインボーナス*
*開催期間中、1日1回 最大21回ログインボーナスをプレゼント！*
`黄金の果実 X 1
`_2023-10-03 19:36:52_
--------
*d7d817068dd79c14d5fa0fc2d8de9d8c*
`登陆天数: 49天 / 1231天
等级: 140
石头: 4
呼符: 1
体力: 4252.3966666666665 / 140
友情点: 10 / 5677730`
*連続ログイン7日間到達おめでとうございます！
明日は1日目からリスタートされます。*
`獣の足跡 X 1
呼符 X 1
10月交換券(2023) X 1
`*ワンジナ・ワールドツアー！ ～大精霊と巡る世界一周～開幕記念 ログインボーナス*
*開催期間中、1日1回 最大21回ログインボーナスをプレゼント！*
`白銀の果実 X 1
`_2023-10-03 19:37:01_
--------
