【登录信息】
*fb01c381ae259b6016f634d837caf832*
`登陆天数: 659天 / 1283天
等级: 153
石头: 136
呼符: 20
体力: 117.57333333333334 / 143
友情点: 150 / 171441720`
*連続ログイン1日目
※ログインが途切れるか、7日到達すると
1日目から再開されます*
`フレンドポイント X 2000
10月交換券(2023) X 1
`*ワンジナ・ワールドツアー！ ～大精霊と巡る世界一周～開幕記念 ログインボーナス*
*開催期間中、1日1回 最大21回ログインボーナスをプレゼント！*
`白銀の果実 X 1
`_2023-10-04 19:36:47_
--------
*d7d817068dd79c14d5fa0fc2d8de9d8c*
`登陆天数: 50天 / 1232天
等级: 140
石头: 4
呼符: 1
体力: 4540.376666666667 / 140
友情点: 100 / 5677830`
*連続ログイン1日目
※ログインが途切れるか、7日到達すると
1日目から再開されます*
`フレンドポイント X 2000
10月交換券(2023) X 1
`*ワンジナ・ワールドツアー！ ～大精霊と巡る世界一周～開幕記念 ログインボーナス*
*開催期間中、1日1回 最大21回ログインボーナスをプレゼント！*
`黄金の果実 X 1
`_2023-10-04 19:36:56_
--------
