【登录信息】
*fb01c381ae259b6016f634d837caf832*
`登陆天数: 660天 / 1284天
等级: 153
石头: 149
呼符: 21
体力: 87.79666666666667 / 143
友情点: 275 / 171445580`
*連続ログイン2日目
※ログインが途切れるか、7日到達すると
1日目から再開されます*
`聖晶石 X 1
10月交換券(2023) X 1
`*ワンジナ・ワールドツアー！ ～大精霊と巡る世界一周～開幕記念 ログインボーナス*
*開催期間中、1日1回 最大21回ログインボーナスをプレゼント！*
`白銀の果実 X 1
`_2023-10-05 19:36:46_
--------
*d7d817068dd79c14d5fa0fc2d8de9d8c*
`登陆天数: 51天 / 1233天
等级: 140
石头: 4
呼符: 1
体力: 4828.373333333333 / 140
友情点: 60 / 5677950`
*連続ログイン2日目
※ログインが途切れるか、7日到達すると
1日目から再開されます*
`聖晶石 X 1
10月交換券(2023) X 1
`*ワンジナ・ワールドツアー！ ～大精霊と巡る世界一周～開幕記念 ログインボーナス*
*開催期間中、1日1回 最大21回ログインボーナスをプレゼント！*
`白銀の果実 X 1
`_2023-10-05 19:36:55_
--------
