【登录信息】
*fb01c381ae259b6016f634d837caf832*
`登陆天数: 662天 / 1286天
等级: 154
石头: 125
呼符: 21
体力: 99.63333333333333 / 143
友情点: 715 / 170528400`
*連続ログイン4日目
※ログインが途切れるか、7日到達すると
1日目から再開されます*
`聖晶石 X 1
10月交換券(2023) X 1
`*ワンジナ・ワールドツアー！ ～大精霊と巡る世界一周～開幕記念 ログインボーナス*
*開催期間中、1日1回 最大21回ログインボーナスをプレゼント！*
`白銀の果実 X 1
`_2023-10-07 19:36:33_
--------
*d7d817068dd79c14d5fa0fc2d8de9d8c*
`登陆天数: 53天 / 1235天
等级: 140
石头: 4
呼符: 1
体力: 5404.33 / 140
友情点: 0 / 5678700`
*連続ログイン4日目
※ログインが途切れるか、7日到達すると
1日目から再開されます*
`聖晶石 X 1
10月交換券(2023) X 1
`*ワンジナ・ワールドツアー！ ～大精霊と巡る世界一周～開幕記念 ログインボーナス*
*開催期間中、1日1回 最大21回ログインボーナスをプレゼント！*
`白銀の果実 X 1
`_2023-10-07 19:36:41_
--------
