【登录信息】
*fb01c381ae259b6016f634d837caf832*
`登陆天数: 663天 / 1287天
等级: 154
石头: 125
呼符: 21
体力: 73.57 / 143
友情点: 155 / 170530455`
*連続ログイン5日目
※ログインが途切れるか、7日到達すると
1日目から再開されます*
`叡智の業火 X 2
10月交換券(2023) X 1
`*ワンジナ・ワールドツアー！ ～大精霊と巡る世界一周～開幕記念 ログインボーナス*
*開催期間中、1日1回 最大21回ログインボーナスをプレゼント！*
`白銀の果実 X 1
`_2023-10-08 19:36:46_
--------
*d7d817068dd79c14d5fa0fc2d8de9d8c*
`登陆天数: 54天 / 1236天
等级: 140
石头: 4
呼符: 1
体力: 5692.373333333333 / 140
友情点: 10 / 5678970`
*連続ログイン5日目
※ログインが途切れるか、7日到達すると
1日目から再開されます*
`叡智の業火 X 2
10月交換券(2023) X 1
`*ワンジナ・ワールドツアー！ ～大精霊と巡る世界一周～開幕記念 ログインボーナス*
*開催期間中、1日1回 最大21回ログインボーナスをプレゼント！*
`白銀の果実 X 1
`_2023-10-08 19:36:55_
--------
