【登录信息】
*fb01c381ae259b6016f634d837caf832*
`登陆天数: 665天 / 1289天
等级: 154
石头: 125
呼符: 21
体力: 107.72 / 143
友情点: 450 / 170532085`
*連続ログイン7日間到達おめでとうございます！
明日は1日目からリスタートされます。*
`獣の足跡 X 1
呼符 X 1
10月交換券(2023) X 1
`_2023-10-10 19:36:48_
--------
*d7d817068dd79c14d5fa0fc2d8de9d8c*
`登陆天数: 56天 / 1238天
等级: 140
石头: 4
呼符: 1
体力: 6268.38 / 140
友情点: 10 / 5678990`
*連続ログイン7日間到達おめでとうございます！
明日は1日目からリスタートされます。*
`獣の足跡 X 1
呼符 X 1
10月交換券(2023) X 1
`*ワンジナ・ワールドツアー！ ～大精霊と巡る世界一周～開幕記念 ログインボーナス*
*開催期間中、1日1回 最大21回ログインボーナスをプレゼント！*
`白銀の果実 X 1
`_2023-10-10 19:36:56_
--------
