【登录信息】
*fb01c381ae259b6016f634d837caf832*
`登陆天数: 666天 / 1290天
等级: 154
石头: 140
呼符: 23
体力: 61.05333333333333 / 143
友情点: 160 / 170533835`
*連続ログイン1日目
※ログインが途切れるか、7日到達すると
1日目から再開されます*
`フレンドポイント X 2000
10月交換券(2023) X 1
`*日替りログインボーナス*
*開催期間中、1日1回 2週間日替りでログインボーナスをプレゼント！*
`巡霊の葉 X 30
`_2023-10-11 19:36:39_
--------
*d7d817068dd79c14d5fa0fc2d8de9d8c*
`登陆天数: 57天 / 1239天
等级: 140
石头: 4
呼符: 1
体力: 6556.3533333333335 / 140
友情点: 40 / 5679080`
*連続ログイン1日目
※ログインが途切れるか、7日到達すると
1日目から再開されます*
`フレンドポイント X 2000
10月交換券(2023) X 1
`*日替りログインボーナス*
*開催期間中、1日1回 2週間日替りでログインボーナスをプレゼント！*
`巡霊の葉 X 30
`_2023-10-11 19:36:48_
--------
