【登录信息】
*fb01c381ae259b6016f634d837caf832*
`登陆天数: 667天 / 1291天
等级: 154
石头: 142
呼符: 23
体力: 64.09666666666666 / 143
友情点: 705 / 170538065`
*連続ログイン2日目
※ログインが途切れるか、7日到達すると
1日目から再開されます*
`聖晶石 X 1
10月交換券(2023) X 1
`*日替りログインボーナス*
*開催期間中、1日1回 2週間日替りでログインボーナスをプレゼント！*
`巡霊の葉 X 30
`_2023-10-12 19:36:53_
--------
*d7d817068dd79c14d5fa0fc2d8de9d8c*
`登陆天数: 58天 / 1240天
等级: 140
石头: 4
呼符: 1
体力: 6844.3966666666665 / 140
友情点: 20 / 5679110`
*連続ログイン2日目
※ログインが途切れるか、7日到達すると
1日目から再開されます*
`聖晶石 X 1
10月交換券(2023) X 1
`*日替りログインボーナス*
*開催期間中、1日1回 2週間日替りでログインボーナスをプレゼント！*
`巡霊の葉 X 30
`_2023-10-12 19:37:01_
--------
