【登录信息】
*fb01c381ae259b6016f634d837caf832*
`登陆天数: 669天 / 1293天
等级: 154
石头: 142
呼符: 23
体力: 111.86666666666667 / 143
友情点: 120 / 170540045`
*連続ログイン4日目
※ログインが途切れるか、7日到達すると
1日目から再開されます*
`聖晶石 X 1
10月交換券(2023) X 1
`*リリース3000日突破キャンペーン 初回ログインボーナス*
*開催期間中、初回ログインで「聖晶石×10」をプレゼント！*
`聖晶石 X 10
`_2023-10-14 19:36:52_
--------
*d7d817068dd79c14d5fa0fc2d8de9d8c*
`登陆天数: 60天 / 1242天
等级: 140
石头: 4
呼符: 1
体力: 7420.393333333333 / 140
友情点: 120 / 5679250`
*連続ログイン4日目
※ログインが途切れるか、7日到達すると
1日目から再開されます*
`聖晶石 X 1
10月交換券(2023) X 1
`*リリース3000日突破キャンペーン 初回ログインボーナス*
*開催期間中、初回ログインで「聖晶石×10」をプレゼント！*
`聖晶石 X 10
`_2023-10-14 19:37:01_
--------
