【登录信息】
*fb01c381ae259b6016f634d837caf832*
`登陆天数: 670天 / 1294天
等级: 154
石头: 201
呼符: 23
体力: 94.69666666666666 / 143
友情点: 410 / 170542300`
*連続ログイン5日目
※ログインが途切れるか、7日到達すると
1日目から再開されます*
`叡智の業火 X 2
10月交換券(2023) X 1
`*日替りログインボーナス*
*開催期間中、1日1回 2週間日替りでログインボーナスをプレゼント！*
`巡霊の葉 X 30
`_2023-10-15 19:36:26_
--------
*d7d817068dd79c14d5fa0fc2d8de9d8c*
`登陆天数: 61天 / 1243天
等级: 140
石头: 4
呼符: 1
体力: 7708.31 / 140
友情点: 0 / 5679250`
*連続ログイン5日目
※ログインが途切れるか、7日到達すると
1日目から再開されます*
`叡智の業火 X 2
10月交換券(2023) X 1
`*日替りログインボーナス*
*開催期間中、1日1回 2週間日替りでログインボーナスをプレゼント！*
`巡霊の葉 X 30
`_2023-10-15 19:36:35_
--------
