【登录信息】
*fb01c381ae259b6016f634d837caf832*
`登陆天数: 671天 / 1295天
等级: 154
石头: 209
呼符: 23
体力: 80.97666666666666 / 143
友情点: 455 / 170544845`
*連続ログイン6日目
※ログインが途切れるか、7日到達すると
1日目から再開されます*
`聖晶石 X 2
10月交換券(2023) X 1
`*日替りログインボーナス*
*開催期間中、1日1回 2週間日替りでログインボーナスをプレゼント！*
`巡霊の葉 X 30
`_2023-10-16 19:36:46_
--------
*d7d817068dd79c14d5fa0fc2d8de9d8c*
`登陆天数: 62天 / 1244天
等级: 140
石头: 4
呼符: 1
体力: 7996.37 / 140
友情点: 90 / 5679360`
*連続ログイン6日目
※ログインが途切れるか、7日到達すると
1日目から再開されます*
`聖晶石 X 2
10月交換券(2023) X 1
`*日替りログインボーナス*
*開催期間中、1日1回 2週間日替りでログインボーナスをプレゼント！*
`巡霊の葉 X 30
`_2023-10-16 19:36:54_
--------
