【登录信息】
*fb01c381ae259b6016f634d837caf832*
`登陆天数: 672天 / 1296天
等级: 154
石头: 34
呼符: 23
体力: 83.97333333333333 / 143
友情点: 235 / 170546485`
*連続ログイン7日間到達おめでとうございます！
明日は1日目からリスタートされます。*
`獣の足跡 X 1
呼符 X 1
10月交換券(2023) X 1
`*日替りログインボーナス*
*開催期間中、1日1回 2週間日替りでログインボーナスをプレゼント！*
`聖晶石 X 3
巡霊の葉 X 50
`_2023-10-17 19:36:45_
--------
*d7d817068dd79c14d5fa0fc2d8de9d8c*
`登陆天数: 63天 / 1245天
等级: 140
石头: 4
呼符: 1
体力: 8284.369999999999 / 140
友情点: 10 / 5679390`
*連続ログイン7日間到達おめでとうございます！
明日は1日目からリスタートされます。*
`獣の足跡 X 1
呼符 X 1
10月交換券(2023) X 1
`*日替りログインボーナス*
*開催期間中、1日1回 2週間日替りでログインボーナスをプレゼント！*
`聖晶石 X 3
巡霊の葉 X 50
`_2023-10-17 19:36:54_
--------
