【登录信息】
*fb01c381ae259b6016f634d837caf832*
`登陆天数: 673天 / 1297天
等级: 154
石头: 55
呼符: 23
体力: 122.53999999999999 / 143
友情点: 225 / 170547905`
*連続ログイン1日目
※ログインが途切れるか、7日到達すると
1日目から再開されます*
`フレンドポイント X 2000
10月交換券(2023) X 1
`*日替りログインボーナス*
*開催期間中、1日1回 2週間日替りでログインボーナスをプレゼント！*
`巡霊の葉 X 30
`_2023-10-18 19:36:49_
--------
*d7d817068dd79c14d5fa0fc2d8de9d8c*
`登陆天数: 64天 / 1246天
等级: 140
石头: 4
呼符: 1
体力: 8572.383333333333 / 140
友情点: 350 / 5679740`
*連続ログイン1日目
※ログインが途切れるか、7日到達すると
1日目から再開されます*
`フレンドポイント X 2000
10月交換券(2023) X 1
`*日替りログインボーナス*
*開催期間中、1日1回 2週間日替りでログインボーナスをプレゼント！*
`巡霊の葉 X 30
`_2023-10-18 19:36:58_
--------
