【登录信息】
*fb01c381ae259b6016f634d837caf832*
`登陆天数: 674天 / 1298天
等级: 154
石头: 55
呼符: 23
体力: 69.08 / 143
友情点: 35 / 170550105`
*連続ログイン2日目
※ログインが途切れるか、7日到達すると
1日目から再開されます*
`聖晶石 X 1
10月交換券(2023) X 1
`*日替りログインボーナス*
*開催期間中、1日1回 2週間日替りでログインボーナスをプレゼント！*
`巡霊の葉 X 30
`_2023-10-19 19:36:27_
--------
*d7d817068dd79c14d5fa0fc2d8de9d8c*
`登陆天数: 65天 / 1247天
等级: 140
石头: 4
呼符: 1
体力: 8860.313333333334 / 140
友情点: 100 / 5679840`
*連続ログイン2日目
※ログインが途切れるか、7日到達すると
1日目から再開されます*
`聖晶石 X 1
10月交換券(2023) X 1
`*日替りログインボーナス*
*開催期間中、1日1回 2週間日替りでログインボーナスをプレゼント！*
`巡霊の葉 X 30
`_2023-10-19 19:36:36_
--------
