【登录信息】
*fb01c381ae259b6016f634d837caf832*
`登陆天数: 675天 / 1299天
等级: 154
石头: 55
呼符: 23
体力: 57.16 / 143
友情点: 330 / 170552285`
*連続ログイン3日目
※ログインが途切れるか、7日到達すると
1日目から再開されます*
`叡智の業火 X 1
10月交換券(2023) X 1
`*日替りログインボーナス*
*開催期間中、1日1回 2週間日替りでログインボーナスをプレゼント！*
`聖晶石 X 2
巡霊の葉 X 100
`_2023-10-20 19:36:52_
--------
*d7d817068dd79c14d5fa0fc2d8de9d8c*
`登陆天数: 66天 / 1248天
等级: 140
石头: 4
呼符: 1
体力: 9148.393333333333 / 140
友情点: 300 / 5680170`
*連続ログイン3日目
※ログインが途切れるか、7日到達すると
1日目から再開されます*
`叡智の業火 X 1
10月交換券(2023) X 1
`*日替りログインボーナス*
*開催期間中、1日1回 2週間日替りでログインボーナスをプレゼント！*
`聖晶石 X 2
巡霊の葉 X 100
`_2023-10-20 19:37:01_
--------
