【登录信息】
*fb01c381ae259b6016f634d837caf832*
`登陆天数: 676天 / 1300天
等级: 154
石头: 55
呼符: 23
体力: 120.12666666666667 / 143
友情点: 370 / 170554405`
*連続ログイン4日目
※ログインが途切れるか、7日到達すると
1日目から再開されます*
`聖晶石 X 1
10月交換券(2023) X 1
`*日替りログインボーナス*
*開催期間中、1日1回 2週間日替りでログインボーナスをプレゼント！*
`巡霊の葉 X 30
`_2023-10-21 19:36:41_
--------
*d7d817068dd79c14d5fa0fc2d8de9d8c*
`登陆天数: 67天 / 1249天
等级: 140
石头: 4
呼符: 1
体力: 9436.356666666667 / 140
友情点: 340 / 5685710`
*連続ログイン4日目
※ログインが途切れるか、7日到達すると
1日目から再開されます*
`聖晶石 X 1
10月交換券(2023) X 1
`*【リリース3000日突破記念特別】
ログインボーナス*
*開催期間中、1日1回 最大7回 回数ログインボーナスをプレゼント！*
`呼符 X 1
`_2023-10-21 19:36:50_
--------
