【登录信息】
*fb01c381ae259b6016f634d837caf832*
`登陆天数: 677天 / 1301天
等级: 154
石头: 37
呼符: 25
体力: 100.19333333333333 / 143
友情点: 335 / 170557725`
*連続ログイン5日目
※ログインが途切れるか、7日到達すると
1日目から再開されます*
`叡智の業火 X 2
10月交換券(2023) X 1
`*日替りログインボーナス*
*開催期間中、1日1回 2週間日替りでログインボーナスをプレゼント！*
`巡霊の葉 X 30
`_2023-10-22 19:36:50_
--------
*d7d817068dd79c14d5fa0fc2d8de9d8c*
`登陆天数: 68天 / 1250天
等级: 140
石头: 4
呼符: 1
体力: 9724.386666666667 / 140
友情点: 0 / 5685710`
*連続ログイン5日目
※ログインが途切れるか、7日到達すると
1日目から再開されます*
`叡智の業火 X 2
10月交換券(2023) X 1
`*日替りログインボーナス*
*開催期間中、1日1回 2週間日替りでログインボーナスをプレゼント！*
`巡霊の葉 X 30
`_2023-10-22 19:36:59_
--------
