【登录信息】
*fb01c381ae259b6016f634d837caf832*
`登陆天数: 678天 / 1302天
等级: 154
石头: 37
呼符: 25
体力: 70.74333333333334 / 143
友情点: 140 / 170559585`
*連続ログイン6日目
※ログインが途切れるか、7日到達すると
1日目から再開されます*
`聖晶石 X 2
10月交換券(2023) X 1
`*日替りログインボーナス*
*開催期間中、1日1回 2週間日替りでログインボーナスをプレゼント！*
`巡霊の葉 X 30
`_2023-10-23 19:36:56_
--------
*d7d817068dd79c14d5fa0fc2d8de9d8c*
`登陆天数: 69天 / 1251天
等级: 140
石头: 4
呼符: 1
体力: 10012.406666666666 / 140
友情点: 10 / 5685720`
*連続ログイン6日目
※ログインが途切れるか、7日到達すると
1日目から再開されます*
`聖晶石 X 2
10月交換券(2023) X 1
`*日替りログインボーナス*
*開催期間中、1日1回 2週間日替りでログインボーナスをプレゼント！*
`巡霊の葉 X 30
`_2023-10-23 19:37:05_
--------
