【登录信息】
*fb01c381ae259b6016f634d837caf832*
`登陆天数: 679天 / 1303天
等级: 154
石头: 41
呼符: 25
体力: 78.97 / 143
友情点: 235 / 170561095`
*連続ログイン7日間到達おめでとうございます！
明日は1日目からリスタートされます。*
`獣の足跡 X 1
呼符 X 1
10月交換券(2023) X 1
`*日替りログインボーナス*
*開催期間中、1日1回 2週間日替りでログインボーナスをプレゼント！*
`聖晶石 X 3
巡霊の葉 X 50
`_2023-10-24 19:36:24_
--------
*d7d817068dd79c14d5fa0fc2d8de9d8c*
`登陆天数: 70天 / 1252天
等级: 140
石头: 4
呼符: 1
体力: 10300.303333333333 / 140
友情点: 170 / 5685890`
*連続ログイン7日間到達おめでとうございます！
明日は1日目からリスタートされます。*
`獣の足跡 X 1
呼符 X 1
10月交換券(2023) X 1
`*日替りログインボーナス*
*開催期間中、1日1回 2週間日替りでログインボーナスをプレゼント！*
`聖晶石 X 3
巡霊の葉 X 50
`_2023-10-24 19:36:33_
--------
