【登录信息】
*fb01c381ae259b6016f634d837caf832*
`登陆天数: 680天 / 1304天
等级: 154
石头: 80
呼符: 29
体力: 73.0 / 143
友情点: 25 / 170107905`
*連続ログイン1日目
※ログインが途切れるか、7日到達すると
1日目から再開されます*
`フレンドポイント X 2000
10月交換券(2023) X 1
`*FGO カルデア放送局 ライト版 聖杯戦線 ～白天の城、黒夜の城～放送記念 初回ログインボーナス*
*開催期間中、初回ログインで「聖晶石×14」をプレゼント！*
`聖晶石 X 14
`_2023-10-25 19:36:34_
--------
*d7d817068dd79c14d5fa0fc2d8de9d8c*
`登陆天数: 71天 / 1253天
等级: 140
石头: 4
呼符: 1
体力: 10588.336666666666 / 140
友情点: 70 / 5685960`
*連続ログイン1日目
※ログインが途切れるか、7日到達すると
1日目から再開されます*
`フレンドポイント X 2000
10月交換券(2023) X 1
`*FGO カルデア放送局 ライト版 聖杯戦線 ～白天の城、黒夜の城～放送記念 初回ログインボーナス*
*開催期間中、初回ログインで「聖晶石×14」をプレゼント！*
`聖晶石 X 14
`_2023-10-25 19:36:43_
--------
