【登录信息】
*fb01c381ae259b6016f634d837caf832*
`登陆天数: 681天 / 1305天
等级: 154
石头: 84
呼符: 31
体力: 60.989999999999995 / 143
友情点: 125 / 168822805`
*連続ログイン2日目
※ログインが途切れるか、7日到達すると
1日目から再開されます*
`聖晶石 X 1
10月交換券(2023) X 1
`*聖杯戦線 ～白天の城、黒夜の城～開幕記念 ログインボーナス*
*開催期間中、1日1回 最大21回ログインボーナスをプレゼント！*
`白銀の果実 X 1
`_2023-10-26 19:36:31_
--------
*d7d817068dd79c14d5fa0fc2d8de9d8c*
`登陆天数: 72天 / 1254天
等级: 140
石头: 4
呼符: 1
体力: 10876.32 / 140
友情点: 40 / 5686000`
*連続ログイン2日目
※ログインが途切れるか、7日到達すると
1日目から再開されます*
`聖晶石 X 1
10月交換券(2023) X 1
`*聖杯戦線 ～白天の城、黒夜の城～開幕記念 ログインボーナス*
*開催期間中、1日1回 最大21回ログインボーナスをプレゼント！*
`白銀の果実 X 1
`_2023-10-26 19:36:39_
--------
