【登录信息】
*fb01c381ae259b6016f634d837caf832*
`登陆天数: 684天 / 1308天
等级: 154
石头: 94
呼符: 34
体力: 45.873333333333335 / 143
友情点: 25 / 168826380`
*連続ログイン5日目
※ログインが途切れるか、7日到達すると
1日目から再開されます*
`叡智の業火 X 2
10月交換券(2023) X 1
`*初回ログインボーナス*
*開催期間中、初回ログインボーナスをプレゼント！*
`聖晶石 X 10
`_2023-10-29 19:37:54_
--------
*d7d817068dd79c14d5fa0fc2d8de9d8c*
`登陆天数: 2天 / 1256天
等级: 140
石头: 4
呼符: 1
体力: 11740.6 / 140
友情点: 160 / 5686230`
*連続ログイン2日目
※ログインが途切れるか、7日到達すると
1日目から再開されます*
`聖晶石 X 1
10月交換券(2023) X 1
`*初回ログインボーナス*
*開催期間中、初回ログインボーナスをプレゼント！*
`聖晶石 X 10
`_2023-10-29 19:38:03_
--------
