【登录信息】
*fb01c381ae259b6016f634d837caf832*
`登陆天数: 685天 / 1309天
等级: 154
石头: 96
呼符: 35
体力: 118.91 / 143
友情点: 25 / 168826880`
*連続ログイン6日目
※ログインが途切れるか、7日到達すると
1日目から再開されます*
`聖晶石 X 2
10月交換券(2023) X 1
`*聖杯戦線 ～白天の城、黒夜の城～開幕記念 ログインボーナス*
*開催期間中、1日1回 最大21回ログインボーナスをプレゼント！*
`白銀の果実 X 1
`_2023-10-30 19:38:05_
--------
*d7d817068dd79c14d5fa0fc2d8de9d8c*
`登陆天数: 3天 / 1257天
等级: 140
石头: 4
呼符: 1
体力: 12028.636666666667 / 140
友情点: 170 / 5686400`
*連続ログイン3日目
※ログインが途切れるか、7日到達すると
1日目から再開されます*
`叡智の業火 X 1
10月交換券(2023) X 1
`*聖杯戦線 ～白天の城、黒夜の城～開幕記念 ログインボーナス*
*開催期間中、1日1回 最大21回ログインボーナスをプレゼント！*
`白銀の果実 X 1
`_2023-10-30 19:38:14_
--------
