【登录信息】
*fb01c381ae259b6016f634d837caf832*
`登陆天数: 993天 / 1617天
等级: 170
石头: 29
呼符: 0
体力: 63.79333333333334 / 146
友情点: 175 / 127922370`
*連続ログイン6日目
※ログインが途切れるか、7日到達すると
1日目から再開されます*
`聖晶石 X 2
9月交換券(2024) X 1
`*奏章Ⅲ 新霊長後継戦 アーキタイプ・インセプション 開幕記念 ログインボーナス*
*開催期間中、1日1回 最大78回 ログインボーナスをプレゼント！*
`白銀の果実 X 1
`_2024-09-02 19:32:50_
--------
*d7d817068dd79c14d5fa0fc2d8de9d8c*
`登陆天数: 16天 / 1429天
等级: 141
石头: 12
呼符: 1
体力: 69.91333333333333 / 140
友情点: 0 / 5818455`
*連続ログイン2日目
※ログインが途切れるか、7日到達すると
1日目から再開されます*
`聖晶石 X 1
9月交換券(2024) X 1
`*奏章Ⅲ 新霊長後継戦 アーキタイプ・インセプション 開幕記念 ログインボーナス*
*開催期間中、1日1回 最大78回 ログインボーナスをプレゼント！*
`白銀の果実 X 1
`_2024-09-02 19:32:59_
--------
