【登录信息】
*fb01c381ae259b6016f634d837caf832*
`登陆天数: 994天 / 1618天
等级: 170
石头: 28
呼符: 0
体力: 62.14 / 146
友情点: 145 / 126284080`
*連続ログイン7日間到達おめでとうございます！
明日は1日目からリスタートされます。*
`獣の足跡 X 1
呼符 X 1
9月交換券(2024) X 1
`*奏章Ⅲ 新霊長後継戦 アーキタイプ・インセプション 開幕記念 ログインボーナス*
*開催期間中、1日1回 最大78回 ログインボーナスをプレゼント！*
`黄金の果実 X 1
`_2024-09-03 19:34:34_
--------
*d7d817068dd79c14d5fa0fc2d8de9d8c*
`登陆天数: 17天 / 1430天
等级: 142
石头: 12
呼符: 2
体力: 86.27333333333334 / 140
友情点: 0 / 5818690`
*連続ログイン3日目
※ログインが途切れるか、7日到達すると
1日目から再開されます*
`叡智の業火 X 1
9月交換券(2024) X 1
`*奏章Ⅲ 新霊長後継戦 アーキタイプ・インセプション 開幕記念 ログインボーナス*
*開催期間中、1日1回 最大78回 ログインボーナスをプレゼント！*
`白銀の果実 X 1
`_2024-09-03 19:34:43_
--------
