【登录信息】
*fb01c381ae259b6016f634d837caf832*
`登陆天数: 995天 / 1619天
等级: 170
石头: 19
呼符: 1
体力: 75.91666666666667 / 146
友情点: 175 / 126287920`
*連続ログイン1日目
※ログインが途切れるか、7日到達すると
1日目から再開されます*
`フレンドポイント X 2000
9月交換券(2024) X 1
`*奏章Ⅲ 新霊長後継戦 アーキタイプ・インセプション 開幕記念 ログインボーナス*
*開催期間中、1日1回 最大78回 ログインボーナスをプレゼント！*
`白銀の果実 X 1
`_2024-09-04 19:33:27_
--------
*d7d817068dd79c14d5fa0fc2d8de9d8c*
`登陆天数: 18天 / 1431天
等级: 142
石头: 16
呼符: 2
体力: 90.88333333333333 / 140
友情点: 0 / 5819925`
*連続ログイン4日目
※ログインが途切れるか、7日到達すると
1日目から再開されます*
`聖晶石 X 1
9月交換券(2024) X 1
`*奏章Ⅲ 新霊長後継戦 アーキタイプ・インセプション 開幕記念 ログインボーナス*
*開催期間中、1日1回 最大78回 ログインボーナスをプレゼント！*
`白銀の果実 X 1
`_2024-09-04 19:33:37_
--------
