【登录信息】
*fb01c381ae259b6016f634d837caf832*
`登陆天数: 998天 / 1622天
等级: 170
石头: 17
呼符: 0
体力: 59.959999999999994 / 146
友情点: 225 / 126250575`
*連続ログイン4日目
※ログインが途切れるか、7日到達すると
1日目から再開されます*
`聖晶石 X 1
9月交換券(2024) X 1
`*奏章Ⅲ 新霊長後継戦 アーキタイプ・インセプション 開幕記念 ログインボーナス*
*開催期間中、1日1回 最大78回 ログインボーナスをプレゼント！*
`白銀の果実 X 1
`_2024-09-07 19:33:41_
--------
*d7d817068dd79c14d5fa0fc2d8de9d8c*
`登陆天数: 21天 / 1434天
等级: 142
石头: 25
呼符: 2
体力: 40.33666666666667 / 140
友情点: 10 / 5826755`
*連続ログイン7日間到達おめでとうございます！
明日は1日目からリスタートされます。*
`獣の足跡 X 1
呼符 X 1
9月交換券(2024) X 1
`*奏章Ⅲ 新霊長後継戦 アーキタイプ・インセプション 開幕記念 ログインボーナス*
*開催期間中、1日1回 最大78回 ログインボーナスをプレゼント！*
`白銀の果実 X 1
`_2024-09-07 19:33:50_
--------
