【登录信息】
*fb01c381ae259b6016f634d837caf832*
`登陆天数: 999天 / 1623天
等级: 170
石头: 7
呼符: 0
体力: 68.01 / 146
友情点: 50 / 126252940`
*連続ログイン5日目
※ログインが途切れるか、7日到達すると
1日目から再開されます*
`叡智の業火 X 2
9月交換券(2024) X 1
`*「奏章Ⅲ 新霊長後継戦 アーキタイプ・インセプション」(中編)開幕直前カウントダウンログインボーナス*
*開催期間中、1日1回 6日間日替わりでログインボーナスをプレゼント！*
`英霊結晶・星のフォウくん X 10
`_2024-09-08 19:33:55_
--------
*d7d817068dd79c14d5fa0fc2d8de9d8c*
`登陆天数: 22天 / 1435天
等级: 142
石头: 3
呼符: 3
体力: 65.38666666666667 / 140
友情点: 0 / 5827655`
*連続ログイン1日目
※ログインが途切れるか、7日到達すると
1日目から再開されます*
`フレンドポイント X 2000
9月交換券(2024) X 1
`*「奏章Ⅲ 新霊長後継戦 アーキタイプ・インセプション」(中編)開幕直前カウントダウンログインボーナス*
*開催期間中、1日1回 6日間日替わりでログインボーナスをプレゼント！*
`英霊結晶・星のフォウくん X 10
`_2024-09-08 19:34:04_
--------
