【登录信息】
*fb01c381ae259b6016f634d837caf832*
`登陆天数: 1000天 / 1624天
等级: 170
石头: 9
呼符: 0
体力: 75.92333333333333 / 146
友情点: 125 / 126254590`
*連続ログイン6日目
※ログインが途切れるか、7日到達すると
1日目から再開されます*
`聖晶石 X 2
9月交換券(2024) X 1
`*「奏章Ⅲ 新霊長後継戦 アーキタイプ・インセプション」(中編)開幕直前カウントダウンログインボーナス*
*開催期間中、1日1回 6日間日替わりでログインボーナスをプレゼント！*
`英霊結晶・太陽のフォウくん X 10
`_2024-09-09 19:33:28_
--------
*d7d817068dd79c14d5fa0fc2d8de9d8c*
`登陆天数: 23天 / 1436天
等级: 142
石头: 6
呼符: 3
体力: 73.3 / 140
友情点: 0 / 5828890`
*連続ログイン2日目
※ログインが途切れるか、7日到達すると
1日目から再開されます*
`聖晶石 X 1
9月交換券(2024) X 1
`*「奏章Ⅲ 新霊長後継戦 アーキタイプ・インセプション」(中編)開幕直前カウントダウンログインボーナス*
*開催期間中、1日1回 6日間日替わりでログインボーナスをプレゼント！*
`英霊結晶・太陽のフォウくん X 10
`_2024-09-09 19:33:39_
--------
