【登录信息】
*fb01c381ae259b6016f634d837caf832*
`登陆天数: 1001天 / 1625天
等级: 170
石头: 13
呼符: 0
体力: 97.21666666666667 / 146
友情点: 500 / 126256235`
*連続ログイン7日間到達おめでとうございます！
明日は1日目からリスタートされます。*
`獣の足跡 X 1
呼符 X 1
9月交換券(2024) X 1
`*「奏章Ⅲ 新霊長後継戦 アーキタイプ・インセプション」(中編)開幕直前カウントダウンログインボーナス*
*開催期間中、1日1回 6日間日替わりでログインボーナスをプレゼント！*
`獣の足跡 X 1
`_2024-09-10 19:34:57_
--------
*d7d817068dd79c14d5fa0fc2d8de9d8c*
`登陆天数: 24天 / 1437天
等级: 142
石头: 14
呼符: 4
体力: 71.59333333333333 / 140
友情点: 0 / 5831295`
*連続ログイン3日目
※ログインが途切れるか、7日到達すると
1日目から再開されます*
`叡智の業火 X 1
9月交換券(2024) X 1
`*「奏章Ⅲ 新霊長後継戦 アーキタイプ・インセプション」(中編)開幕直前カウントダウンログインボーナス*
*開催期間中、1日1回 6日間日替わりでログインボーナスをプレゼント！*
`獣の足跡 X 1
`_2024-09-10 19:35:07_
--------
