【登录信息】
*fb01c381ae259b6016f634d837caf832*
`登陆天数: 1002天 / 1626天
等级: 170
石头: 12
呼符: 1
体力: 75.59 / 146
友情点: 125 / 126258760`
*連続ログイン1日目
※ログインが途切れるか、7日到達すると
1日目から再開されます*
`フレンドポイント X 2000
9月交換券(2024) X 1
`*奏章Ⅲ 新霊長後継戦 アーキタイプ・インセプション 開幕記念 ログインボーナス*
*開催期間中、1日1回 最大78回 ログインボーナスをプレゼント！*
`白銀の果実 X 1
`_2024-09-11 19:34:25_
--------
*d7d817068dd79c14d5fa0fc2d8de9d8c*
`登陆天数: 25天 / 1438天
等级: 142
石头: 15
呼符: 4
体力: 54.486666666666665 / 140
友情点: 0 / 5832305`
*連続ログイン4日目
※ログインが途切れるか、7日到達すると
1日目から再開されます*
`聖晶石 X 1
9月交換券(2024) X 1
`*奏章Ⅲ 新霊長後継戦 アーキタイプ・インセプション 開幕記念 ログインボーナス*
*開催期間中、1日1回 最大78回 ログインボーナスをプレゼント！*
`白銀の果実 X 1
`_2024-09-11 19:34:34_
--------
