【登录信息】
*fb01c381ae259b6016f634d837caf832*
`登陆天数: 1003天 / 1627天
等级: 170
石头: 12
呼符: 1
体力: 83.43 / 146
友情点: 25 / 126260415`
*連続ログイン2日目
※ログインが途切れるか、7日到達すると
1日目から再開されます*
`聖晶石 X 1
9月交換券(2024) X 1
`*奏章Ⅲ 新霊長後継戦 アーキタイプ・インセプション 開幕記念 ログインボーナス*
*開催期間中、1日1回 最大78回 ログインボーナスをプレゼント！*
`白銀の果実 X 1
`_2024-09-12 19:33:37_
--------
*d7d817068dd79c14d5fa0fc2d8de9d8c*
`登陆天数: 26天 / 1439天
等级: 142
石头: 16
呼符: 4
体力: 72.32333333333334 / 140
友情点: 0 / 5833565`
*連続ログイン5日目
※ログインが途切れるか、7日到達すると
1日目から再開されます*
`叡智の業火 X 2
9月交換券(2024) X 1
`*奏章Ⅲ 新霊長後継戦 アーキタイプ・インセプション 開幕記念 ログインボーナス*
*開催期間中、1日1回 最大78回 ログインボーナスをプレゼント！*
`白銀の果実 X 1
`_2024-09-12 19:33:46_
--------
