【登录信息】
*fb01c381ae259b6016f634d837caf832*
`登陆天数: 1006天 / 1630天
等级: 170
石头: 19
呼符: 1
体力: 49.656666666666666 / 146
友情点: 325 / 126267660`
*連続ログイン5日目
※ログインが途切れるか、7日到達すると
1日目から再開されます*
`叡智の業火 X 2
9月交換券(2024) X 1
`*奏章Ⅲ 新霊長後継戦 アーキタイプ・インセプション 開幕記念 ログインボーナス*
*開催期間中、1日1回 最大78回 ログインボーナスをプレゼント！*
`白銀の果実 X 1
`_2024-09-15 19:33:28_
--------
*d7d817068dd79c14d5fa0fc2d8de9d8c*
`登陆天数: 29天 / 1442天
等级: 142
石头: 3
呼符: 4
体力: 61.153333333333336 / 140
友情点: 0 / 5839685`
*連続ログイン1日目
※ログインが途切れるか、7日到達すると
1日目から再開されます*
`フレンドポイント X 2000
9月交換券(2024) X 1
`*奏章Ⅲ 新霊長後継戦 アーキタイプ・インセプション 開幕記念 ログインボーナス*
*開催期間中、1日1回 最大78回 ログインボーナスをプレゼント！*
`黄金の果実 X 1
`_2024-09-15 19:33:38_
--------
