【登录信息】
*fb01c381ae259b6016f634d837caf832*
`登陆天数: 1008天 / 1632天
等级: 170
石头: 21
呼符: 1
体力: 68.27666666666667 / 146
友情点: 50 / 126275895`
*連続ログイン7日間到達おめでとうございます！
明日は1日目からリスタートされます。*
`獣の足跡 X 1
呼符 X 1
9月交換券(2024) X 1
`*「奏章Ⅲ 新霊長後継戦 アーキタイプ・インセプション」(後編)
開幕直前&攻略応援特別ログインボーナス*
*開催期間中、1日1回 最大8回 ログインボーナスをプレゼント！*
`黄金の果実 X 2
`_2024-09-17 19:34:06_
--------
*d7d817068dd79c14d5fa0fc2d8de9d8c*
`登陆天数: 31天 / 1444天
等级: 142
石头: 41
呼符: 5
体力: 93.91333333333333 / 140
友情点: 0 / 5851065`
*連続ログイン3日目
※ログインが途切れるか、7日到達すると
1日目から再開されます*
`叡智の業火 X 1
9月交換券(2024) X 1
`*「奏章Ⅲ 新霊長後継戦 アーキタイプ・インセプション」(後編)
開幕直前&攻略応援特別ログインボーナス*
*開催期間中、1日1回 最大8回 ログインボーナスをプレゼント！*
`黄金の果実 X 2
`_2024-09-17 19:34:15_
--------
