【登录信息】
*fb01c381ae259b6016f634d837caf832*
`登陆天数: 1009天 / 1633天
等级: 170
石头: 21
呼符: 2
体力: 116.12666666666667 / 146
友情点: 400 / 126277850`
*連続ログイン1日目
※ログインが途切れるか、7日到達すると
1日目から再開されます*
`フレンドポイント X 2000
9月交換券(2024) X 1
`*「奏章Ⅲ 新霊長後継戦 アーキタイプ・インセプション」(後編)
開幕直前&攻略応援特別ログインボーナス*
*開催期間中、1日1回 最大8回 ログインボーナスをプレゼント！*
`叡智の業火 X 10
`_2024-09-18 19:33:20_
--------
*d7d817068dd79c14d5fa0fc2d8de9d8c*
`登陆天数: 32天 / 1445天
等级: 142
石头: 44
呼符: 5
体力: 85.28 / 140
友情点: 0 / 5852360`
*連続ログイン4日目
※ログインが途切れるか、7日到達すると
1日目から再開されます*
`聖晶石 X 1
9月交換券(2024) X 1
`*「奏章Ⅲ 新霊長後継戦 アーキタイプ・インセプション」(後編)
開幕直前&攻略応援特別ログインボーナス*
*開催期間中、1日1回 最大8回 ログインボーナスをプレゼント！*
`叡智の業火 X 10
`_2024-09-18 19:33:29_
--------
