【登录信息】
*fb01c381ae259b6016f634d837caf832*
`登陆天数: 1010天 / 1634天
等级: 170
石头: 13
呼符: 0
体力: 72.52 / 146
友情点: 425 / 126281660`
*連続ログイン2日目
※ログインが途切れるか、7日到達すると
1日目から再開されます*
`聖晶石 X 1
9月交換券(2024) X 1
`*「奏章Ⅲ 新霊長後継戦 アーキタイプ・インセプション」(後編)
開幕直前&攻略応援特別ログインボーナス*
*開催期間中、1日1回 最大8回 ログインボーナスをプレゼント！*
`QP X 3000000
`_2024-09-19 19:33:31_
--------
*d7d817068dd79c14d5fa0fc2d8de9d8c*
`登陆天数: 33天 / 1446天
等级: 142
石头: 44
呼符: 5
体力: 71.25333333333333 / 140
友情点: 0 / 5853485`
*連続ログイン5日目
※ログインが途切れるか、7日到達すると
1日目から再開されます*
`叡智の業火 X 2
9月交換券(2024) X 1
`*「奏章Ⅲ 新霊長後継戦 アーキタイプ・インセプション」(後編)
開幕直前&攻略応援特別ログインボーナス*
*開催期間中、1日1回 最大8回 ログインボーナスをプレゼント！*
`QP X 3000000
`_2024-09-19 19:33:41_
--------
