【登录信息】
*fb01c381ae259b6016f634d837caf832*
`登陆天数: 1012天 / 1636天
等级: 170
石头: 8
呼符: 0
体力: 64.54333333333334 / 146
友情点: 75 / 124126865`
*連続ログイン4日目
※ログインが途切れるか、7日到達すると
1日目から再開されます*
`聖晶石 X 1
9月交換券(2024) X 1
`*「奏章Ⅲ 新霊長後継戦 アーキタイプ・インセプション」(後編)
開幕直前&攻略応援特別ログインボーナス*
*開催期間中、1日1回 最大8回 ログインボーナスをプレゼント！*
`英霊結晶・太陽のフォウくん X 10
`_2024-09-21 19:33:38_
--------
*d7d817068dd79c14d5fa0fc2d8de9d8c*
`登陆天数: 35天 / 1448天
等级: 143
石头: 34
呼符: 5
体力: 114.21000000000001 / 141
友情点: 0 / 5858785`
*連続ログイン7日間到達おめでとうございます！
明日は1日目からリスタートされます。*
`獣の足跡 X 1
呼符 X 1
9月交換券(2024) X 1
`*「奏章Ⅲ 新霊長後継戦 アーキタイプ・インセプション」(後編)
開幕直前&攻略応援特別ログインボーナス*
*開催期間中、1日1回 最大8回 ログインボーナスをプレゼント！*
`英霊結晶・太陽のフォウくん X 10
`_2024-09-21 19:33:48_
--------
