【登录信息】
*fb01c381ae259b6016f634d837caf832*
`登陆天数: 1013天 / 1637天
等级: 170
石头: 9
呼符: 0
体力: 85.75999999999999 / 146
友情点: 575 / 123535860`
*連続ログイン5日目
※ログインが途切れるか、7日到達すると
1日目から再開されます*
`叡智の業火 X 2
9月交換券(2024) X 1
`*「京都国際マンガ・アニメフェア2024」出展記念 初回ログインボーナス*
*開催期間中、初回ログインで「聖晶石×10」をプレゼント！*
`聖晶石 X 10
`_2024-09-22 19:33:33_
--------
*d7d817068dd79c14d5fa0fc2d8de9d8c*
`登陆天数: 36天 / 1449天
等级: 143
石头: 43
呼符: 5
体力: 65.74333333333334 / 141
友情点: 0 / 5860030`
*連続ログイン1日目
※ログインが途切れるか、7日到達すると
1日目から再開されます*
`フレンドポイント X 2000
9月交換券(2024) X 1
`*「京都国際マンガ・アニメフェア2024」出展記念 初回ログインボーナス*
*開催期間中、初回ログインで「聖晶石×10」をプレゼント！*
`聖晶石 X 10
`_2024-09-22 19:33:42_
--------
