【登录信息】
*fb01c381ae259b6016f634d837caf832*
`登陆天数: 1014天 / 1638天
等级: 170
石头: 12
呼符: 0
体力: 73.76666666666667 / 146
友情点: 75 / 123159860`
*連続ログイン6日目
※ログインが途切れるか、7日到達すると
1日目から再開されます*
`聖晶石 X 2
9月交換券(2024) X 1
`*「奏章Ⅲ 新霊長後継戦 アーキタイプ・インセプション」(後編)
開幕直前&攻略応援特別ログインボーナス*
*開催期間中、1日1回 最大8回 ログインボーナスをプレゼント！*
`獣の足跡 X 1
`_2024-09-23 19:33:34_
--------
*d7d817068dd79c14d5fa0fc2d8de9d8c*
`登陆天数: 37天 / 1450天
等级: 143
石头: 46
呼符: 5
体力: 73.74666666666667 / 141
友情点: 0 / 5860665`
*連続ログイン2日目
※ログインが途切れるか、7日到達すると
1日目から再開されます*
`聖晶石 X 1
9月交換券(2024) X 1
`*「奏章Ⅲ 新霊長後継戦 アーキタイプ・インセプション」(後編)
開幕直前&攻略応援特別ログインボーナス*
*開催期間中、1日1回 最大8回 ログインボーナスをプレゼント！*
`獣の足跡 X 1
`_2024-09-23 19:33:44_
--------
