【登录信息】
*fb01c381ae259b6016f634d837caf832*
`登陆天数: 1015天 / 1639天
等级: 170
石头: 24
呼符: 0
体力: 81.95666666666666 / 146
友情点: 0 / 122791560`
*連続ログイン7日間到達おめでとうございます！
明日は1日目からリスタートされます。*
`獣の足跡 X 1
呼符 X 1
9月交換券(2024) X 1
`*「奏章Ⅲ 新霊長後継戦 アーキタイプ・インセプション」(後編)
開幕直前&攻略応援特別ログインボーナス*
*開催期間中、1日1回 最大8回 ログインボーナスをプレゼント！*
`星見のティーポット X 3
`_2024-09-24 19:34:32_
--------
*d7d817068dd79c14d5fa0fc2d8de9d8c*
`登陆天数: 38天 / 1451天
等级: 143
石头: 46
呼符: 5
体力: 158.24333333333334 / 141
友情点: 0 / 5861660`
*連続ログイン3日目
※ログインが途切れるか、7日到達すると
1日目から再開されます*
`叡智の業火 X 1
9月交換券(2024) X 1
`*「奏章Ⅲ 新霊長後継戦 アーキタイプ・インセプション」(後編)
開幕直前&攻略応援特別ログインボーナス*
*開催期間中、1日1回 最大8回 ログインボーナスをプレゼント！*
`星見のティーポット X 3
`_2024-09-24 19:34:42_
--------
