【登录信息】
*fb01c381ae259b6016f634d837caf832*
`登陆天数: 1016天 / 1640天
等级: 170
石头: 26
呼符: 0
体力: 59.72 / 146
友情点: 150 / 122792455`
*連続ログイン1日目
※ログインが途切れるか、7日到達すると
1日目から再開されます*
`フレンドポイント X 2000
9月交換券(2024) X 1
`*奏章Ⅲ 新霊長後継戦 アーキタイプ・インセプション 開幕記念 ログインボーナス*
*開催期間中、1日1回 最大78回 ログインボーナスをプレゼント！*
`白銀の果実 X 1
`_2024-09-25 19:33:21_
--------
*d7d817068dd79c14d5fa0fc2d8de9d8c*
`登陆天数: 39天 / 1452天
等级: 143
石头: 46
呼符: 5
体力: 78.02333333333334 / 141
友情点: 0 / 5861660`
*連続ログイン4日目
※ログインが途切れるか、7日到達すると
1日目から再開されます*
`聖晶石 X 1
9月交換券(2024) X 1
`*奏章Ⅲ 新霊長後継戦 アーキタイプ・インセプション 開幕記念 ログインボーナス*
*開催期間中、1日1回 最大78回 ログインボーナスをプレゼント！*
`白銀の果実 X 1
`_2024-09-25 19:33:30_
--------
