【登录信息】
*fb01c381ae259b6016f634d837caf832*
`登陆天数: 1021天 / 1645天
等级: 170
石头: 33
呼符: 5
体力: 45.650000000000006 / 146
友情点: 425 / 122802340`
*連続ログイン6日目
※ログインが途切れるか、7日到達すると
1日目から再開されます*
`聖晶石 X 2
10月交換券(2024) X 1
`*奏章Ⅲ 新霊長後継戦 アーキタイプ・インセプション 開幕記念 ログインボーナス*
*開催期間中、1日1回 最大78回 ログインボーナスをプレゼント！*
`白銀の果実 X 1
`_2024-09-30 19:33:45_
--------
*d7d817068dd79c14d5fa0fc2d8de9d8c*
`登陆天数: 44天 / 1457天
等级: 143
石头: 49
呼符: 10
体力: 53.75666666666666 / 141
友情点: 0 / 5867210`
*連続ログイン2日目
※ログインが途切れるか、7日到達すると
1日目から再開されます*
`聖晶石 X 1
10月交換券(2024) X 1
`*奏章Ⅲ 新霊長後継戦 アーキタイプ・インセプション 開幕記念 ログインボーナス*
*開催期間中、1日1回 最大78回 ログインボーナスをプレゼント！*
`白銀の果実 X 1
`_2024-09-30 19:33:55_
--------
