【登录信息】
*fb01c381ae259b6016f634d837caf832*
`登陆天数: 1022天 / 1646天
等级: 170
石头: 12
呼符: 5
体力: 63.67666666666666 / 146
友情点: 75 / 122804435`
*連続ログイン7日間到達おめでとうございます！
明日は1日目からリスタートされます。*
`獣の足跡 X 1
呼符 X 1
10月交換券(2024) X 1
`*奏章Ⅲ 新霊長後継戦 アーキタイプ・インセプション 開幕記念 ログインボーナス*
*開催期間中、1日1回 最大78回 ログインボーナスをプレゼント！*
`黄金の果実 X 1
`_2024-10-01 19:33:54_
--------
*d7d817068dd79c14d5fa0fc2d8de9d8c*
`登陆天数: 45天 / 1458天
等级: 143
石头: 3
呼符: 2
体力: 56.406666666666666 / 141
友情点: 10 / 5873730`
*連続ログイン3日目
※ログインが途切れるか、7日到達すると
1日目から再開されます*
`叡智の業火 X 1
10月交換券(2024) X 1
`*奏章Ⅲ 新霊長後継戦 アーキタイプ・インセプション 開幕記念 ログインボーナス*
*開催期間中、1日1回 最大78回 ログインボーナスをプレゼント！*
`白銀の果実 X 1
`_2024-10-01 19:34:03_
--------
