【登录信息】
*fb01c381ae259b6016f634d837caf832*
`登陆天数: 1024天 / 1648天
等级: 170
石头: 16
呼符: 7
体力: 90.16 / 146
友情点: 295 / 122810180`
*連続ログイン2日目
※ログインが途切れるか、7日到達すると
1日目から再開されます*
`聖晶石 X 1
10月交換券(2024) X 1
`*奏章Ⅲ 新霊長後継戦 アーキタイプ・インセプション 開幕記念 ログインボーナス*
*開催期間中、1日1回 最大78回 ログインボーナスをプレゼント！*
`白銀の果実 X 1
`_2024-10-03 19:34:52_
--------
*d7d817068dd79c14d5fa0fc2d8de9d8c*
`登陆天数: 47天 / 1460天
等级: 143
石头: 3
呼符: 2
体力: 478.02666666666664 / 141
友情点: 0 / 5873730`
*連続ログイン5日目
※ログインが途切れるか、7日到達すると
1日目から再開されます*
`叡智の業火 X 2
10月交換券(2024) X 1
`*奏章Ⅲ 新霊長後継戦 アーキタイプ・インセプション 開幕記念 ログインボーナス*
*開催期間中、1日1回 最大78回 ログインボーナスをプレゼント！*
`白銀の果実 X 1
`_2024-10-03 19:35:01_
--------
