【登录信息】
*fb01c381ae259b6016f634d837caf832*
`登陆天数: 1025天 / 1649天
等级: 170
石头: 51
呼符: 22
体力: 53.879999999999995 / 146
友情点: 310 / 121833500`
*連続ログイン3日目
※ログインが途切れるか、7日到達すると
1日目から再開されます*
`叡智の業火 X 1
10月交換券(2024) X 1
`*3000万DL記念 特別回数ログインボーナス*
*開催期間中、1日1回 最大10回 回数ログインボーナスをプレゼント！*
`白銀の果実 X 30
`_2024-10-04 19:33:28_
--------
*d7d817068dd79c14d5fa0fc2d8de9d8c*
`登陆天数: 48天 / 1461天
等级: 143
石头: 36
呼符: 2
体力: 60.86333333333333 / 141
友情点: 0 / 5882530`
*連続ログイン6日目
※ログインが途切れるか、7日到達すると
1日目から再開されます*
`聖晶石 X 2
10月交換券(2024) X 1
`*3000万DL記念 特別回数ログインボーナス*
*開催期間中、1日1回 最大10回 回数ログインボーナスをプレゼント！*
`白銀の果実 X 30
`_2024-10-04 19:33:37_
--------
