【登录信息】
*fb01c381ae259b6016f634d837caf832*
`登陆天数: 1026天 / 1650天
等级: 170
石头: 57
呼符: 22
体力: 41.85666666666667 / 146
友情点: 395 / 120090400`
*連続ログイン4日目
※ログインが途切れるか、7日到達すると
1日目から再開されます*
`聖晶石 X 1
10月交換券(2024) X 1
`*3000万DL記念 特別回数ログインボーナス*
*開催期間中、1日1回 最大10回 回数ログインボーナスをプレゼント！*
`叡智の業火 X 30
`_2024-10-05 19:33:21_
--------
*d7d817068dd79c14d5fa0fc2d8de9d8c*
`登陆天数: 49天 / 1462天
等级: 143
石头: 36
呼符: 2
体力: 56.120000000000005 / 141
友情点: 0 / 5896280`
*連続ログイン7日間到達おめでとうございます！
明日は1日目からリスタートされます。*
`獣の足跡 X 1
呼符 X 1
10月交換券(2024) X 1
`*3000万DL記念 特別回数ログインボーナス*
*開催期間中、1日1回 最大10回 回数ログインボーナスをプレゼント！*
`叡智の業火 X 30
`_2024-10-05 19:33:31_
--------
