【登录信息】
*fb01c381ae259b6016f634d837caf832*
`登陆天数: 1027天 / 1651天
等级: 170
石头: 105
呼符: 22
体力: 92.0 / 146
友情点: 700 / 119628085`
*連続ログイン5日目
※ログインが途切れるか、7日到達すると
1日目から再開されます*
`叡智の業火 X 2
10月交換券(2024) X 1
`*3000万DL記念 特別回数ログインボーナス*
*開催期間中、1日1回 最大10回 回数ログインボーナスをプレゼント！*
`マナプリズム X 300
`_2024-10-06 19:34:04_
--------
*d7d817068dd79c14d5fa0fc2d8de9d8c*
`登陆天数: 50天 / 1463天
等级: 143
石头: 84
呼符: 3
体力: 98.00666666666666 / 141
友情点: 10 / 5901290`
*連続ログイン1日目
※ログインが途切れるか、7日到達すると
1日目から再開されます*
`フレンドポイント X 2000
10月交換券(2024) X 1
`*3000万DL記念 特別回数ログインボーナス*
*開催期間中、1日1回 最大10回 回数ログインボーナスをプレゼント！*
`マナプリズム X 300
`_2024-10-06 19:34:13_
--------
