【登录信息】
*fb01c381ae259b6016f634d837caf832*
`登陆天数: 1028天 / 1652天
等级: 170
石头: 128
呼符: 22
体力: 65.84 / 146
友情点: 4065 / 118646960`
*連続ログイン6日目
※ログインが途切れるか、7日到達すると
1日目から再開されます*
`聖晶石 X 2
10月交換券(2024) X 1
`*3000万DL記念 特別回数ログインボーナス*
*開催期間中、1日1回 最大10回 回数ログインボーナスをプレゼント！*
`QP X 30000000
`_2024-10-07 19:33:15_
--------
*d7d817068dd79c14d5fa0fc2d8de9d8c*
`登陆天数: 51天 / 1464天
等级: 143
石头: 84
呼符: 3
体力: 63.29666666666667 / 141
友情点: 0 / 5903040`
*連続ログイン2日目
※ログインが途切れるか、7日到達すると
1日目から再開されます*
`聖晶石 X 1
10月交換券(2024) X 1
`*3000万DL記念 特別回数ログインボーナス*
*開催期間中、1日1回 最大10回 回数ログインボーナスをプレゼント！*
`QP X 30000000
`_2024-10-07 19:33:25_
--------
