【登录信息】
*fb01c381ae259b6016f634d837caf832*
`登陆天数: 1029天 / 1653天
等级: 170
石头: 131
呼符: 22
体力: 67.86666666666666 / 146
友情点: 825 / 118659355`
*連続ログイン7日間到達おめでとうございます！
明日は1日目からリスタートされます。*
`獣の足跡 X 1
呼符 X 1
10月交換券(2024) X 1
`*3000万DL記念 特別回数ログインボーナス*
*開催期間中、1日1回 最大10回 回数ログインボーナスをプレゼント！*
`英霊結晶・星のフォウくん X 30
英霊結晶・太陽のフォウくん X 30
`_2024-10-08 19:33:24_
--------
*d7d817068dd79c14d5fa0fc2d8de9d8c*
`登陆天数: 52天 / 1465天
等级: 143
石头: 84
呼符: 3
体力: 82.05 / 141
友情点: 20 / 5905560`
*連続ログイン3日目
※ログインが途切れるか、7日到達すると
1日目から再開されます*
`叡智の業火 X 1
10月交換券(2024) X 1
`*3000万DL記念 特別回数ログインボーナス*
*開催期間中、1日1回 最大10回 回数ログインボーナスをプレゼント！*
`英霊結晶・星のフォウくん X 30
英霊結晶・太陽のフォウくん X 30
`_2024-10-08 19:33:33_
--------
