【登录信息】
*fb01c381ae259b6016f634d837caf832*
`登陆天数: 1030天 / 1654天
等级: 170
石头: 167
呼符: 23
体力: 54.60666666666667 / 146
友情点: 1450 / 118665320`
*連続ログイン1日目
※ログインが途切れるか、7日到達すると
1日目から再開されます*
`フレンドポイント X 2000
10月交換券(2024) X 1
`*「10月開幕予定 期間限定イベント」直前ログインボーナス*
*開催期間中、1日1回 最大7回 ログインボーナスをプレゼント！*
`聖晶石 X 1
霊脈石 X 1
`_2024-10-09 19:33:55_
--------
*d7d817068dd79c14d5fa0fc2d8de9d8c*
`登陆天数: 53天 / 1466天
等级: 143
石头: 84
呼符: 3
体力: 59.81 / 141
友情点: 0 / 5906810`
*連続ログイン4日目
※ログインが途切れるか、7日到達すると
1日目から再開されます*
`聖晶石 X 1
10月交換券(2024) X 1
`*「10月開幕予定 期間限定イベント」直前ログインボーナス*
*開催期間中、1日1回 最大7回 ログインボーナスをプレゼント！*
`聖晶石 X 1
霊脈石 X 1
`_2024-10-09 19:34:05_
--------
