【登录信息】
*fb01c381ae259b6016f634d837caf832*
`登陆天数: 1031天 / 1655天
等级: 170
石头: 167
呼符: 23
体力: 92.51666666666667 / 146
友情点: 1845 / 118669955`
*連続ログイン2日目
※ログインが途切れるか、7日到達すると
1日目から再開されます*
`聖晶石 X 1
10月交換券(2024) X 1
`*「10月開幕予定 期間限定イベント」直前ログインボーナス*
*開催期間中、1日1回 最大7回 ログインボーナスをプレゼント！*
`黄金の果実 X 1
霊脈石 X 1
`_2024-10-10 19:33:38_
--------
*d7d817068dd79c14d5fa0fc2d8de9d8c*
`登陆天数: 54天 / 1467天
等级: 143
石头: 84
呼符: 3
体力: 94.28666666666666 / 141
友情点: 0 / 5907185`
*連続ログイン5日目
※ログインが途切れるか、7日到達すると
1日目から再開されます*
`叡智の業火 X 2
10月交換券(2024) X 1
`*「10月開幕予定 期間限定イベント」直前ログインボーナス*
*開催期間中、1日1回 最大7回 ログインボーナスをプレゼント！*
`黄金の果実 X 1
霊脈石 X 1
`_2024-10-10 19:33:47_
--------
