【登录信息】
*fb01c381ae259b6016f634d837caf832*
`登陆天数: 1032天 / 1656天
等级: 170
石头: 170
呼符: 23
体力: 60.44333333333333 / 146
友情点: 5550 / 118683345`
*連続ログイン3日目
※ログインが途切れるか、7日到達すると
1日目から再開されます*
`叡智の業火 X 1
10月交換券(2024) X 1
`*「10月開幕予定 期間限定イベント」直前ログインボーナス*
*開催期間中、1日1回 最大7回 ログインボーナスをプレゼント！*
`QP X 2000000
霊脈石 X 1
`_2024-10-11 19:33:16_
--------
*d7d817068dd79c14d5fa0fc2d8de9d8c*
`登陆天数: 55天 / 1468天
等级: 143
石头: 84
呼符: 3
体力: 169.45666666666668 / 141
友情点: 10 / 5907570`
*連続ログイン6日目
※ログインが途切れるか、7日到達すると
1日目から再開されます*
`聖晶石 X 2
10月交換券(2024) X 1
`*「10月開幕予定 期間限定イベント」直前ログインボーナス*
*開催期間中、1日1回 最大7回 ログインボーナスをプレゼント！*
`QP X 2000000
霊脈石 X 1
`_2024-10-11 19:33:25_
--------
