【登录信息】
*fb01c381ae259b6016f634d837caf832*
`登陆天数: 1033天 / 1657天
等级: 170
石头: 170
呼符: 23
体力: 55.343333333333334 / 146
友情点: 2015 / 118711115`
*連続ログイン4日目
※ログインが途切れるか、7日到達すると
1日目から再開されます*
`聖晶石 X 1
10月交換券(2024) X 1
`*「10月開幕予定 期間限定イベント」直前ログインボーナス*
*開催期間中、1日1回 最大7回 ログインボーナスをプレゼント！*
`聖晶石 X 1
霊脈石 X 1
`_2024-10-12 19:33:52_
--------
*d7d817068dd79c14d5fa0fc2d8de9d8c*
`登陆天数: 56天 / 1469天
等级: 144
石头: 90
呼符: 3
体力: 129.46666666666667 / 141
友情点: 0 / 5916920`
*連続ログイン7日間到達おめでとうございます！
明日は1日目からリスタートされます。*
`獣の足跡 X 1
呼符 X 1
10月交換券(2024) X 1
`*「10月開幕予定 期間限定イベント」直前ログインボーナス*
*開催期間中、1日1回 最大7回 ログインボーナスをプレゼント！*
`聖晶石 X 1
霊脈石 X 1
`_2024-10-12 19:34:01_
--------
