【登录信息】
*fb01c381ae259b6016f634d837caf832*
`登陆天数: 1034天 / 1658天
等级: 170
石头: 6
呼符: 3
体力: 50.24333333333334 / 146
友情点: 480 / 118719685`
*連続ログイン5日目
※ログインが途切れるか、7日到達すると
1日目から再開されます*
`叡智の業火 X 2
10月交換券(2024) X 1
`*「10月開幕予定 期間限定イベント」直前ログインボーナス*
*開催期間中、1日1回 最大7回 ログインボーナスをプレゼント！*
`英霊結晶・星のフォウくん X 5
霊脈石 X 1
`_2024-10-13 19:33:21_
--------
*d7d817068dd79c14d5fa0fc2d8de9d8c*
`登陆天数: 57天 / 1470天
等级: 144
石头: 0
呼符: 4
体力: 117.52 / 141
友情点: 0 / 5919670`
*連続ログイン1日目
※ログインが途切れるか、7日到達すると
1日目から再開されます*
`フレンドポイント X 2000
10月交換券(2024) X 1
`*「10月開幕予定 期間限定イベント」直前ログインボーナス*
*開催期間中、1日1回 最大7回 ログインボーナスをプレゼント！*
`英霊結晶・星のフォウくん X 5
霊脈石 X 1
`_2024-10-13 19:33:31_
--------
