【登录信息】
*fb01c381ae259b6016f634d837caf832*
`登陆天数: 1036天 / 1660天
等级: 170
石头: 6
呼符: 0
体力: 74.35333333333334 / 146
友情点: 1330 / 118280025`
*連続ログイン7日間到達おめでとうございます！
明日は1日目からリスタートされます。*
`獣の足跡 X 1
呼符 X 1
10月交換券(2024) X 1
`*「10月開幕予定 期間限定イベント」直前ログインボーナス*
*開催期間中、1日1回 最大7回 ログインボーナスをプレゼント！*
`聖晶石 X 1
霊脈石 X 1
`_2024-10-15 19:33:55_
--------
*d7d817068dd79c14d5fa0fc2d8de9d8c*
`登陆天数: 59天 / 1472天
等级: 144
石头: 0
呼符: 4
体力: 693.63 / 141
友情点: 0 / 5919670`
*連続ログイン3日目
※ログインが途切れるか、7日到達すると
1日目から再開されます*
`叡智の業火 X 1
10月交換券(2024) X 1
`*「10月開幕予定 期間限定イベント」直前ログインボーナス*
*開催期間中、1日1回 最大7回 ログインボーナスをプレゼント！*
`聖晶石 X 1
霊脈石 X 1
`_2024-10-15 19:34:04_
--------
