【登录信息】
*fb01c381ae259b6016f634d837caf832*
`登陆天数: 1037天 / 1661天
等级: 170
石头: 23
呼符: 0
体力: 77.47 / 146
友情点: 300 / 118266910`
*連続ログイン1日目
※ログインが途切れるか、7日到達すると
1日目から再開されます*
`フレンドポイント X 2000
10月交換券(2024) X 1
`*Fate/Grand Order カルデア放送局 ライト版 ゲーム最新情報 配信記念 初回ログインボーナス*
*開催期間中、初回ログインで「聖晶石×14」をプレゼント！*
`聖晶石 X 14
`_2024-10-16 19:34:30_
--------
*d7d817068dd79c14d5fa0fc2d8de9d8c*
`登陆天数: 60天 / 1473天
等级: 144
石头: 0
呼符: 4
体力: 981.7433333333333 / 141
友情点: 45 / 5919715`
*連続ログイン4日目
※ログインが途切れるか、7日到達すると
1日目から再開されます*
`聖晶石 X 1
10月交換券(2024) X 1
`*Fate/Grand Order カルデア放送局 ライト版 ゲーム最新情報 配信記念 初回ログインボーナス*
*開催期間中、初回ログインで「聖晶石×14」をプレゼント！*
`聖晶石 X 14
`_2024-10-16 19:34:39_
--------
