【登录信息】
*fb01c381ae259b6016f634d837caf832*
`登陆天数: 1038天 / 1662天
等级: 170
石头: 27
呼符: 0
体力: 74.58 / 146
友情点: 6250 / 113825290`
*連続ログイン2日目
※ログインが途切れるか、7日到達すると
1日目から再開されます*
`聖晶石 X 1
10月交換券(2024) X 1
`*妖精双六虫籠遊戯 まだ見ぬ完璧なあなたへ 開幕記念 ログインボーナス*
*開催期間中、1日1回 最大78回 ログインボーナスをプレゼント！*
`白銀の果実 X 1
`_2024-10-17 19:35:02_
--------
*d7d817068dd79c14d5fa0fc2d8de9d8c*
`登陆天数: 61天 / 1474天
等级: 144
石头: 0
呼符: 19
体力: 64.32333333333334 / 141
友情点: 0 / 5926965`
*連続ログイン5日目
※ログインが途切れるか、7日到達すると
1日目から再開されます*
`叡智の業火 X 2
10月交換券(2024) X 1
`*妖精双六虫籠遊戯 まだ見ぬ完璧なあなたへ 開幕記念 ログインボーナス*
*開催期間中、1日1回 最大78回 ログインボーナスをプレゼント！*
`白銀の果実 X 1
`_2024-10-17 19:35:12_
--------
