【登录信息】
*fb01c381ae259b6016f634d837caf832*
`登陆天数: 1039天 / 1663天
等级: 170
石头: 87
呼符: 1
体力: 54.18000000000001 / 146
友情点: 32985 / 113624085`
*連続ログイン3日目
※ログインが途切れるか、7日到達すると
1日目から再開されます*
`叡智の業火 X 1
10月交換券(2024) X 1
`*妖精双六虫籠遊戯 まだ見ぬ完璧なあなたへ 開幕記念 ログインボーナス*
*開催期間中、1日1回 最大78回 ログインボーナスをプレゼント！*
`白銀の果実 X 1
`_2024-10-18 19:33:27_
--------
*d7d817068dd79c14d5fa0fc2d8de9d8c*
`登陆天数: 62天 / 1475天
等级: 144
石头: 37
呼符: 19
体力: 28.406666666666666 / 141
友情点: 0 / 5959590`
*連続ログイン6日目
※ログインが途切れるか、7日到達すると
1日目から再開されます*
`聖晶石 X 2
10月交換券(2024) X 1
`*妖精双六虫籠遊戯 まだ見ぬ完璧なあなたへ 開幕記念 ログインボーナス*
*開催期間中、1日1回 最大78回 ログインボーナスをプレゼント！*
`白銀の果実 X 1
`_2024-10-18 19:33:37_
--------
