【登录信息】
*fb01c381ae259b6016f634d837caf832*
`登陆天数: 1040天 / 1664天
等级: 170
石头: 90
呼符: 1
体力: 97.17333333333333 / 146
友情点: 5970 / 109641160`
*連続ログイン4日目
※ログインが途切れるか、7日到達すると
1日目から再開されます*
`聖晶石 X 1
10月交換券(2024) X 1
`*妖精双六虫籠遊戯 まだ見ぬ完璧なあなたへ 開幕記念 ログインボーナス*
*開催期間中、1日1回 最大78回 ログインボーナスをプレゼント！*
`白銀の果実 X 1
`_2024-10-19 19:33:26_
--------
*d7d817068dd79c14d5fa0fc2d8de9d8c*
`登陆天数: 63天 / 1476天
等级: 145
石头: 12
呼符: 19
体力: 92.45333333333333 / 141
友情点: 0 / 6009485`
*連続ログイン7日間到達おめでとうございます！
明日は1日目からリスタートされます。*
`獣の足跡 X 1
呼符 X 1
10月交換券(2024) X 1
`*妖精双六虫籠遊戯 まだ見ぬ完璧なあなたへ 開幕記念 ログインボーナス*
*開催期間中、1日1回 最大78回 ログインボーナスをプレゼント！*
`白銀の果実 X 1
`_2024-10-19 19:33:34_
--------
