【登录信息】
*fb01c381ae259b6016f634d837caf832*
`登陆天数: 1041天 / 1665天
等级: 170
石头: 115
呼符: 1
体力: 46.346666666666664 / 146
友情点: 510 / 109645970`
*連続ログイン5日目
※ログインが途切れるか、7日到達すると
1日目から再開されます*
`叡智の業火 X 2
10月交換券(2024) X 1
`*妖精双六虫籠遊戯 まだ見ぬ完璧なあなたへ 開幕記念 ログインボーナス*
*開催期間中、1日1回 最大78回 ログインボーナスをプレゼント！*
`白銀の果実 X 1
`_2024-10-20 19:34:33_
--------
*d7d817068dd79c14d5fa0fc2d8de9d8c*
`登陆天数: 64天 / 1477天
等级: 145
石头: 174
呼符: 20
体力: 60.70333333333333 / 141
友情点: 0 / 6012005`
*連続ログイン1日目
※ログインが途切れるか、7日到達すると
1日目から再開されます*
`フレンドポイント X 2000
10月交換券(2024) X 1
`*妖精双六虫籠遊戯 まだ見ぬ完璧なあなたへ 開幕記念 ログインボーナス*
*開催期間中、1日1回 最大78回 ログインボーナスをプレゼント！*
`黄金の果実 X 1
`_2024-10-20 19:34:42_
--------
