【登录信息】
*fb01c381ae259b6016f634d837caf832*
`登陆天数: 1042天 / 1666天
等级: 170
石头: 119
呼符: 1
体力: 54.18333333333334 / 146
友情点: 215 / 109668060`
*連続ログイン6日目
※ログインが途切れるか、7日到達すると
1日目から再開されます*
`聖晶石 X 2
10月交換券(2024) X 1
`*妖精双六虫籠遊戯 まだ見ぬ完璧なあなたへ 開幕記念 ログインボーナス*
*開催期間中、1日1回 最大78回 ログインボーナスをプレゼント！*
`白銀の果実 X 1
`_2024-10-21 19:33:44_
--------
*d7d817068dd79c14d5fa0fc2d8de9d8c*
`登陆天数: 65天 / 1478天
等级: 145
石头: 180
呼符: 20
体力: 37.56999999999999 / 141
友情点: 0 / 6043710`
*連続ログイン2日目
※ログインが途切れるか、7日到達すると
1日目から再開されます*
`聖晶石 X 1
10月交換券(2024) X 1
`*妖精双六虫籠遊戯 まだ見ぬ完璧なあなたへ 開幕記念 ログインボーナス*
*開催期間中、1日1回 最大78回 ログインボーナスをプレゼント！*
`白銀の果実 X 1
`_2024-10-21 19:33:53_
--------
