【登录信息】
*fb01c381ae259b6016f634d837caf832*
`登陆天数: 1043天 / 1667天
等级: 170
石头: 122
呼符: 2
体力: 57.34 / 146
友情点: 155 / 109700120`
*連続ログイン7日間到達おめでとうございます！
明日は1日目からリスタートされます。*
`獣の足跡 X 1
呼符 X 1
10月交換券(2024) X 1
`*妖精双六虫籠遊戯 まだ見ぬ完璧なあなたへ 開幕記念 ログインボーナス*
*開催期間中、1日1回 最大78回 ログインボーナスをプレゼント！*
`黄金の果実 X 1
`_2024-10-22 19:34:30_
--------
*d7d817068dd79c14d5fa0fc2d8de9d8c*
`登陆天数: 66天 / 1479天
等级: 145
石头: 183
呼符: 20
体力: 109.00666666666666 / 141
友情点: 0 / 6064445`
*連続ログイン3日目
※ログインが途切れるか、7日到達すると
1日目から再開されます*
`叡智の業火 X 1
10月交換券(2024) X 1
`*妖精双六虫籠遊戯 まだ見ぬ完璧なあなたへ 開幕記念 ログインボーナス*
*開催期間中、1日1回 最大78回 ログインボーナスをプレゼント！*
`白銀の果実 X 1
`_2024-10-22 19:34:40_
--------
