【登录信息】
*fb01c381ae259b6016f634d837caf832*
`登陆天数: 1044天 / 1668天
等级: 170
石头: 132
呼符: 4
体力: 70.25333333333333 / 146
友情点: 50 / 109702760`
*連続ログイン1日目
※ログインが途切れるか、7日到達すると
1日目から再開されます*
`フレンドポイント X 2000
10月交換券(2024) X 1
`*妖精双六虫籠遊戯 まだ見ぬ完璧なあなたへ 開幕記念 ログインボーナス*
*開催期間中、1日1回 最大78回 ログインボーナスをプレゼント！*
`白銀の果実 X 1
`_2024-10-23 19:34:04_
--------
*d7d817068dd79c14d5fa0fc2d8de9d8c*
`登陆天数: 67天 / 1480天
等级: 145
石头: 185
呼符: 21
体力: 124.81666666666666 / 141
友情点: 10 / 6075595`
*連続ログイン4日目
※ログインが途切れるか、7日到達すると
1日目から再開されます*
`聖晶石 X 1
10月交換券(2024) X 1
`*妖精双六虫籠遊戯 まだ見ぬ完璧なあなたへ 開幕記念 ログインボーナス*
*開催期間中、1日1回 最大78回 ログインボーナスをプレゼント！*
`白銀の果実 X 1
`_2024-10-23 19:34:14_
--------
