【登录信息】
*fb01c381ae259b6016f634d837caf832*
`登陆天数: 1045天 / 1669天
等级: 170
石头: 132
呼符: 5
体力: 58.08666666666667 / 146
友情点: 25 / 108457085`
*連続ログイン2日目
※ログインが途切れるか、7日到達すると
1日目から再開されます*
`聖晶石 X 1
10月交換券(2024) X 1
`*妖精双六虫籠遊戯 まだ見ぬ完璧なあなたへ 開幕記念 ログインボーナス*
*開催期間中、1日1回 最大78回 ログインボーナスをプレゼント！*
`白銀の果実 X 1
`_2024-10-24 19:33:15_
--------
*d7d817068dd79c14d5fa0fc2d8de9d8c*
`登陆天数: 68天 / 1481天
等级: 145
石头: 215
呼符: 21
体力: 209.45666666666665 / 141
友情点: 0 / 6076470`
*連続ログイン5日目
※ログインが途切れるか、7日到達すると
1日目から再開されます*
`叡智の業火 X 2
10月交換券(2024) X 1
`*妖精双六虫籠遊戯 まだ見ぬ完璧なあなたへ 開幕記念 ログインボーナス*
*開催期間中、1日1回 最大78回 ログインボーナスをプレゼント！*
`白銀の果実 X 1
`_2024-10-24 19:33:24_
--------
