【登录信息】
*fb01c381ae259b6016f634d837caf832*
`登陆天数: 1046天 / 1670天
等级: 170
石头: 132
呼符: 5
体力: 61.120000000000005 / 146
友情点: 110 / 108458725`
*連続ログイン3日目
※ログインが途切れるか、7日到達すると
1日目から再開されます*
`叡智の業火 X 1
10月交換券(2024) X 1
`*妖精双六虫籠遊戯 まだ見ぬ完璧なあなたへ 開幕記念 ログインボーナス*
*開催期間中、1日1回 最大78回 ログインボーナスをプレゼント！*
`白銀の果実 X 1
`_2024-10-25 19:33:25_
--------
*d7d817068dd79c14d5fa0fc2d8de9d8c*
`登陆天数: 69天 / 1482天
等级: 145
石头: 215
呼符: 21
体力: 497.49666666666667 / 141
友情点: 0 / 6076470`
*連続ログイン6日目
※ログインが途切れるか、7日到達すると
1日目から再開されます*
`聖晶石 X 2
10月交換券(2024) X 1
`*妖精双六虫籠遊戯 まだ見ぬ完璧なあなたへ 開幕記念 ログインボーナス*
*開催期間中、1日1回 最大78回 ログインボーナスをプレゼント！*
`白銀の果実 X 1
`_2024-10-25 19:33:35_
--------
