【登录信息】
*fb01c381ae259b6016f634d837caf832*
`登陆天数: 1047天 / 1671天
等级: 170
石头: 132
呼符: 5
体力: 69.08333333333333 / 146
友情点: 10 / 108459370`
*連続ログイン4日目
※ログインが途切れるか、7日到達すると
1日目から再開されます*
`聖晶石 X 1
10月交換券(2024) X 1
`*妖精双六虫籠遊戯 まだ見ぬ完璧なあなたへ 開幕記念 ログインボーナス*
*開催期間中、1日1回 最大78回 ログインボーナスをプレゼント！*
`白銀の果実 X 1
`_2024-10-26 19:33:14_
--------
*d7d817068dd79c14d5fa0fc2d8de9d8c*
`登陆天数: 70天 / 1483天
等级: 145
石头: 215
呼符: 21
体力: 785.4566666666667 / 141
友情点: 0 / 6076470`
*連続ログイン7日間到達おめでとうございます！
明日は1日目からリスタートされます。*
`獣の足跡 X 1
呼符 X 1
10月交換券(2024) X 1
`*妖精双六虫籠遊戯 まだ見ぬ完璧なあなたへ 開幕記念 ログインボーナス*
*開催期間中、1日1回 最大78回 ログインボーナスをプレゼント！*
`白銀の果実 X 1
`_2024-10-26 19:33:23_
--------
