【登录信息】
*fb01c381ae259b6016f634d837caf832*
`登陆天数: 1048天 / 1672天
等级: 170
石头: 132
呼符: 5
体力: 77.14 / 146
友情点: 260 / 108460430`
*連続ログイン5日目
※ログインが途切れるか、7日到達すると
1日目から再開されます*
`叡智の業火 X 2
10月交換券(2024) X 1
`*妖精双六虫籠遊戯 まだ見ぬ完璧なあなたへ 開幕記念 ログインボーナス*
*開催期間中、1日1回 最大78回 ログインボーナスをプレゼント！*
`白銀の果実 X 1
`_2024-10-27 19:33:31_
--------
*d7d817068dd79c14d5fa0fc2d8de9d8c*
`登陆天数: 71天 / 1484天
等级: 145
石头: 215
呼符: 21
体力: 1073.5166666666667 / 141
友情点: 0 / 6076470`
*連続ログイン1日目
※ログインが途切れるか、7日到達すると
1日目から再開されます*
`フレンドポイント X 2000
10月交換券(2024) X 1
`*妖精双六虫籠遊戯 まだ見ぬ完璧なあなたへ 開幕記念 ログインボーナス*
*開催期間中、1日1回 最大78回 ログインボーナスをプレゼント！*
`黄金の果実 X 1
`_2024-10-27 19:33:41_
--------
