【登录信息】
*fb01c381ae259b6016f634d837caf832*
`登陆天数: 1049天 / 1673天
等级: 170
石头: 134
呼符: 5
体力: 85.13333333333333 / 146
友情点: 110 / 108461430`
*連続ログイン6日目
※ログインが途切れるか、7日到達すると
1日目から再開されます*
`聖晶石 X 2
10月交換券(2024) X 1
`*妖精双六虫籠遊戯 まだ見ぬ完璧なあなたへ 開幕記念 ログインボーナス*
*開催期間中、1日1回 最大78回 ログインボーナスをプレゼント！*
`白銀の果実 X 1
`_2024-10-28 19:33:29_
--------
*d7d817068dd79c14d5fa0fc2d8de9d8c*
`登陆天数: 72天 / 1485天
等级: 145
石头: 215
呼符: 21
体力: 1361.5066666666667 / 141
友情点: 10 / 6076480`
*連続ログイン2日目
※ログインが途切れるか、7日到達すると
1日目から再開されます*
`聖晶石 X 1
10月交換券(2024) X 1
`*妖精双六虫籠遊戯 まだ見ぬ完璧なあなたへ 開幕記念 ログインボーナス*
*開催期間中、1日1回 最大78回 ログインボーナスをプレゼント！*
`白銀の果実 X 1
`_2024-10-28 19:33:38_
--------
