【登录信息】
*fb01c381ae259b6016f634d837caf832*
`登陆天数: 1050天 / 1674天
等级: 170
石头: 134
呼符: 5
体力: 73.22666666666667 / 146
友情点: 45 / 108462675`
*連続ログイン7日間到達おめでとうございます！
明日は1日目からリスタートされます。*
`獣の足跡 X 1
呼符 X 1
10月交換券(2024) X 1
`*妖精双六虫籠遊戯 まだ見ぬ完璧なあなたへ 開幕記念 ログインボーナス*
*開催期間中、1日1回 最大78回 ログインボーナスをプレゼント！*
`黄金の果実 X 1
`_2024-10-29 19:33:56_
--------
*d7d817068dd79c14d5fa0fc2d8de9d8c*
`登陆天数: 73天 / 1486天
等级: 145
石头: 215
呼符: 21
体力: 1649.5966666666666 / 141
友情点: 0 / 6076480`
*連続ログイン3日目
※ログインが途切れるか、7日到達すると
1日目から再開されます*
`叡智の業火 X 1
10月交換券(2024) X 1
`*妖精双六虫籠遊戯 まだ見ぬ完璧なあなたへ 開幕記念 ログインボーナス*
*開催期間中、1日1回 最大78回 ログインボーナスをプレゼント！*
`白銀の果実 X 1
`_2024-10-29 19:34:06_
--------
