【登录信息】
*fb01c381ae259b6016f634d837caf832*
`登陆天数: 1051天 / 1675天
等级: 170
石头: 142
呼符: 5
体力: 81.17666666666666 / 146
友情点: 0 / 108463515`
*連続ログイン1日目
※ログインが途切れるか、7日到達すると
1日目から再開されます*
`フレンドポイント X 2000
10月交換券(2024) X 1
`*秋の戦力増強キャンペーン特別ログインボーナス！*
*開催期間中、1日1回 最大7回 ログインボーナスをプレゼント！*
`英霊結晶・星のフォウくん X 5
`_2024-10-30 19:33:42_
--------
*d7d817068dd79c14d5fa0fc2d8de9d8c*
`登陆天数: 74天 / 1487天
等级: 145
石头: 215
呼符: 21
体力: 1937.55 / 141
友情点: 10 / 6076490`
*連続ログイン4日目
※ログインが途切れるか、7日到達すると
1日目から再開されます*
`聖晶石 X 1
10月交換券(2024) X 1
`*秋の戦力増強キャンペーン特別ログインボーナス！*
*開催期間中、1日1回 最大7回 ログインボーナスをプレゼント！*
`叡智の業火 X 3
`_2024-10-30 19:33:51_
--------
