【登录信息】
*fb01c381ae259b6016f634d837caf832*
`登陆天数: 625天 / 1249天
等级: 152
石头: 293
呼符: 6
体力: 91.22 / 142
友情点: 225 / 174643500`
*連続ログイン2日目
※ログインが途切れるか、7日到達すると
1日目から再開されます*
`聖晶石 X 1
9月交換券(2023) X 1
`_2023-08-31 19:36:41_
--------
*d7d817068dd79c14d5fa0fc2d8de9d8c*
`登陆天数: 16天 / 1198天
等级: 140
石头: 29
呼符: 11
体力: 121.54333333333334 / 140
友情点: 40 / 5653355`
*連続ログイン2日目
※ログインが途切れるか、7日到達すると
1日目から再開されます*
`聖晶石 X 1
9月交換券(2023) X 1
`*サーヴァント・サマー・フェスティバル2023！開幕記念 ログインボーナス*
*開催期間中、1日1回 最大21回ログインボーナスをプレゼント！*
`白銀の果実 X 1
`_2023-08-31 19:36:49_
--------
