【登录信息】
*fb01c381ae259b6016f634d837caf832*
`登陆天数: 626天 / 1250天
等级: 152
石头: 241
呼符: 11
体力: 85.06333333333333 / 142
友情点: 0 / 174646000`
*連続ログイン3日目
※ログインが途切れるか、7日到達すると
1日目から再開されます*
`叡智の業火 X 1
9月交換券(2023) X 1
`*ハンティングクエスト 第13弾
特別ログインボーナス*
*開催期間中、1日1回 最大7回ログインボーナスをプレゼント！*
`黄金の果実 X 1
`_2023-09-01 19:36:56_
--------
*d7d817068dd79c14d5fa0fc2d8de9d8c*
`登陆天数: 17天 / 1199天
等级: 140
石头: 33
呼符: 16
体力: 180.31 / 140
友情点: 30 / 5653705`
*連続ログイン3日目
※ログインが途切れるか、7日到達すると
1日目から再開されます*
`叡智の業火 X 1
9月交換券(2023) X 1
`*ハンティングクエスト 第13弾
特別ログインボーナス*
*開催期間中、1日1回 最大7回ログインボーナスをプレゼント！*
`黄金の果実 X 1
`_2023-09-01 19:37:04_
--------
