【登录信息】
*fb01c381ae259b6016f634d837caf832*
`登陆天数: 627天 / 1251天
等级: 152
石头: 271
呼符: 11
体力: 53.04666666666667 / 142
友情点: 150 / 174646975`
*連続ログイン4日目
※ログインが途切れるか、7日到達すると
1日目から再開されます*
`聖晶石 X 1
9月交換券(2023) X 1
`*ハンティングクエスト 第13弾
特別ログインボーナス*
*開催期間中、1日1回 最大7回ログインボーナスをプレゼント！*
`黄金の果実 X 1
`_2023-09-02 19:36:49_
--------
*d7d817068dd79c14d5fa0fc2d8de9d8c*
`登陆天数: 18天 / 1200天
等级: 140
石头: 33
呼符: 16
体力: 468.29333333333335 / 140
友情点: 10 / 5653715`
*連続ログイン4日目
※ログインが途切れるか、7日到達すると
1日目から再開されます*
`聖晶石 X 1
9月交換券(2023) X 1
`*ハンティングクエスト 第13弾
特別ログインボーナス*
*開催期間中、1日1回 最大7回ログインボーナスをプレゼント！*
`黄金の果実 X 1
`_2023-09-02 19:36:59_
--------
