【登录信息】
*fb01c381ae259b6016f634d837caf832*
`登陆天数: 628天 / 1252天
等级: 152
石头: 31
呼符: 11
体力: 82.97333333333333 / 142
友情点: 350 / 173030485`
*連続ログイン5日目
※ログインが途切れるか、7日到達すると
1日目から再開されます*
`叡智の業火 X 2
9月交換券(2023) X 1
`*ハンティングクエスト 第13弾
特別ログインボーナス*
*開催期間中、1日1回 最大7回ログインボーナスをプレゼント！*
`黄金の果実 X 1
`_2023-09-03 19:36:28_
--------
*d7d817068dd79c14d5fa0fc2d8de9d8c*
`登陆天数: 19天 / 1201天
等级: 140
石头: 37
呼符: 16
体力: 195.05 / 140
友情点: 50 / 5655820`
*連続ログイン5日目
※ログインが途切れるか、7日到達すると
1日目から再開されます*
`叡智の業火 X 2
9月交換券(2023) X 1
`*ハンティングクエスト 第13弾
特別ログインボーナス*
*開催期間中、1日1回 最大7回ログインボーナスをプレゼント！*
`黄金の果実 X 1
`_2023-09-03 19:36:37_
--------
