【登录信息】
*fb01c381ae259b6016f634d837caf832*
`登陆天数: 629天 / 1253天
等级: 152
石头: 31
呼符: 11
体力: 71.03666666666666 / 142
友情点: 185 / 171378660`
*連続ログイン6日目
※ログインが途切れるか、7日到達すると
1日目から再開されます*
`聖晶石 X 2
9月交換券(2023) X 1
`*ハンティングクエスト 第13弾
特別ログインボーナス*
*開催期間中、1日1回 最大7回ログインボーナスをプレゼント！*
`黄金の果実 X 1
`_2023-09-04 19:36:48_
--------
*d7d817068dd79c14d5fa0fc2d8de9d8c*
`登陆天数: 20天 / 1202天
等级: 140
石头: 7
呼符: 16
体力: 223.06 / 140
友情点: 50 / 5656725`
*連続ログイン6日目
※ログインが途切れるか、7日到達すると
1日目から再開されます*
`聖晶石 X 2
9月交換券(2023) X 1
`*ハンティングクエスト 第13弾
特別ログインボーナス*
*開催期間中、1日1回 最大7回ログインボーナスをプレゼント！*
`黄金の果実 X 1
`_2023-09-04 19:36:56_
--------
