【登录信息】
*fb01c381ae259b6016f634d837caf832*
`登陆天数: 630天 / 1254天
等级: 153
石头: 37
呼符: 11
体力: 81.17666666666668 / 143
友情点: 405 / 171384890`
*連続ログイン7日間到達おめでとうございます！
明日は1日目からリスタートされます。*
`獣の足跡 X 1
呼符 X 1
9月交換券(2023) X 1
`*ハンティングクエスト 第13弾
特別ログインボーナス*
*開催期間中、1日1回 最大7回ログインボーナスをプレゼント！*
`黄金の果実 X 1
`_2023-09-05 19:36:36_
--------
*d7d817068dd79c14d5fa0fc2d8de9d8c*
`登陆天数: 21天 / 1203天
等级: 140
石头: 7
呼符: 16
体力: 215.65 / 140
友情点: 40 / 5657725`
*連続ログイン7日間到達おめでとうございます！
明日は1日目からリスタートされます。*
`獣の足跡 X 1
呼符 X 1
9月交換券(2023) X 1
`*ハンティングクエスト 第13弾
特別ログインボーナス*
*開催期間中、1日1回 最大7回ログインボーナスをプレゼント！*
`黄金の果実 X 1
`_2023-09-05 19:36:45_
--------
