【登录信息】
*fb01c381ae259b6016f634d837caf832*
`登陆天数: 631天 / 1255天
等级: 153
石头: 40
呼符: 11
体力: 73.08 / 143
友情点: 235 / 171389075`
*連続ログイン1日目
※ログインが途切れるか、7日到達すると
1日目から再開されます*
`フレンドポイント X 2000
9月交換券(2023) X 1
`*ハンティングクエスト 第13弾
特別ログインボーナス*
*開催期間中、1日1回 最大7回ログインボーナスをプレゼント！*
`黄金の果実 X 1
`_2023-09-06 19:36:50_
--------
*d7d817068dd79c14d5fa0fc2d8de9d8c*
`登陆天数: 22天 / 1204天
等级: 140
石头: 3
呼符: 0
体力: 117.56666666666666 / 140
友情点: 0 / 5658830`
*連続ログイン1日目
※ログインが途切れるか、7日到達すると
1日目から再開されます*
`フレンドポイント X 2000
9月交換券(2023) X 1
`*ハンティングクエスト 第13弾
特別ログインボーナス*
*開催期間中、1日1回 最大7回ログインボーナスをプレゼント！*
`黄金の果実 X 1
`_2023-09-06 19:36:59_
--------
