【登录信息】
*fb01c381ae259b6016f634d837caf832*
`登陆天数: 632天 / 1256天
等级: 153
石头: 40
呼符: 11
体力: 66.01 / 143
友情点: 70 / 171391865`
*連続ログイン2日目
※ログインが途切れるか、7日到達すると
1日目から再開されます*
`聖晶石 X 1
9月交換券(2023) X 1
`_2023-09-07 19:36:52_
--------
*d7d817068dd79c14d5fa0fc2d8de9d8c*
`登陆天数: 23天 / 1205天
等级: 140
石头: 3
呼符: 0
体力: 116.50666666666666 / 140
友情点: 30 / 5661670`
*連続ログイン2日目
※ログインが途切れるか、7日到達すると
1日目から再開されます*
`聖晶石 X 1
9月交換券(2023) X 1
`*ハンティングクエスト 第13弾
特別ログインボーナス*
*開催期間中、1日1回 最大7回ログインボーナスをプレゼント！*
`黄金の果実 X 1
`_2023-09-07 19:37:00_
--------
