【登录信息】
*fb01c381ae259b6016f634d837caf832*
`登陆天数: 638天 / 1262天
等级: 153
石头: 49
呼符: 13
体力: 58.56666666666666 / 143
友情点: 460 / 171402050`
*連続ログイン1日目
※ログインが途切れるか、7日到達すると
1日目から再開されます*
`フレンドポイント X 2000
9月交換券(2023) X 1
`*日替りログインボーナス*
*開催期間中、1日1回 2週間日替りでログインボーナスをプレゼント！*
`巡霊の葉 X 30
`_2023-09-13 19:36:35_
--------
*d7d817068dd79c14d5fa0fc2d8de9d8c*
`登陆天数: 29天 / 1211天
等级: 140
石头: 3
呼符: 0
体力: 1678.6266666666668 / 140
友情点: 130 / 5662730`
*連続ログイン1日目
※ログインが途切れるか、7日到達すると
1日目から再開されます*
`フレンドポイント X 2000
9月交換券(2023) X 1
`*日替りログインボーナス*
*開催期間中、1日1回 2週間日替りでログインボーナスをプレゼント！*
`巡霊の葉 X 30
`_2023-09-13 19:36:44_
--------
