【登录信息】
*fb01c381ae259b6016f634d837caf832*
`登陆天数: 639天 / 1263天
等级: 153
石头: 51
呼符: 13
体力: 55.31 / 143
友情点: 965 / 171404765`
*連続ログイン2日目
※ログインが途切れるか、7日到達すると
1日目から再開されます*
`聖晶石 X 1
9月交換券(2023) X 1
`*日替りログインボーナス*
*開催期間中、1日1回 2週間日替りでログインボーナスをプレゼント！*
`巡霊の葉 X 30
`_2023-09-14 19:36:31_
--------
*d7d817068dd79c14d5fa0fc2d8de9d8c*
`登陆天数: 30天 / 1212天
等级: 140
石头: 3
呼符: 0
体力: 1966.6133333333332 / 140
友情点: 20 / 5662750`
*連続ログイン2日目
※ログインが途切れるか、7日到達すると
1日目から再開されます*
`聖晶石 X 1
9月交換券(2023) X 1
`*日替りログインボーナス*
*開催期間中、1日1回 2週間日替りでログインボーナスをプレゼント！*
`巡霊の葉 X 30
`_2023-09-14 19:36:40_
--------
