【登录信息】
*fb01c381ae259b6016f634d837caf832*
`登陆天数: 640天 / 1264天
等级: 153
石头: 53
呼符: 13
体力: 100.89333333333333 / 143
友情点: 185 / 171405695`
*連続ログイン3日目
※ログインが途切れるか、7日到達すると
1日目から再開されます*
`叡智の業火 X 1
9月交換券(2023) X 1
`*日替りログインボーナス*
*開催期間中、1日1回 2週間日替りでログインボーナスをプレゼント！*
`聖晶石 X 2
巡霊の葉 X 100
`_2023-09-15 19:36:33_
--------
*d7d817068dd79c14d5fa0fc2d8de9d8c*
`登陆天数: 31天 / 1213天
等级: 140
石头: 3
呼符: 0
体力: 2254.6233333333334 / 140
友情点: 70 / 5662860`
*連続ログイン3日目
※ログインが途切れるか、7日到達すると
1日目から再開されます*
`叡智の業火 X 1
9月交換券(2023) X 1
`*日替りログインボーナス*
*開催期間中、1日1回 2週間日替りでログインボーナスをプレゼント！*
`聖晶石 X 2
巡霊の葉 X 100
`_2023-09-15 19:36:42_
--------
