【登录信息】
*fb01c381ae259b6016f634d837caf832*
`登陆天数: 642天 / 1266天
等级: 153
石头: 38
呼符: 13
体力: 81.93333333333334 / 143
友情点: 120 / 171408415`
*連続ログイン5日目
※ログインが途切れるか、7日到達すると
1日目から再開されます*
`叡智の業火 X 2
9月交換券(2023) X 1
`*日替りログインボーナス*
*開催期間中、1日1回 2週間日替りでログインボーナスをプレゼント！*
`巡霊の葉 X 30
`_2023-09-17 19:36:46_
--------
*d7d817068dd79c14d5fa0fc2d8de9d8c*
`登陆天数: 33天 / 1215天
等级: 140
石头: 3
呼符: 0
体力: 2830.6633333333334 / 140
友情点: 40 / 5663040`
*連続ログイン5日目
※ログインが途切れるか、7日到達すると
1日目から再開されます*
`叡智の業火 X 2
9月交換券(2023) X 1
`*日替りログインボーナス*
*開催期間中、1日1回 2週間日替りでログインボーナスをプレゼント！*
`巡霊の葉 X 30
`_2023-09-17 19:36:55_
--------
