【登录信息】
*fb01c381ae259b6016f634d837caf832*
`登陆天数: 643天 / 1267天
等级: 153
石头: 94
呼符: 13
体力: 93.72333333333333 / 143
友情点: 95 / 171413320`
*連続ログイン6日目
※ログインが途切れるか、7日到達すると
1日目から再開されます*
`聖晶石 X 2
9月交換券(2023) X 1
`*日替りログインボーナス*
*開催期間中、1日1回 2週間日替りでログインボーナスをプレゼント！*
`巡霊の葉 X 30
`_2023-09-18 19:36:37_
--------
*d7d817068dd79c14d5fa0fc2d8de9d8c*
`登陆天数: 34天 / 1216天
等级: 140
石头: 8
呼符: 1
体力: 125.8 / 140
友情点: 65 / 5667195`
*連続ログイン6日目
※ログインが途切れるか、7日到達すると
1日目から再開されます*
`聖晶石 X 2
9月交換券(2023) X 1
`*日替りログインボーナス*
*開催期間中、1日1回 2週間日替りでログインボーナスをプレゼント！*
`巡霊の葉 X 30
`_2023-09-18 19:36:46_
--------
