【登录信息】
*fb01c381ae259b6016f634d837caf832*
`登陆天数: 647天 / 1271天
等级: 153
石头: 98
呼符: 14
体力: 41.653333333333336 / 143
友情点: 200 / 171424525`
*連続ログイン3日目
※ログインが途切れるか、7日到達すると
1日目から再開されます*
`叡智の業火 X 1
9月交換券(2023) X 1
`*日替りログインボーナス*
*開催期間中、1日1回 2週間日替りでログインボーナスをプレゼント！*
`聖晶石 X 2
巡霊の葉 X 100
`_2023-09-22 19:36:34_
--------
*d7d817068dd79c14d5fa0fc2d8de9d8c*
`登陆天数: 38天 / 1220天
等级: 140
石头: 4
呼符: 1
体力: 1084.3333333333335 / 140
友情点: 30 / 5677100`
*連続ログイン3日目
※ログインが途切れるか、7日到達すると
1日目から再開されます*
`叡智の業火 X 1
9月交換券(2023) X 1
`*日替りログインボーナス*
*開催期間中、1日1回 2週間日替りでログインボーナスをプレゼント！*
`聖晶石 X 2
巡霊の葉 X 100
`_2023-09-22 19:36:43_
--------
