【登录信息】
*fb01c381ae259b6016f634d837caf832*
`登陆天数: 648天 / 1272天
等级: 153
石头: 99
呼符: 14
体力: 29.930000000000007 / 143
友情点: 660 / 171426525`
*連続ログイン4日目
※ログインが途切れるか、7日到達すると
1日目から再開されます*
`聖晶石 X 1
9月交換券(2023) X 1
`*日替りログインボーナス*
*開催期間中、1日1回 2週間日替りでログインボーナスをプレゼント！*
`巡霊の葉 X 30
`_2023-09-23 19:36:45_
--------
*d7d817068dd79c14d5fa0fc2d8de9d8c*
`登陆天数: 39天 / 1221天
等级: 140
石头: 4
呼符: 1
体力: 1372.3733333333332 / 140
友情点: 130 / 5677230`
*連続ログイン4日目
※ログインが途切れるか、7日到達すると
1日目から再開されます*
`聖晶石 X 1
9月交換券(2023) X 1
`*日替りログインボーナス*
*開催期間中、1日1回 2週間日替りでログインボーナスをプレゼント！*
`巡霊の葉 X 30
`_2023-09-23 19:36:54_
--------
