【登录信息】
*fb01c381ae259b6016f634d837caf832*
`登陆天数: 649天 / 1273天
等级: 153
石头: 100
呼符: 14
体力: 67.94666666666667 / 143
友情点: 120 / 171427470`
*連続ログイン5日目
※ログインが途切れるか、7日到達すると
1日目から再開されます*
`叡智の業火 X 2
9月交換券(2023) X 1
`*日替りログインボーナス*
*開催期間中、1日1回 2週間日替りでログインボーナスをプレゼント！*
`巡霊の葉 X 30
`_2023-09-24 19:36:51_
--------
*d7d817068dd79c14d5fa0fc2d8de9d8c*
`登陆天数: 40天 / 1222天
等级: 140
石头: 4
呼符: 1
体力: 1660.3866666666668 / 140
友情点: 30 / 5677290`
*連続ログイン5日目
※ログインが途切れるか、7日到達すると
1日目から再開されます*
`叡智の業火 X 2
9月交換券(2023) X 1
`*日替りログインボーナス*
*開催期間中、1日1回 2週間日替りでログインボーナスをプレゼント！*
`巡霊の葉 X 30
`_2023-09-24 19:36:59_
--------
