【登录信息】
*fb01c381ae259b6016f634d837caf832*
`登陆天数: 650天 / 1274天
等级: 153
石头: 102
呼符: 14
体力: 95.94666666666666 / 143
友情点: 170 / 171429200`
*連続ログイン6日目
※ログインが途切れるか、7日到達すると
1日目から再開されます*
`聖晶石 X 2
9月交換券(2023) X 1
`*日替りログインボーナス*
*開催期間中、1日1回 2週間日替りでログインボーナスをプレゼント！*
`巡霊の葉 X 30
`_2023-09-25 19:36:51_
--------
*d7d817068dd79c14d5fa0fc2d8de9d8c*
`登陆天数: 41天 / 1223天
等级: 140
石头: 4
呼符: 1
体力: 1948.3866666666668 / 140
友情点: 110 / 5677400`
*連続ログイン6日目
※ログインが途切れるか、7日到達すると
1日目から再開されます*
`聖晶石 X 2
9月交換券(2023) X 1
`*日替りログインボーナス*
*開催期間中、1日1回 2週間日替りでログインボーナスをプレゼント！*
`巡霊の葉 X 30
`_2023-09-25 19:36:59_
--------
