【登录信息】
*fb01c381ae259b6016f634d837caf832*
`登陆天数: 651天 / 1275天
等级: 153
石头: 108
呼符: 14
体力: 67.77 / 143
友情点: 85 / 171430615`
*連続ログイン7日間到達おめでとうございます！
明日は1日目からリスタートされます。*
`獣の足跡 X 1
呼符 X 1
9月交換券(2023) X 1
`*日替りログインボーナス*
*開催期間中、1日1回 2週間日替りでログインボーナスをプレゼント！*
`聖晶石 X 3
巡霊の葉 X 50
`_2023-09-26 19:36:47_
--------
*d7d817068dd79c14d5fa0fc2d8de9d8c*
`登陆天数: 42天 / 1224天
等级: 140
石头: 4
呼符: 1
体力: 2236.3766666666666 / 140
友情点: 80 / 5677480`
*連続ログイン7日間到達おめでとうございます！
明日は1日目からリスタートされます。*
`獣の足跡 X 1
呼符 X 1
9月交換券(2023) X 1
`*日替りログインボーナス*
*開催期間中、1日1回 2週間日替りでログインボーナスをプレゼント！*
`聖晶石 X 3
巡霊の葉 X 50
`_2023-09-26 19:36:56_
--------
