【登录信息】
*fb01c381ae259b6016f634d837caf832*
`登陆天数: 653天 / 1277天
等级: 153
石头: 130
呼符: 15
体力: 57.790000000000006 / 143
友情点: 400 / 171433560`
*連続ログイン2日目
※ログインが途切れるか、7日到達すると
1日目から再開されます*
`聖晶石 X 1
9月交換券(2023) X 1
`*ワンジナ・ワールドツアー！ ～大精霊と巡る世界一周～開幕記念 ログインボーナス*
*開催期間中、1日1回 最大21回ログインボーナスをプレゼント！*
`白銀の果実 X 1
`_2023-09-28 19:36:54_
--------
*d7d817068dd79c14d5fa0fc2d8de9d8c*
`登陆天数: 44天 / 1226天
等级: 140
石头: 4
呼符: 1
体力: 2812.4 / 140
友情点: 10 / 5677540`
*連続ログイン2日目
※ログインが途切れるか、7日到達すると
1日目から再開されます*
`聖晶石 X 1
9月交換券(2023) X 1
`*「Fate/Samurai Remnant」発売記念 特別ログインボーナス*
*開催期間中、初回ログインで「限定概念礼装」をプレゼント！*
`Samurai Remnant X 1
`_2023-09-28 19:37:03_
--------
