【登录信息】
*fb01c381ae259b6016f634d837caf832*
`登陆天数: 813天 / 1437天
等级: 162
石头: 19
呼符: 19
体力: 61.093333333333334 / 144
友情点: 265 / 134768000`
*連続ログイン1日目
※ログインが途切れるか、7日到達すると
1日目から再開されます*
`フレンドポイント X 2000
3月交換券(2024) X 1
`*CBC2024 シャルルマーニュのモンジョワ・騎士道！開幕記念 ログインボーナス*
*開催期間中、1日1回 最大21回 ログインボーナスをプレゼント！*
`白銀の果実 X 1
`_2024-03-06 19:30:47_
--------
*d7d817068dd79c14d5fa0fc2d8de9d8c*
`登陆天数: 1天 / 1360天
等级: 140
石头: 4
呼符: 1
体力: 48891.18 / 140
友情点: 0 / 5705520`
*連続ログイン1日目
※ログインが途切れるか、7日到達すると
1日目から再開されます*
`フレンドポイント X 2000
3月交換券(2024) X 1
`*「奏章Ⅱ」開幕直前ログインボーナス*
*開催期間中、1日1回 最大7回 ログインボーナスをプレゼント！*
`QP X 3000000
黄金の果実 X 2
`_2024-03-06 19:30:56_
--------
