【登录信息】
*fb01c381ae259b6016f634d837caf832*
`登陆天数: 815天 / 1439天
等级: 162
石头: 57
呼符: 21
体力: 95.64333333333333 / 144
友情点: 640 / 134774170`
*連続ログイン3日目
※ログインが途切れるか、7日到達すると
1日目から再開されます*
`叡智の業火 X 1
3月交換券(2024) X 1
`*CBC2024 シャルルマーニュのモンジョワ・騎士道！開幕記念 ログインボーナス*
*開催期間中、1日1回 最大21回 ログインボーナスをプレゼント！*
`白銀の果実 X 1
`_2024-03-08 19:30:56_
--------
*d7d817068dd79c14d5fa0fc2d8de9d8c*
`登陆天数: 3天 / 1362天
等级: 140
石头: 4
呼符: 1
体力: 49467.21 / 140
友情点: 0 / 5705540`
*連続ログイン3日目
※ログインが途切れるか、7日到達すると
1日目から再開されます*
`叡智の業火 X 1
3月交換券(2024) X 1
`*「奏章Ⅱ」開幕直前ログインボーナス*
*開催期間中、1日1回 最大7回 ログインボーナスをプレゼント！*
`英霊結晶・太陽のフォウくん X 2
黄金の果実 X 1
`_2024-03-08 19:31:05_
--------
