【登录信息】
*fb01c381ae259b6016f634d837caf832*
`登陆天数: 825天 / 1449天
等级: 163
石头: 56
呼符: 27
体力: 98.95666666666666 / 145
友情点: 105 / 134797475`
*連続ログイン6日目
※ログインが途切れるか、7日到達すると
1日目から再開されます*
`聖晶石 X 2
3月交換券(2024) X 1
`*「奏章Ⅱ」開幕直前特別回数ログインボーナス*
*開催期間中、1日1回 最大5回 回数ログインボーナスをプレゼント！*
`獣の足跡 X 1
`_2024-03-18 19:30:39_
--------
*d7d817068dd79c14d5fa0fc2d8de9d8c*
`登陆天数: 13天 / 1372天
等级: 140
石头: 4
呼符: 1
体力: 52347.15666666667 / 140
友情点: 0 / 5707620`
*連続ログイン6日目
※ログインが途切れるか、7日到達すると
1日目から再開されます*
`聖晶石 X 2
3月交換券(2024) X 1
`*「奏章Ⅱ」開幕直前特別回数ログインボーナス*
*開催期間中、1日1回 最大5回 回数ログインボーナスをプレゼント！*
`獣の足跡 X 1
`_2024-03-18 19:30:49_
--------
