【登录信息】
*fb01c381ae259b6016f634d837caf832*
`登陆天数: 826天 / 1450天
等级: 163
石头: 56
呼符: 27
体力: 89.83666666666667 / 145
友情点: 155 / 134799195`
*連続ログイン7日間到達おめでとうございます！
明日は1日目からリスタートされます。*
`獣の足跡 X 1
呼符 X 1
3月交換券(2024) X 1
`*「奏章Ⅱ」開幕直前特別回数ログインボーナス*
*開催期間中、1日1回 最大5回 回数ログインボーナスをプレゼント！*
`聖晶石 X 3
`_2024-03-19 19:30:28_
--------
*d7d817068dd79c14d5fa0fc2d8de9d8c*
`登陆天数: 14天 / 1373天
等级: 140
石头: 176
呼符: 18
体力: 181.15666666666667 / 140
友情点: 220 / 5738580`
*連続ログイン7日間到達おめでとうございます！
明日は1日目からリスタートされます。*
`獣の足跡 X 1
呼符 X 1
3月交換券(2024) X 1
`*「奏章Ⅱ」開幕直前特別回数ログインボーナス*
*開催期間中、1日1回 最大5回 回数ログインボーナスをプレゼント！*
`聖晶石 X 3
`_2024-03-19 19:30:36_
--------
