【登录信息】
*fb01c381ae259b6016f634d837caf832*
`登陆天数: 827天 / 1451天
等级: 163
石头: 26
呼符: 0
体力: 48.03 / 145
友情点: 570 / 134804630`
*連続ログイン1日目
※ログインが途切れるか、7日到達すると
1日目から再開されます*
`フレンドポイント X 2000
3月交換券(2024) X 1
`*FGO カルデア放送局 Vol.21 奏章Ⅱ 開幕直前SP
放送記念 初回ログインボーナス*
*開催期間中、初回ログインで「聖晶石×14」をプレゼント！*
`聖晶石 X 14
`_2024-03-20 19:30:28_
--------
*d7d817068dd79c14d5fa0fc2d8de9d8c*
`登陆天数: 15天 / 1374天
等级: 140
石头: 176
呼符: 18
体力: 469.16333333333336 / 140
友情点: 140 / 5738720`
*連続ログイン1日目
※ログインが途切れるか、7日到達すると
1日目から再開されます*
`フレンドポイント X 2000
3月交換券(2024) X 1
`*FGO カルデア放送局 Vol.21 奏章Ⅱ 開幕直前SP
放送記念 初回ログインボーナス*
*開催期間中、初回ログインで「聖晶石×14」をプレゼント！*
`聖晶石 X 14
`_2024-03-20 19:30:37_
--------
