【登录信息】
*fb01c381ae259b6016f634d837caf832*
`登陆天数: 828天 / 1452天
等级: 163
石头: 22
呼符: 0
体力: 67.1 / 145
友情点: 235 / 134809115`
*連続ログイン2日目
※ログインが途切れるか、7日到達すると
1日目から再開されます*
`聖晶石 X 1
3月交換券(2024) X 1
`*CBC2024 シャルルマーニュのモンジョワ・騎士道！開幕記念 ログインボーナス*
*開催期間中、1日1回 最大21回 ログインボーナスをプレゼント！*
`白銀の果実 X 1
`_2024-03-21 19:30:49_
--------
*d7d817068dd79c14d5fa0fc2d8de9d8c*
`登陆天数: 16天 / 1375天
等级: 140
石头: 22
呼符: 19
体力: 220.44333333333333 / 140
友情点: 120 / 5741040`
*連続ログイン2日目
※ログインが途切れるか、7日到達すると
1日目から再開されます*
`聖晶石 X 1
3月交換券(2024) X 1
`*CBC2024 シャルルマーニュのモンジョワ・騎士道！開幕記念 ログインボーナス*
*開催期間中、1日1回 最大21回 ログインボーナスをプレゼント！*
`白銀の果実 X 1
`_2024-03-21 19:30:58_
--------
