【登录信息】
*fb01c381ae259b6016f634d837caf832*
`登陆天数: 829天 / 1453天
等级: 163
石头: 9
呼符: 0
体力: 33.03333333333333 / 145
友情点: 270 / 134811245`
*連続ログイン3日目
※ログインが途切れるか、7日到達すると
1日目から再開されます*
`叡智の業火 X 1
3月交換券(2024) X 1
`*CBC2024 シャルルマーニュのモンジョワ・騎士道！開幕記念 ログインボーナス*
*開催期間中、1日1回 最大21回 ログインボーナスをプレゼント！*
`白銀の果実 X 1
`_2024-03-22 19:30:30_
--------
*d7d817068dd79c14d5fa0fc2d8de9d8c*
`登陆天数: 17天 / 1376天
等级: 140
石头: 22
呼符: 19
体力: 69.61 / 140
友情点: 40 / 5741310`
*連続ログイン3日目
※ログインが途切れるか、7日到達すると
1日目から再開されます*
`叡智の業火 X 1
3月交換券(2024) X 1
`*CBC2024 シャルルマーニュのモンジョワ・騎士道！開幕記念 ログインボーナス*
*開催期間中、1日1回 最大21回 ログインボーナスをプレゼント！*
`白銀の果実 X 1
`_2024-03-22 19:30:39_
--------
