【登录信息】
*fb01c381ae259b6016f634d837caf832*
`登陆天数: 831天 / 1455天
等级: 163
石头: 13
呼符: 0
体力: 88.00999999999999 / 145
友情点: 405 / 134815600`
*連続ログイン5日目
※ログインが途切れるか、7日到達すると
1日目から再開されます*
`叡智の業火 X 2
3月交換券(2024) X 1
`*「AnimeJapan 2024」出展記念 初回ログインボーナス*
*開催期間中、初回ログインで「聖晶石×10」をプレゼント！*
`聖晶石 X 10
`_2024-03-24 19:30:22_
--------
*d7d817068dd79c14d5fa0fc2d8de9d8c*
`登陆天数: 19天 / 1378天
等级: 140
石头: 22
呼符: 19
体力: 645.5866666666666 / 140
友情点: 20 / 5741500`
*連続ログイン5日目
※ログインが途切れるか、7日到達すると
1日目から再開されます*
`叡智の業火 X 2
3月交換券(2024) X 1
`*「AnimeJapan 2024」出展記念 初回ログインボーナス*
*開催期間中、初回ログインで「聖晶石×10」をプレゼント！*
`聖晶石 X 10
`_2024-03-24 19:30:31_
--------
