【登录信息】
*fb01c381ae259b6016f634d837caf832*
`登陆天数: 832天 / 1456天
等级: 163
石头: 24
呼符: 0
体力: 61.64333333333333 / 145
友情点: 515 / 134818340`
*連続ログイン6日目
※ログインが途切れるか、7日到達すると
1日目から再開されます*
`聖晶石 X 2
3月交換券(2024) X 1
`*CBC2024 シャルルマーニュのモンジョワ・騎士道！開幕記念 ログインボーナス*
*開催期間中、1日1回 最大21回 ログインボーナスをプレゼント！*
`白銀の果実 X 1
`_2024-03-25 19:30:30_
--------
*d7d817068dd79c14d5fa0fc2d8de9d8c*
`登陆天数: 20天 / 1379天
等级: 140
石头: 22
呼符: 19
体力: 933.6133333333333 / 140
友情点: 0 / 5741500`
*連続ログイン6日目
※ログインが途切れるか、7日到達すると
1日目から再開されます*
`聖晶石 X 2
3月交換券(2024) X 1
`*CBC2024 シャルルマーニュのモンジョワ・騎士道！開幕記念 ログインボーナス*
*開催期間中、1日1回 最大21回 ログインボーナスをプレゼント！*
`白銀の果実 X 1
`_2024-03-25 19:30:40_
--------
