【登录信息】
*fb01c381ae259b6016f634d837caf832*
`登陆天数: 833天 / 1457天
等级: 163
石头: 28
呼符: 0
体力: 66.69333333333333 / 145
友情点: 220 / 134820435`
*連続ログイン7日間到達おめでとうございます！
明日は1日目からリスタートされます。*
`獣の足跡 X 1
呼符 X 1
3月交換券(2024) X 1
`_2024-03-26 19:30:45_
--------
*d7d817068dd79c14d5fa0fc2d8de9d8c*
`登陆天数: 21天 / 1380天
等级: 140
石头: 36
呼符: 19
体力: 155.22666666666666 / 140
友情点: 30 / 5741680`
*連続ログイン7日間到達おめでとうございます！
明日は1日目からリスタートされます。*
`獣の足跡 X 1
呼符 X 1
3月交換券(2024) X 1
`*CBC2024 シャルルマーニュのモンジョワ・騎士道！開幕記念 ログインボーナス*
*開催期間中、1日1回 最大21回 ログインボーナスをプレゼント！*
`白銀の果実 X 1
`_2024-03-26 19:30:54_
--------
