【登录信息】
*fb01c381ae259b6016f634d837caf832*
`登陆天数: 836天 / 1460天
等级: 163
石头: 9
呼符: 3
体力: 71.00666666666666 / 145
友情点: 320 / 134826765`
*連続ログイン3日目
※ログインが途切れるか、7日到達すると
1日目から再開されます*
`叡智の業火 X 1
3月交換券(2024) X 1
`*Fate/Grand Order 春の新米マスター応援キャンペーン2024！
特別ログインボーナス*
*開催期間中、1日1回 最大7回 回数ログインボーナスをプレゼント！*
`聖晶石 X 1
`_2024-03-29 19:30:22_
--------
*d7d817068dd79c14d5fa0fc2d8de9d8c*
`登陆天数: 24天 / 1383天
等级: 140
石头: 5
呼符: 0
体力: 213.50666666666666 / 140
友情点: 30 / 5747225`
*連続ログイン3日目
※ログインが途切れるか、7日到達すると
1日目から再開されます*
`叡智の業火 X 1
3月交換券(2024) X 1
`*Fate/Grand Order 春の新米マスター応援キャンペーン2024！
開催記念 初回ログインボーナス*
*開催期間中、初回ログインで「呼符×1」をプレゼント！*
`呼符 X 1
`_2024-03-29 19:30:31_
--------
