【登录信息】
*fb01c381ae259b6016f634d837caf832*
`登陆天数: 837天 / 1461天
等级: 163
石头: 16
呼符: 3
体力: 36.510000000000005 / 145
友情点: 270 / 134831065`
*連続ログイン4日目
※ログインが途切れるか、7日到達すると
1日目から再開されます*
`聖晶石 X 1
3月交換券(2024) X 1
`*Fate/Grand Order 春の新米マスター応援キャンペーン2024！
特別ログインボーナス*
*開催期間中、1日1回 最大7回 回数ログインボーナスをプレゼント！*
`聖晶石 X 1
`_2024-03-30 19:30:41_
--------
*d7d817068dd79c14d5fa0fc2d8de9d8c*
`登陆天数: 25天 / 1384天
等级: 140
石头: 5
呼符: 0
体力: 501.5733333333333 / 140
友情点: 20 / 5747245`
*連続ログイン4日目
※ログインが途切れるか、7日到達すると
1日目から再開されます*
`聖晶石 X 1
3月交換券(2024) X 1
`*Fate/Grand Order 春の新米マスター応援キャンペーン2024！
特別ログインボーナス*
*開催期間中、1日1回 最大7回 回数ログインボーナスをプレゼント！*
`聖晶石 X 1
`_2024-03-30 19:30:51_
--------
